[0.029s] Invoking command in '/root/tracer_control_ws/build/tracer_base': AMENT_PREFIX_PATH=/root/tracer_control_ws/install/tracer_msgs:${AMENT_PREFIX_PATH} CMAKE_PREFIX_PATH=/root/tracer_control_ws/install/ugv_sdk:/root/tracer_control_ws/install/tracer_msgs LD_LIBRARY_PATH=/root/tracer_control_ws/install/tracer_msgs/lib:/opt/ros/humble/opt/rviz_ogre_vendor/lib:/opt/ros/humble/lib/aarch64-linux-gnu:/opt/ros/humble/lib:/usr/local/cuda/lib64 PKG_CONFIG_PATH=/root/tracer_control_ws/install/ugv_sdk/lib/aarch64-linux-gnu/pkgconfig:/root/tracer_control_ws/install/ugv_sdk/lib/pkgconfig PYTHONPATH=/root/tracer_control_ws/install/tracer_msgs/local/lib/python3.10/dist-packages:${PYTHONPATH} ROS_PACKAGE_PATH=/root/tracer_control_ws/install/ugv_sdk/share /usr/bin/cmake --build /root/tracer_control_ws/build/tracer_base -- -j12 -l12
[0.144s] [35m[1mConsolidate compiler generated dependencies of target tracer_messenger[0m
[0.215s] [ 50%] Built target tracer_messenger
[0.247s] [35m[1mConsolidate compiler generated dependencies of target tracer_base_node[0m
[0.316s] [ 75%] [32mBuilding CXX object CMakeFiles/tracer_base_node.dir/src/tracer_base_node.cpp.o[0m
[11.076s] [100%] [32m[1mLinking CXX executable tracer_base_node[0m
[12.614s] /usr/bin/ld: CMakeFiles/tracer_base_node.dir/src/tracer_base_node.cpp.o: in function `westonrobot::ProtocolV2Parser::ProtocolV2Parser()':
[12.615s] tracer_base_node.cpp:(.text._ZN11westonrobot16ProtocolV2ParserC2Ev[_ZN11westonrobot16ProtocolV2ParserC5Ev]+0x14): undefined reference to `vtable for westonrobot::ProtocolV2Parser'
[12.615s] /usr/bin/ld: tracer_base_node.cpp:(.text._ZN11westonrobot16ProtocolV2ParserC2Ev[_ZN11westonrobot16ProtocolV2ParserC5Ev]+0x18): undefined reference to `vtable for westonrobot::ProtocolV2Parser'
[12.616s] /usr/bin/ld: CMakeFiles/tracer_base_node.dir/src/tracer_base_node.cpp.o: in function `westonrobot::ProtocolV2Parser::~ProtocolV2Parser()':
[12.616s] tracer_base_node.cpp:(.text._ZN11westonrobot16ProtocolV2ParserD2Ev[_ZN11westonrobot16ProtocolV2ParserD5Ev]+0xc): undefined reference to `vtable for westonrobot::ProtocolV2Parser'
[12.616s] /usr/bin/ld: tracer_base_node.cpp:(.text._ZN11westonrobot16ProtocolV2ParserD2Ev[_ZN11westonrobot16ProtocolV2ParserD5Ev]+0x10): undefined reference to `vtable for westonrobot::ProtocolV2Parser'
[12.616s] /usr/bin/ld: CMakeFiles/tracer_base_node.dir/src/tracer_base_node.cpp.o: in function `westonrobot::AgilexBase<westonrobot::ProtocolV2Parser>::SendMotionCommand(double, double, double, double)':
[12.616s] tracer_base_node.cpp:(.text._ZN11westonrobot10AgilexBaseINS_16ProtocolV2ParserEE17SendMotionCommandEdddd[_ZN11westonrobot10AgilexBaseINS_16ProtocolV2ParserEE17SendMotionCommandEdddd]+0x5c): undefined reference to `westonrobot::AsyncCAN::IsOpened() const'
[12.617s] /usr/bin/ld: tracer_base_node.cpp:(.text._ZN11westonrobot10AgilexBaseINS_16ProtocolV2ParserEE17SendMotionCommandEdddd[_ZN11westonrobot10AgilexBaseINS_16ProtocolV2ParserEE17SendMotionCommandEdddd]+0x16c): undefined reference to `westonrobot::ProtocolV2Parser::EncodeMessage(AgxMessage const*, can_frame*)'
[12.617s] /usr/bin/ld: tracer_base_node.cpp:(.text._ZN11westonrobot10AgilexBaseINS_16ProtocolV2ParserEE17SendMotionCommandEdddd[_ZN11westonrobot10AgilexBaseINS_16ProtocolV2ParserEE17SendMotionCommandEdddd]+0x198): undefined reference to `westonrobot::AsyncCAN::SendFrame(can_frame const&)'
[12.617s] /usr/bin/ld: CMakeFiles/tracer_base_node.dir/src/tracer_base_node.cpp.o: in function `westonrobot::AgilexBase<westonrobot::ProtocolV2Parser>::SendLightCommand(AgxLightMode, unsigned char, AgxLightMode, unsigned char)':
[12.617s] tracer_base_node.cpp:(.text._ZN11westonrobot10AgilexBaseINS_16ProtocolV2ParserEE16SendLightCommandE12AgxLightModehS3_h[_ZN11westonrobot10AgilexBaseINS_16ProtocolV2ParserEE16SendLightCommandE12AgxLightModehS3_h]+0x58): undefined reference to `westonrobot::AsyncCAN::IsOpened() const'
[12.617s] /usr/bin/ld: tracer_base_node.cpp:(.text._ZN11westonrobot10AgilexBaseINS_16ProtocolV2ParserEE16SendLightCommandE12AgxLightModehS3_h[_ZN11westonrobot10AgilexBaseINS_16ProtocolV2ParserEE16SendLightCommandE12AgxLightModehS3_h]+0xbc): undefined reference to `westonrobot::ProtocolV2Parser::EncodeMessage(AgxMessage const*, can_frame*)'
[12.617s] /usr/bin/ld: tracer_base_node.cpp:(.text._ZN11westonrobot10AgilexBaseINS_16ProtocolV2ParserEE16SendLightCommandE12AgxLightModehS3_h[_ZN11westonrobot10AgilexBaseINS_16ProtocolV2ParserEE16SendLightCommandE12AgxLightModehS3_h]+0xe8): undefined reference to `westonrobot::AsyncCAN::SendFrame(can_frame const&)'
[12.617s] /usr/bin/ld: CMakeFiles/tracer_base_node.dir/src/tracer_base_node.cpp.o: in function `westonrobot::AgilexBase<westonrobot::ProtocolV2Parser>::DisableLightControl()':
[12.618s] tracer_base_node.cpp:(.text._ZN11westonrobot10AgilexBaseINS_16ProtocolV2ParserEE19DisableLightControlEv[_ZN11westonrobot10AgilexBaseINS_16ProtocolV2ParserEE19DisableLightControlEv]+0x48): undefined reference to `westonrobot::AsyncCAN::IsOpened() const'
[12.618s] /usr/bin/ld: tracer_base_node.cpp:(.text._ZN11westonrobot10AgilexBaseINS_16ProtocolV2ParserEE19DisableLightControlEv[_ZN11westonrobot10AgilexBaseINS_16ProtocolV2ParserEE19DisableLightControlEv]+0x88): undefined reference to `westonrobot::ProtocolV2Parser::EncodeMessage(AgxMessage const*, can_frame*)'
[12.618s] /usr/bin/ld: tracer_base_node.cpp:(.text._ZN11westonrobot10AgilexBaseINS_16ProtocolV2ParserEE19DisableLightControlEv[_ZN11westonrobot10AgilexBaseINS_16ProtocolV2ParserEE19DisableLightControlEv]+0xb4): undefined reference to `westonrobot::AsyncCAN::SendFrame(can_frame const&)'
[12.618s] /usr/bin/ld: CMakeFiles/tracer_base_node.dir/src/tracer_base_node.cpp.o: in function `westonrobot::AgilexBase<westonrobot::ProtocolV2Parser>::EnableCommandedMode()':
[12.618s] tracer_base_node.cpp:(.text._ZN11westonrobot10AgilexBaseINS_16ProtocolV2ParserEE19EnableCommandedModeEv[_ZN11westonrobot10AgilexBaseINS_16ProtocolV2ParserEE19EnableCommandedModeEv]+0x58): undefined reference to `westonrobot::AsyncCAN::IsOpened() const'
[12.618s] /usr/bin/ld: tracer_base_node.cpp:(.text._ZN11westonrobot10AgilexBaseINS_16ProtocolV2ParserEE19EnableCommandedModeEv[_ZN11westonrobot10AgilexBaseINS_16ProtocolV2ParserEE19EnableCommandedModeEv]+0x8c): undefined reference to `westonrobot::ProtocolV2Parser::EncodeMessage(AgxMessage const*, can_frame*)'
[12.618s] /usr/bin/ld: tracer_base_node.cpp:(.text._ZN11westonrobot10AgilexBaseINS_16ProtocolV2ParserEE19EnableCommandedModeEv[_ZN11westonrobot10AgilexBaseINS_16ProtocolV2ParserEE19EnableCommandedModeEv]+0xb8): undefined reference to `westonrobot::AsyncCAN::SendFrame(can_frame const&)'
[12.619s] /usr/bin/ld: CMakeFiles/tracer_base_node.dir/src/tracer_base_node.cpp.o: in function `westonrobot::AgilexBase<westonrobot::ProtocolV2Parser>::DisconnectPort()':
[12.619s] tracer_base_node.cpp:(.text._ZN11westonrobot10AgilexBaseINS_16ProtocolV2ParserEE14DisconnectPortEv[_ZN11westonrobot10AgilexBaseINS_16ProtocolV2ParserEE14DisconnectPortEv]+0x34): undefined reference to `westonrobot::AsyncCAN::IsOpened() const'
[12.619s] /usr/bin/ld: tracer_base_node.cpp:(.text._ZN11westonrobot10AgilexBaseINS_16ProtocolV2ParserEE14DisconnectPortEv[_ZN11westonrobot10AgilexBaseINS_16ProtocolV2ParserEE14DisconnectPortEv]+0x64): undefined reference to `westonrobot::AsyncCAN::Close()'
[12.619s] /usr/bin/ld: CMakeFiles/tracer_base_node.dir/src/tracer_base_node.cpp.o: in function `westonrobot::AgilexBase<westonrobot::ProtocolV2Parser>::ConnectPort(std::__cxx11::basic_string<char, std::char_traits<char>, std::allocator<char> >, std::function<void (can_frame*)>)':
[12.619s] tracer_base_node.cpp:(.text._ZN11westonrobot10AgilexBaseINS_16ProtocolV2ParserEE11ConnectPortENSt7__cxx1112basic_stringIcSt11char_traitsIcESaIcEEESt8functionIFvP9can_frameEE[_ZN11westonrobot10AgilexBaseINS_16ProtocolV2ParserEE11ConnectPortENSt7__cxx1112basic_stringIcSt11char_traitsIcESaIcEEESt8functionIFvP9can_frameEE]+0x94): undefined reference to `westonrobot::AsyncCAN::Open()'
[12.619s] /usr/bin/ld: CMakeFiles/tracer_base_node.dir/src/tracer_base_node.cpp.o: in function `westonrobot::AgilexBase<westonrobot::ProtocolV2Parser>::ParseCANFrame(can_frame*)':
[12.620s] tracer_base_node.cpp:(.text._ZN11westonrobot10AgilexBaseINS_16ProtocolV2ParserEE13ParseCANFrameEP9can_frame[_ZN11westonrobot10AgilexBaseINS_16ProtocolV2ParserEE13ParseCANFrameEP9can_frame]+0x38): undefined reference to `westonrobot::ProtocolV2Parser::DecodeMessage(can_frame const*, AgxMessage*)'
[12.620s] /usr/bin/ld: CMakeFiles/tracer_base_node.dir/src/tracer_base_node.cpp.o: in function `void __gnu_cxx::new_allocator<westonrobot::AsyncCAN>::construct<westonrobot::AsyncCAN, std::__cxx11::basic_string<char, std::char_traits<char>, std::allocator<char> >&>(westonrobot::AsyncCAN*, std::__cxx11::basic_string<char, std::char_traits<char>, std::allocator<char> >&)':
[12.620s] tracer_base_node.cpp:(.text._ZN9__gnu_cxx13new_allocatorIN11westonrobot8AsyncCANEE9constructIS2_JRNSt7__cxx1112basic_stringIcSt11char_traitsIcESaIcEEEEEEvPT_DpOT0_[_ZN9__gnu_cxx13new_allocatorIN11westonrobot8AsyncCANEE9constructIS2_JRNSt7__cxx1112basic_stringIcSt11char_traitsIcESaIcEEEEEEvPT_DpOT0_]+0x64): undefined reference to `westonrobot::AsyncCAN::AsyncCAN(std::__cxx11::basic_string<char, std::char_traits<char>, std::allocator<char> >)'
[12.620s] /usr/bin/ld: CMakeFiles/tracer_base_node.dir/src/tracer_base_node.cpp.o: in function `westonrobot::AgilexBase<westonrobot::ProtocolV2Parser>::RequestVersion[abi:cxx11](int)':
[12.621s] tracer_base_node.cpp:(.text._ZN11westonrobot10AgilexBaseINS_16ProtocolV2ParserEE14RequestVersionB5cxx11Ei[_ZN11westonrobot10AgilexBaseINS_16ProtocolV2ParserEE14RequestVersionB5cxx11Ei]+0x6c): undefined reference to `westonrobot::AsyncCAN::SendFrame(can_frame const&)'
[12.621s] /usr/bin/ld: CMakeFiles/tracer_base_node.dir/src/tracer_base_node.cpp.o: in function `void __gnu_cxx::new_allocator<westonrobot::AsyncCAN>::destroy<westonrobot::AsyncCAN>(westonrobot::AsyncCAN*)':
[12.621s] tracer_base_node.cpp:(.text._ZN9__gnu_cxx13new_allocatorIN11westonrobot8AsyncCANEE7destroyIS2_EEvPT_[_ZN9__gnu_cxx13new_allocatorIN11westonrobot8AsyncCANEE7destroyIS2_EEvPT_]+0x14): undefined reference to `westonrobot::AsyncCAN::~AsyncCAN()'
[12.827s] collect2: error: ld returned 1 exit status
[12.833s] gmake[2]: *** [CMakeFiles/tracer_base_node.dir/build.make:223: tracer_base_node] Error 1
[12.834s] gmake[1]: *** [CMakeFiles/Makefile2:165: CMakeFiles/tracer_base_node.dir/all] Error 2
[12.834s] gmake: *** [Makefile:146: all] Error 2
[12.840s] Invoked command in '/root/tracer_control_ws/build/tracer_base' returned '2': AMENT_PREFIX_PATH=/root/tracer_control_ws/install/tracer_msgs:${AMENT_PREFIX_PATH} CMAKE_PREFIX_PATH=/root/tracer_control_ws/install/ugv_sdk:/root/tracer_control_ws/install/tracer_msgs LD_LIBRARY_PATH=/root/tracer_control_ws/install/tracer_msgs/lib:/opt/ros/humble/opt/rviz_ogre_vendor/lib:/opt/ros/humble/lib/aarch64-linux-gnu:/opt/ros/humble/lib:/usr/local/cuda/lib64 PKG_CONFIG_PATH=/root/tracer_control_ws/install/ugv_sdk/lib/aarch64-linux-gnu/pkgconfig:/root/tracer_control_ws/install/ugv_sdk/lib/pkgconfig PYTHONPATH=/root/tracer_control_ws/install/tracer_msgs/local/lib/python3.10/dist-packages:${PYTHONPATH} ROS_PACKAGE_PATH=/root/tracer_control_ws/install/ugv_sdk/share /usr/bin/cmake --build /root/tracer_control_ws/build/tracer_base -- -j12 -l12
