[0.036s] Invoking command in '/root/tracer_control_ws/build/tracer_base': CMAKE_PREFIX_PATH=/opt/ros/humble:/root/tracer_control_ws/install/ugv_sdk:/root/tracer_control_ws/install/tracer_msgs:/root/tracer_control_ws/install/tracer_base LD_LIBRARY_PATH=/root/tracer_control_ws/install/tracer_msgs/lib:/root/tracer_control_ws/install/tracer_base/lib:/opt/ros/humble/opt/rviz_ogre_vendor/lib:/opt/ros/humble/lib/aarch64-linux-gnu:/opt/ros/humble/lib:/usr/local/cuda/lib64 /usr/bin/cmake --build /root/tracer_control_ws/build/tracer_base -- -j12 -l12
[0.149s] [35m[1mConsolidate compiler generated dependencies of target tracer_messenger[0m
[0.212s] [ 25%] [32mBuilding CXX object CMakeFiles/tracer_messenger.dir/src/tracer_messenger.cpp.o[0m
[8.779s] [01m[K/root/tracer_control_ws/src/tracer_ros/tracer_base/src/tracer_messenger.cpp:[m[K In member function â€˜[01m[Kvoid westonrobot::TracerROSMessenger::TwistCmdCallback(geometry_msgs::msg::Twist_<std::allocator<void> >::SharedPtr)[m[Kâ€™:
[8.780s] [01m[K/root/tracer_control_ws/src/tracer_ros/tracer_base/src/tracer_messenger.cpp:68:38:[m[K [01;31m[Kerror: [m[Kno matching function for call to â€˜[01m[Kwestonrobot::TracerBaseV2::Connect()[m[Kâ€™
[8.780s]    68 |     if (!tracer_ || ![01;31m[Ktracer_->Connect()[m[K) {
[8.780s]       |                      [01;31m[K~~~~~~~~~~~~~~~~^~[m[K
[8.780s] In file included from [01m[K/root/tracer_control_ws/install/ugv_sdk/include/ugv_sdk/mobile_robot/tracer_robot.hpp:13[m[K,
[8.781s]                  from [01m[K/root/tracer_control_ws/src/tracer_ros/tracer_base/include/tracer_base/tracer_messenger.hpp:17[m[K,
[8.781s]                  from [01m[K/root/tracer_control_ws/src/tracer_ros/tracer_base/src/tracer_messenger.cpp:1[m[K:
[8.781s] [01m[K/root/tracer_control_ws/install/ugv_sdk/include/ugv_sdk/details/robot_base/tracer_base.hpp:31:8:[m[K [01;36m[Knote: [m[Kcandidate: â€˜[01m[Kvirtual bool westonrobot::TracerBaseV2::Connect(std::string)[m[Kâ€™
[8.781s]    31 |   bool [01;36m[KConnect[m[K(std::string can_name) override {
[8.782s]       |        [01;36m[K^~~~~~~[m[K
[8.782s] [01m[K/root/tracer_control_ws/install/ugv_sdk/include/ugv_sdk/details/robot_base/tracer_base.hpp:31:8:[m[K [01;36m[Knote: [m[K  candidate expects 1 argument, 0 provided
[8.783s] [01m[K/root/tracer_control_ws/src/tracer_ros/tracer_base/src/tracer_messenger.cpp:[m[K In member function â€˜[01m[Kvoid westonrobot::TracerROSMessenger::LightCmdCallback(tracer_msgs::msg::TracerLightCmd_<std::allocator<void> >::SharedPtr)[m[Kâ€™:
[8.783s] [01m[K/root/tracer_control_ws/src/tracer_ros/tracer_base/src/tracer_messenger.cpp:102:38:[m[K [01;31m[Kerror: [m[Kno matching function for call to â€˜[01m[Kwestonrobot::TracerBaseV2::Connect()[m[Kâ€™
[8.783s]   102 |     if (!tracer_ || ![01;31m[Ktracer_->Connect()[m[K) {
[8.783s]       |                      [01;31m[K~~~~~~~~~~~~~~~~^~[m[K
[8.783s] In file included from [01m[K/root/tracer_control_ws/install/ugv_sdk/include/ugv_sdk/mobile_robot/tracer_robot.hpp:13[m[K,
[8.784s]                  from [01m[K/root/tracer_control_ws/src/tracer_ros/tracer_base/include/tracer_base/tracer_messenger.hpp:17[m[K,
[8.784s]                  from [01m[K/root/tracer_control_ws/src/tracer_ros/tracer_base/src/tracer_messenger.cpp:1[m[K:
[8.784s] [01m[K/root/tracer_control_ws/install/ugv_sdk/include/ugv_sdk/details/robot_base/tracer_base.hpp:31:8:[m[K [01;36m[Knote: [m[Kcandidate: â€˜[01m[Kvirtual bool westonrobot::TracerBaseV2::Connect(std::string)[m[Kâ€™
[8.784s]    31 |   bool [01;36m[KConnect[m[K(std::string can_name) override {
[8.784s]       |        [01;36m[K^~~~~~~[m[K
[8.784s] [01m[K/root/tracer_control_ws/install/ugv_sdk/include/ugv_sdk/details/robot_base/tracer_base.hpp:31:8:[m[K [01;36m[Knote: [m[K  candidate expects 1 argument, 0 provided
[8.790s] [01m[K/root/tracer_control_ws/src/tracer_ros/tracer_base/src/tracer_messenger.cpp:[m[K In member function â€˜[01m[Kvoid westonrobot::TracerROSMessenger::PublishStateToROS()[m[Kâ€™:
[8.790s] [01m[K/root/tracer_control_ws/src/tracer_ros/tracer_base/src/tracer_messenger.cpp:138:26:[m[K [01;31m[Kerror: [m[Kno matching function for call to â€˜[01m[Kwestonrobot::TracerBaseV2::Connect()[m[Kâ€™
[8.791s]   138 |     if (![01;31m[Ktracer_->Connect()[m[K) {
[8.791s]       |          [01;31m[K~~~~~~~~~~~~~~~~^~[m[K
[8.791s] In file included from [01m[K/root/tracer_control_ws/install/ugv_sdk/include/ugv_sdk/mobile_robot/tracer_robot.hpp:13[m[K,
[8.792s]                  from [01m[K/root/tracer_control_ws/src/tracer_ros/tracer_base/include/tracer_base/tracer_messenger.hpp:17[m[K,
[8.792s]                  from [01m[K/root/tracer_control_ws/src/tracer_ros/tracer_base/src/tracer_messenger.cpp:1[m[K:
[8.792s] [01m[K/root/tracer_control_ws/install/ugv_sdk/include/ugv_sdk/details/robot_base/tracer_base.hpp:31:8:[m[K [01;36m[Knote: [m[Kcandidate: â€˜[01m[Kvirtual bool westonrobot::TracerBaseV2::Connect(std::string)[m[Kâ€™
[8.792s]    31 |   bool [01;36m[KConnect[m[K(std::string can_name) override {
[8.792s]       |        [01;36m[K^~~~~~~[m[K
[8.793s] [01m[K/root/tracer_control_ws/install/ugv_sdk/include/ugv_sdk/details/robot_base/tracer_base.hpp:31:8:[m[K [01;36m[Knote: [m[K  candidate expects 1 argument, 0 provided
[17.774s] gmake[2]: *** [CMakeFiles/tracer_messenger.dir/build.make:76: CMakeFiles/tracer_messenger.dir/src/tracer_messenger.cpp.o] Error 1
[17.774s] gmake[1]: *** [CMakeFiles/Makefile2:139: CMakeFiles/tracer_messenger.dir/all] Error 2
[17.774s] gmake: *** [Makefile:146: all] Error 2
[17.782s] Invoked command in '/root/tracer_control_ws/build/tracer_base' returned '2': CMAKE_PREFIX_PATH=/opt/ros/humble:/root/tracer_control_ws/install/ugv_sdk:/root/tracer_control_ws/install/tracer_msgs:/root/tracer_control_ws/install/tracer_base LD_LIBRARY_PATH=/root/tracer_control_ws/install/tracer_msgs/lib:/root/tracer_control_ws/install/tracer_base/lib:/opt/ros/humble/opt/rviz_ogre_vendor/lib:/opt/ros/humble/lib/aarch64-linux-gnu:/opt/ros/humble/lib:/usr/local/cuda/lib64 /usr/bin/cmake --build /root/tracer_control_ws/build/tracer_base -- -j12 -l12
