[35m[1mConsolidate compiler generated dependencies of target tracer_messenger[0m
[ 25%] [32mBuilding CXX object CMakeFiles/tracer_messenger.dir/src/tracer_messenger.cpp.o[0m
[01m[K/root/tracer_control_ws/src/tracer_ros/tracer_base/src/tracer_messenger.cpp:[m[K In member function â€˜[01m[Kvoid westonrobot::TracerROSMessenger::TwistCmdCallback(geometry_msgs::msg::Twist_<std::allocator<void> >::SharedPtr)[m[Kâ€™:
[01m[K/root/tracer_control_ws/src/tracer_ros/tracer_base/src/tracer_messenger.cpp:68:38:[m[K [01;31m[Kerror: [m[Kno matching function for call to â€˜[01m[Kwestonrobot::TracerBaseV2::Connect()[m[Kâ€™
   68 |     if (!tracer_ || ![01;31m[Ktracer_->Connect()[m[K) {
      |                      [01;31m[K~~~~~~~~~~~~~~~~^~[m[K
In file included from [01m[K/root/tracer_control_ws/install/ugv_sdk/include/ugv_sdk/mobile_robot/tracer_robot.hpp:13[m[K,
                 from [01m[K/root/tracer_control_ws/src/tracer_ros/tracer_base/include/tracer_base/tracer_messenger.hpp:17[m[K,
                 from [01m[K/root/tracer_control_ws/src/tracer_ros/tracer_base/src/tracer_messenger.cpp:1[m[K:
[01m[K/root/tracer_control_ws/install/ugv_sdk/include/ugv_sdk/details/robot_base/tracer_base.hpp:31:8:[m[K [01;36m[Knote: [m[Kcandidate: â€˜[01m[Kvirtual bool westonrobot::TracerBaseV2::Connect(std::string)[m[Kâ€™
   31 |   bool [01;36m[KConnect[m[K(std::string can_name) override {
      |        [01;36m[K^~~~~~~[m[K
[01m[K/root/tracer_control_ws/install/ugv_sdk/include/ugv_sdk/details/robot_base/tracer_base.hpp:31:8:[m[K [01;36m[Knote: [m[K  candidate expects 1 argument, 0 provided
[01m[K/root/tracer_control_ws/src/tracer_ros/tracer_base/src/tracer_messenger.cpp:[m[K In member function â€˜[01m[Kvoid westonrobot::TracerROSMessenger::LightCmdCallback(tracer_msgs::msg::TracerLightCmd_<std::allocator<void> >::SharedPtr)[m[Kâ€™:
[01m[K/root/tracer_control_ws/src/tracer_ros/tracer_base/src/tracer_messenger.cpp:102:38:[m[K [01;31m[Kerror: [m[Kno matching function for call to â€˜[01m[Kwestonrobot::TracerBaseV2::Connect()[m[Kâ€™
  102 |     if (!tracer_ || ![01;31m[Ktracer_->Connect()[m[K) {
      |                      [01;31m[K~~~~~~~~~~~~~~~~^~[m[K
In file included from [01m[K/root/tracer_control_ws/install/ugv_sdk/include/ugv_sdk/mobile_robot/tracer_robot.hpp:13[m[K,
                 from [01m[K/root/tracer_control_ws/src/tracer_ros/tracer_base/include/tracer_base/tracer_messenger.hpp:17[m[K,
                 from [01m[K/root/tracer_control_ws/src/tracer_ros/tracer_base/src/tracer_messenger.cpp:1[m[K:
[01m[K/root/tracer_control_ws/install/ugv_sdk/include/ugv_sdk/details/robot_base/tracer_base.hpp:31:8:[m[K [01;36m[Knote: [m[Kcandidate: â€˜[01m[Kvirtual bool westonrobot::TracerBaseV2::Connect(std::string)[m[Kâ€™
   31 |   bool [01;36m[KConnect[m[K(std::string can_name) override {
      |        [01;36m[K^~~~~~~[m[K
[01m[K/root/tracer_control_ws/install/ugv_sdk/include/ugv_sdk/details/robot_base/tracer_base.hpp:31:8:[m[K [01;36m[Knote: [m[K  candidate expects 1 argument, 0 provided
[01m[K/root/tracer_control_ws/src/tracer_ros/tracer_base/src/tracer_messenger.cpp:[m[K In member function â€˜[01m[Kvoid westonrobot::TracerROSMessenger::PublishStateToROS()[m[Kâ€™:
[01m[K/root/tracer_control_ws/src/tracer_ros/tracer_base/src/tracer_messenger.cpp:138:19:[m[K [01;31m[Kerror: [m[Kâ€˜[01m[Kusing element_type = class westonrobot::TracerBaseV2[m[Kâ€™ {aka â€˜[01m[Kclass westonrobot::TracerBaseV2[m[Kâ€™} has no member named â€˜[01m[KIsConnected[m[Kâ€™; did you mean â€˜[01m[KConnect[m[Kâ€™?
  138 |     if (!tracer_->[01;31m[KIsConnected[m[K()) {
      |                   [01;31m[K^~~~~~~~~~~[m[K
      |                   [32m[KConnect[m[K
gmake[2]: *** [CMakeFiles/tracer_messenger.dir/build.make:76: CMakeFiles/tracer_messenger.dir/src/tracer_messenger.cpp.o] Error 1
gmake[1]: *** [CMakeFiles/Makefile2:139: CMakeFiles/tracer_messenger.dir/all] Error 2
gmake: *** [Makefile:146: all] Error 2
