[0.030s] Invoking command in '/root/tracer_control_ws/build/tracer_base': CMAKE_PREFIX_PATH=/opt/ros/humble:/root/tracer_control_ws/install/ugv_sdk:/root/tracer_control_ws/install/tracer_msgs:/root/tracer_control_ws/install/tracer_base LD_LIBRARY_PATH=/root/tracer_control_ws/install/tracer_msgs/lib:/root/tracer_control_ws/install/tracer_base/lib:/opt/ros/humble/opt/rviz_ogre_vendor/lib:/opt/ros/humble/lib/aarch64-linux-gnu:/opt/ros/humble/lib:/usr/local/cuda/lib64 /usr/bin/cmake /root/tracer_control_ws/src/tracer_ros/tracer_base -DAMENT_CMAKE_SYMLINK_INSTALL=1 -DCMAKE_INSTALL_PREFIX=/root/tracer_control_ws/install/tracer_base
[0.179s] -- The C compiler identification is GNU 11.4.0
[0.313s] -- The CXX compiler identification is GNU 11.4.0
[0.333s] -- Detecting C compiler ABI info
[0.508s] -- Detecting C compiler ABI info - done
[0.522s] -- Check for working C compiler: /usr/bin/cc - skipped
[0.523s] -- Detecting C compile features
[0.524s] -- Detecting C compile features - done
[0.531s] -- Detecting CXX compiler ABI info
[0.746s] -- Detecting CXX compiler ABI info - done
[0.771s] -- Check for working CXX compiler: /usr/bin/c++ - skipped
[0.772s] -- Detecting CXX compile features
[0.774s] -- Detecting CXX compile features - done
[0.787s] -- Found ament_cmake: 1.3.11 (/opt/ros/humble/share/ament_cmake/cmake)
[1.216s] -- Found Python3: /usr/bin/python3 (found version "3.10.12") found components: Interpreter 
[1.421s] -- Override CMake install command with custom implementation using symlinks instead of copying resources
[1.526s] -- Found rclcpp: 16.0.12 (/opt/ros/humble/share/rclcpp/cmake)
[1.654s] -- Found rosidl_generator_c: 3.1.6 (/opt/ros/humble/share/rosidl_generator_c/cmake)
[1.667s] -- Found rosidl_adapter: 3.1.6 (/opt/ros/humble/share/rosidl_adapter/cmake)
[1.687s] -- Found rosidl_generator_cpp: 3.1.6 (/opt/ros/humble/share/rosidl_generator_cpp/cmake)
[1.715s] -- Using all available rosidl_typesupport_c: rosidl_typesupport_fastrtps_c;rosidl_typesupport_introspection_c
[1.753s] -- Using all available rosidl_typesupport_cpp: rosidl_typesupport_fastrtps_cpp;rosidl_typesupport_introspection_cpp
[1.853s] -- Found rmw_implementation_cmake: 6.1.2 (/opt/ros/humble/share/rmw_implementation_cmake/cmake)
[1.859s] -- Found rmw_fastrtps_cpp: 6.2.7 (/opt/ros/humble/share/rmw_fastrtps_cpp/cmake)
[2.106s] -- Found OpenSSL: /usr/lib/aarch64-linux-gnu/libcrypto.so (found version "3.0.2")  
[2.192s] -- Found FastRTPS: /opt/ros/humble/include  
[2.317s] -- Using RMW implementation 'rmw_fastrtps_cpp' as default
[2.343s] -- Looking for pthread.h
[2.514s] -- Looking for pthread.h - found
[2.515s] -- Performing Test CMAKE_HAVE_LIBC_PTHREAD
[2.709s] -- Performing Test CMAKE_HAVE_LIBC_PTHREAD - Success
[2.709s] -- Found Threads: TRUE  
[2.844s] -- Found sensor_msgs: 4.8.0 (/opt/ros/humble/share/sensor_msgs/cmake)
[2.914s] -- Found tf2: 0.25.12 (/opt/ros/humble/share/tf2/cmake)
[2.947s] -- Found tf2_ros: 0.25.12 (/opt/ros/humble/share/tf2_ros/cmake)
[3.145s] -- Found tf2_geometry_msgs: 0.25.12 (/opt/ros/humble/share/tf2_geometry_msgs/cmake)
[3.188s] -- Found eigen3_cmake_module: 0.1.1 (/opt/ros/humble/share/eigen3_cmake_module/cmake)
[3.191s] -- Found Eigen3: TRUE (found version "3.4.0") 
[3.191s] -- Ensuring Eigen3 include directory is part of orocos-kdl CMake target
[3.199s] -- Found tracer_msgs: 0.3.3 (/root/tracer_control_ws/install/tracer_msgs/share/tracer_msgs/cmake)
[3.231s] -- Found nav_msgs: 4.8.0 (/opt/ros/humble/share/nav_msgs/cmake)
[3.277s] [33mCMake Warning at CMakeLists.txt:43 (message):
[3.277s]   libsocketcan not found - CAN support may be limited
[3.277s] 
[3.277s] [0m
[3.278s] [33mCMake Warning at CMakeLists.txt:51 (message):
[3.278s]   libpcan not found - PCAN support disabled
[3.278s] 
[3.278s] [0m
[5.679s] [33mCMake Warning at CMakeLists.txt:161 (message):
[5.679s]   config directory not found, skipping
[5.679s] 
[5.679s] [0m
[5.683s] -- Found ament_lint_auto: 0.12.12 (/opt/ros/humble/share/ament_lint_auto/cmake)
[5.911s] -- Added test 'copyright' to check source files copyright and LICENSE
[5.915s] -- Added test 'cppcheck' to perform static code analysis on C / C++ code
[5.921s] -- Configured cppcheck include dirs: /root/tracer_control_ws/src/tracer_ros/tracer_base/include
[5.921s] -- Configured cppcheck exclude dirs and/or files: 
[5.924s] -- Added test 'cpplint' to check C / C++ code against the Google style
[5.925s] -- Configured cpplint exclude dirs and/or files: 
[5.926s] -- Added test 'lint_cmake' to check CMake code style
[5.929s] -- Added test 'uncrustify' to check C / C++ code style
[5.929s] -- Configured uncrustify additional arguments: 
[5.930s] -- Added test 'xmllint' to check XML markup files
[5.939s] -- Configuring done
[7.238s] -- Generating done
[7.309s] -- Build files have been written to: /root/tracer_control_ws/build/tracer_base
[7.352s] Invoked command in '/root/tracer_control_ws/build/tracer_base' returned '0': CMAKE_PREFIX_PATH=/opt/ros/humble:/root/tracer_control_ws/install/ugv_sdk:/root/tracer_control_ws/install/tracer_msgs:/root/tracer_control_ws/install/tracer_base LD_LIBRARY_PATH=/root/tracer_control_ws/install/tracer_msgs/lib:/root/tracer_control_ws/install/tracer_base/lib:/opt/ros/humble/opt/rviz_ogre_vendor/lib:/opt/ros/humble/lib/aarch64-linux-gnu:/opt/ros/humble/lib:/usr/local/cuda/lib64 /usr/bin/cmake /root/tracer_control_ws/src/tracer_ros/tracer_base -DAMENT_CMAKE_SYMLINK_INSTALL=1 -DCMAKE_INSTALL_PREFIX=/root/tracer_control_ws/install/tracer_base
[7.361s] Invoking command in '/root/tracer_control_ws/build/tracer_base': CMAKE_PREFIX_PATH=/opt/ros/humble:/root/tracer_control_ws/install/ugv_sdk:/root/tracer_control_ws/install/tracer_msgs:/root/tracer_control_ws/install/tracer_base LD_LIBRARY_PATH=/root/tracer_control_ws/install/tracer_msgs/lib:/root/tracer_control_ws/install/tracer_base/lib:/opt/ros/humble/opt/rviz_ogre_vendor/lib:/opt/ros/humble/lib/aarch64-linux-gnu:/opt/ros/humble/lib:/usr/local/cuda/lib64 /usr/bin/cmake --build /root/tracer_control_ws/build/tracer_base -- -j12 -l12
[7.500s] [ 25%] [32mBuilding CXX object CMakeFiles/tracer_messenger.dir/src/tracer_messenger.cpp.o[0m
[16.655s] [01m[K/root/tracer_control_ws/src/tracer_ros/tracer_base/src/tracer_messenger.cpp:[m[K In constructor â€˜[01m[Kwestonrobot::TracerROSMessenger::TracerROSMessenger()[m[Kâ€™:
[16.655s] [01m[K/root/tracer_control_ws/src/tracer_ros/tracer_base/src/tracer_messenger.cpp:12:40:[m[K [01;31m[Kerror: [m[Kno matching function for call to â€˜[01m[Krclcpp::Node::Node()[m[Kâ€™
[16.658s]    12 | TracerROSMessenger::TracerROSMessenger([01;31m[K)[m[K {}
[16.658s]       |                                        [01;31m[K^[m[K
[16.658s] In file included from [01m[K/opt/ros/humble/include/rclcpp/rclcpp/executors/single_threaded_executor.hpp:28[m[K,
[16.658s]                  from [01m[K/opt/ros/humble/include/rclcpp/rclcpp/executors.hpp:22[m[K,
[16.659s]                  from [01m[K/opt/ros/humble/include/rclcpp/rclcpp/rclcpp.hpp:155[m[K,
[16.660s]                  from [01m[K/root/tracer_control_ws/src/tracer_ros/tracer_base/include/tracer_base/tracer_messenger.hpp:8[m[K,
[16.660s]                  from [01m[K/root/tracer_control_ws/src/tracer_ros/tracer_base/src/tracer_messenger.cpp:1[m[K:
[16.661s] [01m[K/opt/ros/humble/include/rclcpp/rclcpp/node.hpp:1294:3:[m[K [01;36m[Knote: [m[Kcandidate: â€˜[01m[Krclcpp::Node::Node(const rclcpp::Node&, const string&)[m[Kâ€™
[16.661s]  1294 |   [01;36m[KNode[m[K(
[16.661s]       |   [01;36m[K^~~~[m[K
[16.661s] [01m[K/opt/ros/humble/include/rclcpp/rclcpp/node.hpp:1294:3:[m[K [01;36m[Knote: [m[K  candidate expects 2 arguments, 0 provided
[16.661s] [01m[K/opt/ros/humble/include/rclcpp/rclcpp/node.hpp:101:12:[m[K [01;36m[Knote: [m[Kcandidate: â€˜[01m[Krclcpp::Node::Node(const string&, const string&, const rclcpp::NodeOptions&)[m[Kâ€™
[16.661s]   101 |   explicit [01;36m[KNode[m[K(
[16.662s]       |            [01;36m[K^~~~[m[K
[16.662s] [01m[K/opt/ros/humble/include/rclcpp/rclcpp/node.hpp:101:12:[m[K [01;36m[Knote: [m[K  candidate expects 3 arguments, 0 provided
[16.662s] [01m[K/opt/ros/humble/include/rclcpp/rclcpp/node.hpp:89:12:[m[K [01;36m[Knote: [m[Kcandidate: â€˜[01m[Krclcpp::Node::Node(const string&, const rclcpp::NodeOptions&)[m[Kâ€™
[16.662s]    89 |   explicit [01;36m[KNode[m[K(
[16.662s]       |            [01;36m[K^~~~[m[K
[16.662s] [01m[K/opt/ros/humble/include/rclcpp/rclcpp/node.hpp:89:12:[m[K [01;36m[Knote: [m[K  candidate expects 2 arguments, 0 provided
[16.662s] [01m[K/root/tracer_control_ws/src/tracer_ros/tracer_base/src/tracer_messenger.cpp:[m[K In constructor â€˜[01m[Kwestonrobot::TracerROSMessenger::TracerROSMessenger(rclcpp::Node::SharedPtr)[m[Kâ€™:
[16.662s] [01m[K/root/tracer_control_ws/src/tracer_ros/tracer_base/src/tracer_messenger.cpp:15:29:[m[K [01;31m[Kerror: [m[Kno matching function for call to â€˜[01m[Krclcpp::Node::Node()[m[Kâ€™
[16.663s]    15 |     tracer_(nullptr), nh_(nh[01;31m[K)[m[K
[16.663s]       |                             [01;31m[K^[m[K
[16.663s] In file included from [01m[K/opt/ros/humble/include/rclcpp/rclcpp/executors/single_threaded_executor.hpp:28[m[K,
[16.663s]                  from [01m[K/opt/ros/humble/include/rclcpp/rclcpp/executors.hpp:22[m[K,
[16.663s]                  from [01m[K/opt/ros/humble/include/rclcpp/rclcpp/rclcpp.hpp:155[m[K,
[16.663s]                  from [01m[K/root/tracer_control_ws/src/tracer_ros/tracer_base/include/tracer_base/tracer_messenger.hpp:8[m[K,
[16.663s]                  from [01m[K/root/tracer_control_ws/src/tracer_ros/tracer_base/src/tracer_messenger.cpp:1[m[K:
[16.663s] [01m[K/opt/ros/humble/include/rclcpp/rclcpp/node.hpp:1294:3:[m[K [01;36m[Knote: [m[Kcandidate: â€˜[01m[Krclcpp::Node::Node(const rclcpp::Node&, const string&)[m[Kâ€™
[16.664s]  1294 |   [01;36m[KNode[m[K(
[16.664s]       |   [01;36m[K^~~~[m[K
[16.664s] [01m[K/opt/ros/humble/include/rclcpp/rclcpp/node.hpp:1294:3:[m[K [01;36m[Knote: [m[K  candidate expects 2 arguments, 0 provided
[16.664s] [01m[K/opt/ros/humble/include/rclcpp/rclcpp/node.hpp:101:12:[m[K [01;36m[Knote: [m[Kcandidate: â€˜[01m[Krclcpp::Node::Node(const string&, const string&, const rclcpp::NodeOptions&)[m[Kâ€™
[16.664s]   101 |   explicit [01;36m[KNode[m[K(
[16.664s]       |            [01;36m[K^~~~[m[K
[16.665s] [01m[K/opt/ros/humble/include/rclcpp/rclcpp/node.hpp:101:12:[m[K [01;36m[Knote: [m[K  candidate expects 3 arguments, 0 provided
[16.665s] [01m[K/opt/ros/humble/include/rclcpp/rclcpp/node.hpp:89:12:[m[K [01;36m[Knote: [m[Kcandidate: â€˜[01m[Krclcpp::Node::Node(const string&, const rclcpp::NodeOptions&)[m[Kâ€™
[16.665s]    89 |   explicit [01;36m[KNode[m[K(
[16.665s]       |            [01;36m[K^~~~[m[K
[16.665s] [01m[K/opt/ros/humble/include/rclcpp/rclcpp/node.hpp:89:12:[m[K [01;36m[Knote: [m[K  candidate expects 2 arguments, 0 provided
[16.665s] [01m[K/root/tracer_control_ws/src/tracer_ros/tracer_base/src/tracer_messenger.cpp:[m[K In constructor â€˜[01m[Kwestonrobot::TracerROSMessenger::TracerROSMessenger(westonrobot::TracerRobot*, rclcpp::Node::SharedPtr)[m[Kâ€™:
[16.665s] [01m[K/root/tracer_control_ws/src/tracer_ros/tracer_base/src/tracer_messenger.cpp:21:28:[m[K [01;31m[Kerror: [m[Kno matching function for call to â€˜[01m[Krclcpp::Node::Node()[m[Kâ€™
[16.665s]    21 |     tracer_(tracer), nh_(nh[01;31m[K)[m[K
[16.666s]       |                            [01;31m[K^[m[K
[16.666s] In file included from [01m[K/opt/ros/humble/include/rclcpp/rclcpp/executors/single_threaded_executor.hpp:28[m[K,
[16.666s]                  from [01m[K/opt/ros/humble/include/rclcpp/rclcpp/executors.hpp:22[m[K,
[16.666s]                  from [01m[K/opt/ros/humble/include/rclcpp/rclcpp/rclcpp.hpp:155[m[K,
[16.666s]                  from [01m[K/root/tracer_control_ws/src/tracer_ros/tracer_base/include/tracer_base/tracer_messenger.hpp:8[m[K,
[16.666s]                  from [01m[K/root/tracer_control_ws/src/tracer_ros/tracer_base/src/tracer_messenger.cpp:1[m[K:
[16.666s] [01m[K/opt/ros/humble/include/rclcpp/rclcpp/node.hpp:1294:3:[m[K [01;36m[Knote: [m[Kcandidate: â€˜[01m[Krclcpp::Node::Node(const rclcpp::Node&, const string&)[m[Kâ€™
[16.667s]  1294 |   [01;36m[KNode[m[K(
[16.667s]       |   [01;36m[K^~~~[m[K
[16.667s] [01m[K/opt/ros/humble/include/rclcpp/rclcpp/node.hpp:1294:3:[m[K [01;36m[Knote: [m[K  candidate expects 2 arguments, 0 provided
[16.667s] [01m[K/opt/ros/humble/include/rclcpp/rclcpp/node.hpp:101:12:[m[K [01;36m[Knote: [m[Kcandidate: â€˜[01m[Krclcpp::Node::Node(const string&, const string&, const rclcpp::NodeOptions&)[m[Kâ€™
[16.668s]   101 |   explicit [01;36m[KNode[m[K(
[16.668s]       |            [01;36m[K^~~~[m[K
[16.668s] [01m[K/opt/ros/humble/include/rclcpp/rclcpp/node.hpp:101:12:[m[K [01;36m[Knote: [m[K  candidate expects 3 arguments, 0 provided
[16.668s] [01m[K/opt/ros/humble/include/rclcpp/rclcpp/node.hpp:89:12:[m[K [01;36m[Knote: [m[Kcandidate: â€˜[01m[Krclcpp::Node::Node(const string&, const rclcpp::NodeOptions&)[m[Kâ€™
[16.668s]    89 |   explicit [01;36m[KNode[m[K(
[16.668s]       |            [01;36m[K^~~~[m[K
[16.668s] [01m[K/opt/ros/humble/include/rclcpp/rclcpp/node.hpp:89:12:[m[K [01;36m[Knote: [m[K  candidate expects 2 arguments, 0 provided
[16.710s] [01m[K/root/tracer_control_ws/src/tracer_ros/tracer_base/src/tracer_messenger.cpp:[m[K In member function â€˜[01m[Kvoid westonrobot::TracerROSMessenger::LightCmdCallback(tracer_msgs::msg::TracerLightCmd_<std::allocator<void> >::SharedPtr)[m[Kâ€™:
[16.710s] [01m[K/root/tracer_control_ws/src/tracer_ros/tracer_base/src/tracer_messenger.cpp:70:44:[m[K [01;31m[Kerror: [m[Kâ€˜[01m[KLightMode[m[Kâ€™ does not name a type; did you mean â€˜[01m[KAgxLightMode[m[Kâ€™?
[16.710s]    70 |         cmd.front_light.mode = static_cast<[01;31m[KLightMode[m[K>(msg->front_mode);
[16.711s]       |                                            [01;31m[K^~~~~~~~~[m[K
[16.712s]       |                                            [32m[KAgxLightMode[m[K
[25.841s] gmake[2]: *** [CMakeFiles/tracer_messenger.dir/build.make:76: CMakeFiles/tracer_messenger.dir/src/tracer_messenger.cpp.o] Error 1
[25.842s] gmake[1]: *** [CMakeFiles/Makefile2:139: CMakeFiles/tracer_messenger.dir/all] Error 2
[25.843s] gmake: *** [Makefile:146: all] Error 2
[25.850s] Invoked command in '/root/tracer_control_ws/build/tracer_base' returned '2': CMAKE_PREFIX_PATH=/opt/ros/humble:/root/tracer_control_ws/install/ugv_sdk:/root/tracer_control_ws/install/tracer_msgs:/root/tracer_control_ws/install/tracer_base LD_LIBRARY_PATH=/root/tracer_control_ws/install/tracer_msgs/lib:/root/tracer_control_ws/install/tracer_base/lib:/opt/ros/humble/opt/rviz_ogre_vendor/lib:/opt/ros/humble/lib/aarch64-linux-gnu:/opt/ros/humble/lib:/usr/local/cuda/lib64 /usr/bin/cmake --build /root/tracer_control_ws/build/tracer_base -- -j12 -l12
