[33mCMake Warning at CMakeLists.txt:43 (message):
  libsocketcan not found - CAN support may be limited

[0m
[33mCMake Warning at CMakeLists.txt:51 (message):
  libpcan not found - PCAN support disabled

[0m
[33mCMake Warning at CMakeLists.txt:161 (message):
  config directory not found, skipping

[0m
[01m[K/root/tracer_control_ws/src/tracer_ros/tracer_base/src/tracer_messenger.cpp:[m[K In member function â€˜[01m[Kvoid westonrobot::TracerROSMessenger::TwistCmdCallback(geometry_msgs::msg::Twist_<std::allocator<void> >::SharedPtr)[m[Kâ€™:
[01m[K/root/tracer_control_ws/src/tracer_ros/tracer_base/src/tracer_messenger.cpp:68:31:[m[K [01;31m[Kerror: [m[Kâ€˜[01m[Kusing element_type = class westonrobot::TracerBaseV2[m[Kâ€™ {aka â€˜[01m[Kclass westonrobot::TracerBaseV2[m[Kâ€™} has no member named â€˜[01m[KIsConnected[m[Kâ€™; did you mean â€˜[01m[KConnect[m[Kâ€™?
   68 |     if (!tracer_ || !tracer_->[01;31m[KIsConnected[m[K()) {
      |                               [01;31m[K^~~~~~~~~~~[m[K
      |                               [32m[KConnect[m[K
[01m[K/root/tracer_control_ws/src/tracer_ros/tracer_base/src/tracer_messenger.cpp:[m[K In member function â€˜[01m[Kvoid westonrobot::TracerROSMessenger::LightCmdCallback(tracer_msgs::msg::TracerLightCmd_<std::allocator<void> >::SharedPtr)[m[Kâ€™:
[01m[K/root/tracer_control_ws/src/tracer_ros/tracer_base/src/tracer_messenger.cpp:102:31:[m[K [01;31m[Kerror: [m[Kâ€˜[01m[Kusing element_type = class westonrobot::TracerBaseV2[m[Kâ€™ {aka â€˜[01m[Kclass westonrobot::TracerBaseV2[m[Kâ€™} has no member named â€˜[01m[KIsConnected[m[Kâ€™; did you mean â€˜[01m[KConnect[m[Kâ€™?
  102 |     if (!tracer_ || !tracer_->[01;31m[KIsConnected[m[K()) {
      |                               [01;31m[K^~~~~~~~~~~[m[K
      |                               [32m[KConnect[m[K
[01m[K/root/tracer_control_ws/src/tracer_ros/tracer_base/src/tracer_messenger.cpp:[m[K In member function â€˜[01m[Kvoid westonrobot::TracerROSMessenger::PublishStateToROS()[m[Kâ€™:
[01m[K/root/tracer_control_ws/src/tracer_ros/tracer_base/src/tracer_messenger.cpp:138:19:[m[K [01;31m[Kerror: [m[Kâ€˜[01m[Kusing element_type = class westonrobot::TracerBaseV2[m[Kâ€™ {aka â€˜[01m[Kclass westonrobot::TracerBaseV2[m[Kâ€™} has no member named â€˜[01m[KIsConnected[m[Kâ€™; did you mean â€˜[01m[KConnect[m[Kâ€™?
  138 |     if (!tracer_->[01;31m[KIsConnected[m[K()) {
      |                   [01;31m[K^~~~~~~~~~~[m[K
      |                   [32m[KConnect[m[K
gmake[2]: *** [CMakeFiles/tracer_messenger.dir/build.make:76: CMakeFiles/tracer_messenger.dir/src/tracer_messenger.cpp.o] Error 1
gmake[1]: *** [CMakeFiles/Makefile2:139: CMakeFiles/tracer_messenger.dir/all] Error 2
gmake: *** [Makefile:146: all] Error 2
