[0.027s] Invoking command in '/root/tracer_control_ws/build/tracer_base': AMENT_PREFIX_PATH=/root/tracer_control_ws/install/tracer_msgs:${AMENT_PREFIX_PATH} CMAKE_PREFIX_PATH=/root/tracer_control_ws/install/ugv_sdk:/root/tracer_control_ws/install/tracer_msgs LD_LIBRARY_PATH=/root/tracer_control_ws/install/tracer_msgs/lib:/opt/ros/humble/opt/rviz_ogre_vendor/lib:/opt/ros/humble/lib/aarch64-linux-gnu:/opt/ros/humble/lib:/usr/local/cuda/lib64 PKG_CONFIG_PATH=/root/tracer_control_ws/install/ugv_sdk/lib/aarch64-linux-gnu/pkgconfig:/root/tracer_control_ws/install/ugv_sdk/lib/pkgconfig PYTHONPATH=/root/tracer_control_ws/install/tracer_msgs/local/lib/python3.10/dist-packages:${PYTHONPATH} ROS_PACKAGE_PATH=/root/tracer_control_ws/install/ugv_sdk/share /usr/bin/cmake --build /root/tracer_control_ws/build/tracer_base -- -j12 -l12
[0.145s] [35m[1mConsolidate compiler generated dependencies of target tracer_messenger[0m
[0.211s] [ 25%] [32mBuilding CXX object CMakeFiles/tracer_messenger.dir/src/tracer_messenger.cpp.o[0m
[31.153s] [ 50%] [32m[1mLinking CXX static library libtracer_messenger.a[0m
[31.685s] [ 50%] Built target tracer_messenger
[31.737s] [ 75%] [32mBuilding CXX object CMakeFiles/tracer_base_node.dir/src/tracer_base_node.cpp.o[0m
[41.377s] In file included from [01m[K/usr/include/aarch64-linux-gnu/c++/11/bits/c++allocator.h:33[m[K,
[41.377s]                  from [01m[K/usr/include/c++/11/bits/allocator.h:46[m[K,
[41.378s]                  from [01m[K/usr/include/c++/11/memory:64[m[K,
[41.378s]                  from [01m[K/root/tracer_control_ws/src/tracer_ros/tracer_base/src/tracer_base_node.cpp:1[m[K:
[41.378s] /usr/include/c++/11/ext/new_allocator.h: In instantiation of â€˜[01m[Kvoid __gnu_cxx::new_allocator<_Tp>::construct(_Up*, _Args&& ...) [with _Up = westonrobot::TracerROSMessenger; _Args = {westonrobot::TracerBaseV2*, TracerBaseNode*}; _Tp = westonrobot::TracerROSMessenger][m[Kâ€™:
[41.378s] [01m[K/usr/include/c++/11/bits/alloc_traits.h:516:17:[m[K   required from â€˜[01m[Kstatic void std::allocator_traits<std::allocator<_Tp1> >::construct(std::allocator_traits<std::allocator<_Tp1> >::allocator_type&, _Up*, _Args&& ...) [with _Up = westonrobot::TracerROSMessenger; _Args = {westonrobot::TracerBaseV2*, TracerBaseNode*}; _Tp = westonrobot::TracerROSMessenger; std::allocator_traits<std::allocator<_Tp1> >::allocator_type = std::allocator<westonrobot::TracerROSMessenger>][m[Kâ€™
[41.379s] [01m[K/usr/include/c++/11/bits/shared_ptr_base.h:519:39:[m[K   required from â€˜[01m[Kstd::_Sp_counted_ptr_inplace<_Tp, _Alloc, _Lp>::_Sp_counted_ptr_inplace(_Alloc, _Args&& ...) [with _Args = {westonrobot::TracerBaseV2*, TracerBaseNode*}; _Tp = westonrobot::TracerROSMessenger; _Alloc = std::allocator<westonrobot::TracerROSMessenger>; __gnu_cxx::_Lock_policy _Lp = __gnu_cxx::_S_atomic][m[Kâ€™
[41.379s] [01m[K/usr/include/c++/11/bits/shared_ptr_base.h:650:16:[m[K   required from â€˜[01m[Kstd::__shared_count<_Lp>::__shared_count(_Tp*&, std::_Sp_alloc_shared_tag<_Alloc>, _Args&& ...) [with _Tp = westonrobot::TracerROSMessenger; _Alloc = std::allocator<westonrobot::TracerROSMessenger>; _Args = {westonrobot::TracerBaseV2*, TracerBaseNode*}; __gnu_cxx::_Lock_policy _Lp = __gnu_cxx::_S_atomic][m[Kâ€™
[41.379s] [01m[K/usr/include/c++/11/bits/shared_ptr_base.h:1342:14:[m[K   required from â€˜[01m[Kstd::__shared_ptr<_Tp, _Lp>::__shared_ptr(std::_Sp_alloc_shared_tag<_Tp>, _Args&& ...) [with _Alloc = std::allocator<westonrobot::TracerROSMessenger>; _Args = {westonrobot::TracerBaseV2*, TracerBaseNode*}; _Tp = westonrobot::TracerROSMessenger; __gnu_cxx::_Lock_policy _Lp = __gnu_cxx::_S_atomic][m[Kâ€™
[41.379s] [01m[K/usr/include/c++/11/bits/shared_ptr.h:409:59:[m[K   required from â€˜[01m[Kstd::shared_ptr<_Tp>::shared_ptr(std::_Sp_alloc_shared_tag<_Tp>, _Args&& ...) [with _Alloc = std::allocator<westonrobot::TracerROSMessenger>; _Args = {westonrobot::TracerBaseV2*, TracerBaseNode*}; _Tp = westonrobot::TracerROSMessenger][m[Kâ€™
[41.379s] [01m[K/usr/include/c++/11/bits/shared_ptr.h:862:14:[m[K   required from â€˜[01m[Kstd::shared_ptr<_Tp> std::allocate_shared(const _Alloc&, _Args&& ...) [with _Tp = westonrobot::TracerROSMessenger; _Alloc = std::allocator<westonrobot::TracerROSMessenger>; _Args = {westonrobot::TracerBaseV2*, TracerBaseNode*}][m[Kâ€™
[41.379s] [01m[K/usr/include/c++/11/bits/shared_ptr.h:878:39:[m[K   required from â€˜[01m[Kstd::shared_ptr<_Tp> std::make_shared(_Args&& ...) [with _Tp = westonrobot::TracerROSMessenger; _Args = {westonrobot::TracerBaseV2*, TracerBaseNode*}][m[Kâ€™
[41.379s] [01m[K/root/tracer_control_ws/src/tracer_ros/tracer_base/src/tracer_base_node.cpp:32:54:[m[K   required from here
[41.380s] [01m[K/usr/include/c++/11/ext/new_allocator.h:162:11:[m[K [01;31m[Kerror: [m[Kno matching function for call to â€˜[01m[Kwestonrobot::TracerROSMessenger::TracerROSMessenger(westonrobot::TracerBaseV2*, TracerBaseNode*)[m[Kâ€™
[41.380s]   162 |         { [01;31m[K::new((void *)__p) _Up(std::forward<_Args>(__args)...)[m[K; }
[41.380s]       |           [01;31m[K^~~~~~~~~~~~~~~~~~~~~~~~~~~~~~~~~~~~~~~~~~~~~~~~~~~~~~[m[K
[41.380s] In file included from [01m[K/root/tracer_control_ws/src/tracer_ros/tracer_base/src/tracer_base_node.cpp:8[m[K:
[41.380s] [01m[K/root/tracer_control_ws/src/tracer_ros/tracer_base/include/tracer_base/tracer_messenger.hpp:25:5:[m[K [01;36m[Knote: [m[Kcandidate: â€˜[01m[Kwestonrobot::TracerROSMessenger::TracerROSMessenger(westonrobot::TracerRobot*, rclcpp::Node::SharedPtr)[m[Kâ€™
[41.380s]    25 |     [01;36m[KTracerROSMessenger[m[K(TracerRobot *Tracer, rclcpp::Node::SharedPtr nh);
[41.380s]       |     [01;36m[K^~~~~~~~~~~~~~~~~~[m[K
[41.381s] [01m[K/root/tracer_control_ws/src/tracer_ros/tracer_base/include/tracer_base/tracer_messenger.hpp:25:69:[m[K [01;36m[Knote: [m[K  no known conversion for argument 2 from â€˜[01m[KTracerBaseNode*[m[Kâ€™ to â€˜[01m[Krclcpp::Node::SharedPtr[m[Kâ€™ {aka â€˜[01m[Kstd::shared_ptr<rclcpp::Node>[m[Kâ€™}
[41.381s]    25 |     TracerROSMessenger(TracerRobot *Tracer, [01;36m[Krclcpp::Node::SharedPtr nh[m[K);
[41.381s]       |                                             [01;36m[K~~~~~~~~~~~~~~~~~~~~~~~~^~[m[K
[41.381s] [01m[K/root/tracer_control_ws/src/tracer_ros/tracer_base/include/tracer_base/tracer_messenger.hpp:24:14:[m[K [01;36m[Knote: [m[Kcandidate: â€˜[01m[Kwestonrobot::TracerROSMessenger::TracerROSMessenger(rclcpp::Node::SharedPtr)[m[Kâ€™
[41.381s]    24 |     explicit [01;36m[KTracerROSMessenger[m[K(rclcpp::Node::SharedPtr nh);
[41.381s]       |              [01;36m[K^~~~~~~~~~~~~~~~~~[m[K
[41.381s] [01m[K/root/tracer_control_ws/src/tracer_ros/tracer_base/include/tracer_base/tracer_messenger.hpp:24:14:[m[K [01;36m[Knote: [m[K  candidate expects 1 argument, 2 provided
[41.838s] gmake[2]: *** [CMakeFiles/tracer_base_node.dir/build.make:76: CMakeFiles/tracer_base_node.dir/src/tracer_base_node.cpp.o] Error 1
[41.839s] gmake[1]: *** [CMakeFiles/Makefile2:165: CMakeFiles/tracer_base_node.dir/all] Error 2
[41.839s] gmake: *** [Makefile:146: all] Error 2
[41.846s] Invoked command in '/root/tracer_control_ws/build/tracer_base' returned '2': AMENT_PREFIX_PATH=/root/tracer_control_ws/install/tracer_msgs:${AMENT_PREFIX_PATH} CMAKE_PREFIX_PATH=/root/tracer_control_ws/install/ugv_sdk:/root/tracer_control_ws/install/tracer_msgs LD_LIBRARY_PATH=/root/tracer_control_ws/install/tracer_msgs/lib:/opt/ros/humble/opt/rviz_ogre_vendor/lib:/opt/ros/humble/lib/aarch64-linux-gnu:/opt/ros/humble/lib:/usr/local/cuda/lib64 PKG_CONFIG_PATH=/root/tracer_control_ws/install/ugv_sdk/lib/aarch64-linux-gnu/pkgconfig:/root/tracer_control_ws/install/ugv_sdk/lib/pkgconfig PYTHONPATH=/root/tracer_control_ws/install/tracer_msgs/local/lib/python3.10/dist-packages:${PYTHONPATH} ROS_PACKAGE_PATH=/root/tracer_control_ws/install/ugv_sdk/share /usr/bin/cmake --build /root/tracer_control_ws/build/tracer_base -- -j12 -l12
