[0.028s] Invoking command in '/root/tracer_control_ws/build/tracer_base': AMENT_PREFIX_PATH=/root/tracer_control_ws/install/tracer_msgs:${AMENT_PREFIX_PATH} CMAKE_PREFIX_PATH=/root/tracer_control_ws/install/ugv_sdk:/root/tracer_control_ws/install/tracer_msgs LD_LIBRARY_PATH=/root/tracer_control_ws/install/tracer_msgs/lib:/opt/ros/humble/opt/rviz_ogre_vendor/lib:/opt/ros/humble/lib/aarch64-linux-gnu:/opt/ros/humble/lib:/usr/local/cuda/lib64 PKG_CONFIG_PATH=/root/tracer_control_ws/install/ugv_sdk/lib/aarch64-linux-gnu/pkgconfig:/root/tracer_control_ws/install/ugv_sdk/lib/pkgconfig PYTHONPATH=/root/tracer_control_ws/install/tracer_msgs/local/lib/python3.10/dist-packages:${PYTHONPATH} ROS_PACKAGE_PATH=/root/tracer_control_ws/install/ugv_sdk/share /usr/bin/cmake --build /root/tracer_control_ws/build/tracer_base -- -j12 -l12
[0.123s] [35m[1mConsolidate compiler generated dependencies of target tracer_messenger[0m
[0.194s] [ 25%] [32mBuilding CXX object CMakeFiles/tracer_messenger.dir/src/tracer_messenger.cpp.o[0m
[8.386s] [01m[K/root/tracer_control_ws/src/tracer_ros/tracer_base/src/tracer_messenger.cpp:[m[K In member function â€˜[01m[Kvoid westonrobot::TracerROSMessenger::LightCmdCallback(tracer_msgs::msg::TracerLightCmd_<std::allocator<void> >::SharedPtr)[m[Kâ€™:
[8.386s] [01m[K/root/tracer_control_ws/src/tracer_ros/tracer_base/src/tracer_messenger.cpp:66:18:[m[K [01;31m[Kerror: [m[Kâ€˜[01m[KLightCommand[m[Kâ€™ is not a member of â€˜[01m[Kwestonrobot[m[Kâ€™
[8.387s]    66 |     westonrobot::[01;31m[KLightCommand[m[K cmd;
[8.387s]       |                  [01;31m[K^~~~~~~~~~~~[m[K
[8.403s] [01m[K/root/tracer_control_ws/src/tracer_ros/tracer_base/src/tracer_messenger.cpp:72:11:[m[K [01;31m[Kerror: [m[Kâ€˜[01m[Kcmd[m[Kâ€™ was not declared in this scope; did you mean â€˜[01m[Krcmd[m[Kâ€™?
[8.404s]    72 |           [01;31m[Kcmd[m[K.front_light.mode = AgxLightMode::LIGHT_CONST_OFF;
[8.404s]       |           [01;31m[K^~~[m[K
[8.404s]       |           [32m[Krcmd[m[K
[8.404s] [01m[K/root/tracer_control_ws/src/tracer_ros/tracer_base/src/tracer_messenger.cpp:72:48:[m[K [01;31m[Kerror: [m[Kâ€˜[01m[KLIGHT_CONST_OFF[m[Kâ€™ is not a member of â€˜[01m[KAgxLightMode[m[Kâ€™
[8.405s]    72 |           cmd.front_light.mode = AgxLightMode::[01;31m[KLIGHT_CONST_OFF[m[K;
[8.405s]       |                                                [01;31m[K^~~~~~~~~~~~~~~[m[K
[8.405s] [01m[K/root/tracer_control_ws/src/tracer_ros/tracer_base/src/tracer_messenger.cpp:75:48:[m[K [01;31m[Kerror: [m[Kâ€˜[01m[KLIGHT_CONST_ON[m[Kâ€™ is not a member of â€˜[01m[KAgxLightMode[m[Kâ€™
[8.405s]    75 |           cmd.front_light.mode = AgxLightMode::[01;31m[KLIGHT_CONST_ON[m[K;
[8.405s]       |                                                [01;31m[K^~~~~~~~~~~~~~[m[K
[8.405s] [01m[K/root/tracer_control_ws/src/tracer_ros/tracer_base/src/tracer_messenger.cpp:78:48:[m[K [01;31m[Kerror: [m[Kâ€˜[01m[KLIGHT_BREATH[m[Kâ€™ is not a member of â€˜[01m[KAgxLightMode[m[Kâ€™
[8.406s]    78 |           cmd.front_light.mode = AgxLightMode::[01;31m[KLIGHT_BREATH[m[K;
[8.406s]       |                                                [01;31m[K^~~~~~~~~~~~[m[K
[8.406s] [01m[K/root/tracer_control_ws/src/tracer_ros/tracer_base/src/tracer_messenger.cpp:81:48:[m[K [01;31m[Kerror: [m[Kâ€˜[01m[KLIGHT_CUSTOM[m[Kâ€™ is not a member of â€˜[01m[KAgxLightMode[m[Kâ€™
[8.406s]    81 |           cmd.front_light.mode = AgxLightMode::[01;31m[KLIGHT_CUSTOM[m[K;
[8.406s]       |                                                [01;31m[K^~~~~~~~~~~~[m[K
[8.419s] [01m[K/root/tracer_control_ws/src/tracer_ros/tracer_base/src/tracer_messenger.cpp:84:7:[m[K [01;31m[Kerror: [m[Kâ€˜[01m[Kcmd[m[Kâ€™ was not declared in this scope; did you mean â€˜[01m[Krcmd[m[Kâ€™?
[8.419s]    84 |       [01;31m[Kcmd[m[K.front_light.custom_value = msg->front_custom_value;
[8.419s]       |       [01;31m[K^~~[m[K
[8.419s]       |       [32m[Krcmd[m[K
[8.420s] [01m[K/root/tracer_control_ws/src/tracer_ros/tracer_base/src/tracer_messenger.cpp:89:47:[m[K [01;31m[Kerror: [m[Kâ€˜[01m[KLIGHT_CONST_OFF[m[Kâ€™ is not a member of â€˜[01m[KAgxLightMode[m[Kâ€™
[8.420s]    89 |           cmd.rear_light.mode = AgxLightMode::[01;31m[KLIGHT_CONST_OFF[m[K;
[8.420s]       |                                               [01;31m[K^~~~~~~~~~~~~~~[m[K
[8.420s] [01m[K/root/tracer_control_ws/src/tracer_ros/tracer_base/src/tracer_messenger.cpp:92:47:[m[K [01;31m[Kerror: [m[Kâ€˜[01m[KLIGHT_CONST_ON[m[Kâ€™ is not a member of â€˜[01m[KAgxLightMode[m[Kâ€™
[8.421s]    92 |           cmd.rear_light.mode = AgxLightMode::[01;31m[KLIGHT_CONST_ON[m[K;
[8.421s]       |                                               [01;31m[K^~~~~~~~~~~~~~[m[K
[8.421s] [01m[K/root/tracer_control_ws/src/tracer_ros/tracer_base/src/tracer_messenger.cpp:95:47:[m[K [01;31m[Kerror: [m[Kâ€˜[01m[KLIGHT_BREATH[m[Kâ€™ is not a member of â€˜[01m[KAgxLightMode[m[Kâ€™
[8.421s]    95 |           cmd.rear_light.mode = AgxLightMode::[01;31m[KLIGHT_BREATH[m[K;
[8.421s]       |                                               [01;31m[K^~~~~~~~~~~~[m[K
[8.421s] [01m[K/root/tracer_control_ws/src/tracer_ros/tracer_base/src/tracer_messenger.cpp:98:47:[m[K [01;31m[Kerror: [m[Kâ€˜[01m[KLIGHT_CUSTOM[m[Kâ€™ is not a member of â€˜[01m[KAgxLightMode[m[Kâ€™
[8.422s]    98 |           cmd.rear_light.mode = AgxLightMode::[01;31m[KLIGHT_CUSTOM[m[K;
[8.422s]       |                                               [01;31m[K^~~~~~~~~~~~[m[K
[17.298s] gmake[2]: *** [CMakeFiles/tracer_messenger.dir/build.make:76: CMakeFiles/tracer_messenger.dir/src/tracer_messenger.cpp.o] Error 1
[17.299s] gmake[1]: *** [CMakeFiles/Makefile2:139: CMakeFiles/tracer_messenger.dir/all] Error 2
[17.299s] gmake: *** [Makefile:146: all] Error 2
[17.305s] Invoked command in '/root/tracer_control_ws/build/tracer_base' returned '2': AMENT_PREFIX_PATH=/root/tracer_control_ws/install/tracer_msgs:${AMENT_PREFIX_PATH} CMAKE_PREFIX_PATH=/root/tracer_control_ws/install/ugv_sdk:/root/tracer_control_ws/install/tracer_msgs LD_LIBRARY_PATH=/root/tracer_control_ws/install/tracer_msgs/lib:/opt/ros/humble/opt/rviz_ogre_vendor/lib:/opt/ros/humble/lib/aarch64-linux-gnu:/opt/ros/humble/lib:/usr/local/cuda/lib64 PKG_CONFIG_PATH=/root/tracer_control_ws/install/ugv_sdk/lib/aarch64-linux-gnu/pkgconfig:/root/tracer_control_ws/install/ugv_sdk/lib/pkgconfig PYTHONPATH=/root/tracer_control_ws/install/tracer_msgs/local/lib/python3.10/dist-packages:${PYTHONPATH} ROS_PACKAGE_PATH=/root/tracer_control_ws/install/ugv_sdk/share /usr/bin/cmake --build /root/tracer_control_ws/build/tracer_base -- -j12 -l12
