-- The C compiler identification is GNU 11.4.0
-- The CXX compiler identification is GNU 11.4.0
-- Detecting C compiler ABI info
-- Detecting C compiler ABI info - done
-- Check for working C compiler: /usr/bin/cc - skipped
-- Detecting C compile features
-- Detecting C compile features - done
-- Detecting CXX compiler ABI info
-- Detecting CXX compiler ABI info - done
-- Check for working CXX compiler: /usr/bin/c++ - skipped
-- Detecting CXX compile features
-- Detecting CXX compile features - done
-- Found ament_cmake: 1.3.11 (/opt/ros/humble/share/ament_cmake/cmake)
-- Found Python3: /usr/bin/python3 (found version "3.10.12") found components: Interpreter 
-- Found rclcpp: 16.0.12 (/opt/ros/humble/share/rclcpp/cmake)
-- Found rosidl_generator_c: 3.1.6 (/opt/ros/humble/share/rosidl_generator_c/cmake)
-- Found rosidl_adapter: 3.1.6 (/opt/ros/humble/share/rosidl_adapter/cmake)
-- Found rosidl_generator_cpp: 3.1.6 (/opt/ros/humble/share/rosidl_generator_cpp/cmake)
-- Using all available rosidl_typesupport_c: rosidl_typesupport_fastrtps_c;rosidl_typesupport_introspection_c
-- Using all available rosidl_typesupport_cpp: rosidl_typesupport_fastrtps_cpp;rosidl_typesupport_introspection_cpp
-- Found rmw_implementation_cmake: 6.1.2 (/opt/ros/humble/share/rmw_implementation_cmake/cmake)
-- Found rmw_fastrtps_cpp: 6.2.7 (/opt/ros/humble/share/rmw_fastrtps_cpp/cmake)
-- Found OpenSSL: /usr/lib/aarch64-linux-gnu/libcrypto.so (found version "3.0.2")  
-- Found FastRTPS: /opt/ros/humble/include  
-- Using RMW implementation 'rmw_fastrtps_cpp' as default
-- Looking for pthread.h
-- Looking for pthread.h - found
-- Performing Test CMAKE_HAVE_LIBC_PTHREAD
-- Performing Test CMAKE_HAVE_LIBC_PTHREAD - Success
-- Found Threads: TRUE  
-- Found sensor_msgs: 4.8.0 (/opt/ros/humble/share/sensor_msgs/cmake)
-- Found tf2: 0.25.12 (/opt/ros/humble/share/tf2/cmake)
-- Found tf2_ros: 0.25.12 (/opt/ros/humble/share/tf2_ros/cmake)
-- Found tf2_geometry_msgs: 0.25.12 (/opt/ros/humble/share/tf2_geometry_msgs/cmake)
-- Found eigen3_cmake_module: 0.1.1 (/opt/ros/humble/share/eigen3_cmake_module/cmake)
-- Found Eigen3: TRUE (found version "3.4.0") 
-- Ensuring Eigen3 include directory is part of orocos-kdl CMake target
-- Found tracer_msgs: 0.3.3 (/root/tracer_control_ws/install/tracer_msgs/share/tracer_msgs/cmake)
-- Found nav_msgs: 4.8.0 (/opt/ros/humble/share/nav_msgs/cmake)
-- Configuring done
-- Generating done
[33mCMake Warning:
  Manually-specified variables were not used by the project:

    CATKIN_INSTALL_INTO_PREFIX_ROOT
    CATKIN_SYMLINK_INSTALL

[0m
-- Build files have been written to: /root/tracer_control_ws/build/tracer_base
[ 25%] [32mBuilding CXX object CMakeFiles/tracer_messenger.dir/src/tracer_messenger.cpp.o[0m
[ 50%] [32m[1mLinking CXX static library libtracer_messenger.a[0m
[ 50%] Built target tracer_messenger
[ 75%] [32mBuilding CXX object CMakeFiles/tracer_base_node.dir/src/tracer_base_node.cpp.o[0m
[100%] [32m[1mLinking CXX executable tracer_base_node[0m
/usr/bin/ld: CMakeFiles/tracer_base_node.dir/src/tracer_base_node.cpp.o: in function `westonrobot::ProtocolV2Parser::ProtocolV2Parser()':
tracer_base_node.cpp:(.text._ZN11westonrobot16ProtocolV2ParserC2Ev[_ZN11westonrobot16ProtocolV2ParserC5Ev]+0x14): undefined reference to `vtable for westonrobot::ProtocolV2Parser'
/usr/bin/ld: tracer_base_node.cpp:(.text._ZN11westonrobot16ProtocolV2ParserC2Ev[_ZN11westonrobot16ProtocolV2ParserC5Ev]+0x18): undefined reference to `vtable for westonrobot::ProtocolV2Parser'
/usr/bin/ld: CMakeFiles/tracer_base_node.dir/src/tracer_base_node.cpp.o: in function `westonrobot::ProtocolV2Parser::~ProtocolV2Parser()':
tracer_base_node.cpp:(.text._ZN11westonrobot16ProtocolV2ParserD2Ev[_ZN11westonrobot16ProtocolV2ParserD5Ev]+0xc): undefined reference to `vtable for westonrobot::ProtocolV2Parser'
/usr/bin/ld: tracer_base_node.cpp:(.text._ZN11westonrobot16ProtocolV2ParserD2Ev[_ZN11westonrobot16ProtocolV2ParserD5Ev]+0x10): undefined reference to `vtable for westonrobot::ProtocolV2Parser'
/usr/bin/ld: CMakeFiles/tracer_base_node.dir/src/tracer_base_node.cpp.o: in function `westonrobot::AgilexBase<westonrobot::ProtocolV2Parser>::SendMotionCommand(double, double, double, double)':
tracer_base_node.cpp:(.text._ZN11westonrobot10AgilexBaseINS_16ProtocolV2ParserEE17SendMotionCommandEdddd[_ZN11westonrobot10AgilexBaseINS_16ProtocolV2ParserEE17SendMotionCommandEdddd]+0x5c): undefined reference to `westonrobot::AsyncCAN::IsOpened() const'
/usr/bin/ld: tracer_base_node.cpp:(.text._ZN11westonrobot10AgilexBaseINS_16ProtocolV2ParserEE17SendMotionCommandEdddd[_ZN11westonrobot10AgilexBaseINS_16ProtocolV2ParserEE17SendMotionCommandEdddd]+0x16c): undefined reference to `westonrobot::ProtocolV2Parser::EncodeMessage(AgxMessage const*, can_frame*)'
/usr/bin/ld: tracer_base_node.cpp:(.text._ZN11westonrobot10AgilexBaseINS_16ProtocolV2ParserEE17SendMotionCommandEdddd[_ZN11westonrobot10AgilexBaseINS_16ProtocolV2ParserEE17SendMotionCommandEdddd]+0x198): undefined reference to `westonrobot::AsyncCAN::SendFrame(can_frame const&)'
/usr/bin/ld: CMakeFiles/tracer_base_node.dir/src/tracer_base_node.cpp.o: in function `westonrobot::AgilexBase<westonrobot::ProtocolV2Parser>::SendLightCommand(AgxLightMode, unsigned char, AgxLightMode, unsigned char)':
tracer_base_node.cpp:(.text._ZN11westonrobot10AgilexBaseINS_16ProtocolV2ParserEE16SendLightCommandE12AgxLightModehS3_h[_ZN11westonrobot10AgilexBaseINS_16ProtocolV2ParserEE16SendLightCommandE12AgxLightModehS3_h]+0x58): undefined reference to `westonrobot::AsyncCAN::IsOpened() const'
/usr/bin/ld: tracer_base_node.cpp:(.text._ZN11westonrobot10AgilexBaseINS_16ProtocolV2ParserEE16SendLightCommandE12AgxLightModehS3_h[_ZN11westonrobot10AgilexBaseINS_16ProtocolV2ParserEE16SendLightCommandE12AgxLightModehS3_h]+0xbc): undefined reference to `westonrobot::ProtocolV2Parser::EncodeMessage(AgxMessage const*, can_frame*)'
/usr/bin/ld: tracer_base_node.cpp:(.text._ZN11westonrobot10AgilexBaseINS_16ProtocolV2ParserEE16SendLightCommandE12AgxLightModehS3_h[_ZN11westonrobot10AgilexBaseINS_16ProtocolV2ParserEE16SendLightCommandE12AgxLightModehS3_h]+0xe8): undefined reference to `westonrobot::AsyncCAN::SendFrame(can_frame const&)'
/usr/bin/ld: CMakeFiles/tracer_base_node.dir/src/tracer_base_node.cpp.o: in function `westonrobot::AgilexBase<westonrobot::ProtocolV2Parser>::DisableLightControl()':
tracer_base_node.cpp:(.text._ZN11westonrobot10AgilexBaseINS_16ProtocolV2ParserEE19DisableLightControlEv[_ZN11westonrobot10AgilexBaseINS_16ProtocolV2ParserEE19DisableLightControlEv]+0x48): undefined reference to `westonrobot::AsyncCAN::IsOpened() const'
/usr/bin/ld: tracer_base_node.cpp:(.text._ZN11westonrobot10AgilexBaseINS_16ProtocolV2ParserEE19DisableLightControlEv[_ZN11westonrobot10AgilexBaseINS_16ProtocolV2ParserEE19DisableLightControlEv]+0x88): undefined reference to `westonrobot::ProtocolV2Parser::EncodeMessage(AgxMessage const*, can_frame*)'
/usr/bin/ld: tracer_base_node.cpp:(.text._ZN11westonrobot10AgilexBaseINS_16ProtocolV2ParserEE19DisableLightControlEv[_ZN11westonrobot10AgilexBaseINS_16ProtocolV2ParserEE19DisableLightControlEv]+0xb4): undefined reference to `westonrobot::AsyncCAN::SendFrame(can_frame const&)'
/usr/bin/ld: CMakeFiles/tracer_base_node.dir/src/tracer_base_node.cpp.o: in function `westonrobot::AgilexBase<westonrobot::ProtocolV2Parser>::EnableCommandedMode()':
tracer_base_node.cpp:(.text._ZN11westonrobot10AgilexBaseINS_16ProtocolV2ParserEE19EnableCommandedModeEv[_ZN11westonrobot10AgilexBaseINS_16ProtocolV2ParserEE19EnableCommandedModeEv]+0x58): undefined reference to `westonrobot::AsyncCAN::IsOpened() const'
/usr/bin/ld: tracer_base_node.cpp:(.text._ZN11westonrobot10AgilexBaseINS_16ProtocolV2ParserEE19EnableCommandedModeEv[_ZN11westonrobot10AgilexBaseINS_16ProtocolV2ParserEE19EnableCommandedModeEv]+0x8c): undefined reference to `westonrobot::ProtocolV2Parser::EncodeMessage(AgxMessage const*, can_frame*)'
/usr/bin/ld: tracer_base_node.cpp:(.text._ZN11westonrobot10AgilexBaseINS_16ProtocolV2ParserEE19EnableCommandedModeEv[_ZN11westonrobot10AgilexBaseINS_16ProtocolV2ParserEE19EnableCommandedModeEv]+0xb8): undefined reference to `westonrobot::AsyncCAN::SendFrame(can_frame const&)'
/usr/bin/ld: CMakeFiles/tracer_base_node.dir/src/tracer_base_node.cpp.o: in function `westonrobot::AgilexBase<westonrobot::ProtocolV2Parser>::DisconnectPort()':
tracer_base_node.cpp:(.text._ZN11westonrobot10AgilexBaseINS_16ProtocolV2ParserEE14DisconnectPortEv[_ZN11westonrobot10AgilexBaseINS_16ProtocolV2ParserEE14DisconnectPortEv]+0x34): undefined reference to `westonrobot::AsyncCAN::IsOpened() const'
/usr/bin/ld: tracer_base_node.cpp:(.text._ZN11westonrobot10AgilexBaseINS_16ProtocolV2ParserEE14DisconnectPortEv[_ZN11westonrobot10AgilexBaseINS_16ProtocolV2ParserEE14DisconnectPortEv]+0x64): undefined reference to `westonrobot::AsyncCAN::Close()'
/usr/bin/ld: CMakeFiles/tracer_base_node.dir/src/tracer_base_node.cpp.o: in function `westonrobot::AgilexBase<westonrobot::ProtocolV2Parser>::ConnectPort(std::__cxx11::basic_string<char, std::char_traits<char>, std::allocator<char> >, std::function<void (can_frame*)>)':
tracer_base_node.cpp:(.text._ZN11westonrobot10AgilexBaseINS_16ProtocolV2ParserEE11ConnectPortENSt7__cxx1112basic_stringIcSt11char_traitsIcESaIcEEESt8functionIFvP9can_frameEE[_ZN11westonrobot10AgilexBaseINS_16ProtocolV2ParserEE11ConnectPortENSt7__cxx1112basic_stringIcSt11char_traitsIcESaIcEEESt8functionIFvP9can_frameEE]+0x94): undefined reference to `westonrobot::AsyncCAN::Open()'
/usr/bin/ld: CMakeFiles/tracer_base_node.dir/src/tracer_base_node.cpp.o: in function `westonrobot::AgilexBase<westonrobot::ProtocolV2Parser>::ParseCANFrame(can_frame*)':
tracer_base_node.cpp:(.text._ZN11westonrobot10AgilexBaseINS_16ProtocolV2ParserEE13ParseCANFrameEP9can_frame[_ZN11westonrobot10AgilexBaseINS_16ProtocolV2ParserEE13ParseCANFrameEP9can_frame]+0x38): undefined reference to `westonrobot::ProtocolV2Parser::DecodeMessage(can_frame const*, AgxMessage*)'
/usr/bin/ld: CMakeFiles/tracer_base_node.dir/src/tracer_base_node.cpp.o: in function `void __gnu_cxx::new_allocator<westonrobot::AsyncCAN>::construct<westonrobot::AsyncCAN, std::__cxx11::basic_string<char, std::char_traits<char>, std::allocator<char> >&>(westonrobot::AsyncCAN*, std::__cxx11::basic_string<char, std::char_traits<char>, std::allocator<char> >&)':
tracer_base_node.cpp:(.text._ZN9__gnu_cxx13new_allocatorIN11westonrobot8AsyncCANEE9constructIS2_JRNSt7__cxx1112basic_stringIcSt11char_traitsIcESaIcEEEEEEvPT_DpOT0_[_ZN9__gnu_cxx13new_allocatorIN11westonrobot8AsyncCANEE9constructIS2_JRNSt7__cxx1112basic_stringIcSt11char_traitsIcESaIcEEEEEEvPT_DpOT0_]+0x64): undefined reference to `westonrobot::AsyncCAN::AsyncCAN(std::__cxx11::basic_string<char, std::char_traits<char>, std::allocator<char> >)'
/usr/bin/ld: CMakeFiles/tracer_base_node.dir/src/tracer_base_node.cpp.o: in function `westonrobot::AgilexBase<westonrobot::ProtocolV2Parser>::RequestVersion[abi:cxx11](int)':
tracer_base_node.cpp:(.text._ZN11westonrobot10AgilexBaseINS_16ProtocolV2ParserEE14RequestVersionB5cxx11Ei[_ZN11westonrobot10AgilexBaseINS_16ProtocolV2ParserEE14RequestVersionB5cxx11Ei]+0x6c): undefined reference to `westonrobot::AsyncCAN::SendFrame(can_frame const&)'
/usr/bin/ld: CMakeFiles/tracer_base_node.dir/src/tracer_base_node.cpp.o: in function `void __gnu_cxx::new_allocator<westonrobot::AsyncCAN>::destroy<westonrobot::AsyncCAN>(westonrobot::AsyncCAN*)':
tracer_base_node.cpp:(.text._ZN9__gnu_cxx13new_allocatorIN11westonrobot8AsyncCANEE7destroyIS2_EEvPT_[_ZN9__gnu_cxx13new_allocatorIN11westonrobot8AsyncCANEE7destroyIS2_EEvPT_]+0x14): undefined reference to `westonrobot::AsyncCAN::~AsyncCAN()'
collect2: error: ld returned 1 exit status
gmake[2]: *** [CMakeFiles/tracer_base_node.dir/build.make:223: tracer_base_node] Error 1
gmake[1]: *** [CMakeFiles/Makefile2:165: CMakeFiles/tracer_base_node.dir/all] Error 2
gmake: *** [Makefile:146: all] Error 2
