[0.037s] Invoking command in '/root/tracer_control_ws/build/tracer_base': CMAKE_PREFIX_PATH=/opt/ros/humble:/root/tracer_control_ws/install/ugv_sdk:/root/tracer_control_ws/install/tracer_msgs:/root/tracer_control_ws/install/tracer_base LD_LIBRARY_PATH=/root/tracer_control_ws/install/tracer_msgs/lib:/root/tracer_control_ws/install/tracer_base/lib:/opt/ros/humble/opt/rviz_ogre_vendor/lib:/opt/ros/humble/lib/aarch64-linux-gnu:/opt/ros/humble/lib:/usr/local/cuda/lib64 /usr/bin/cmake --build /root/tracer_control_ws/build/tracer_base -- -j12 -l12
[0.142s] [35m[1mConsolidate compiler generated dependencies of target tracer_messenger[0m
[0.206s] [ 25%] [32mBuilding CXX object CMakeFiles/tracer_messenger.dir/src/tracer_messenger.cpp.o[0m
[30.571s] [ 50%] [32m[1mLinking CXX static library libtracer_messenger.a[0m
[31.079s] [ 50%] Built target tracer_messenger
[31.191s] [ 75%] [32mBuilding CXX object CMakeFiles/tracer_base_node.dir/src/tracer_base_node.cpp.o[0m
[39.320s] In file included from [01m[K/opt/ros/humble/include/rclcpp/rclcpp/logging.hpp:24[m[K,
[39.320s]                  from [01m[K/opt/ros/humble/include/rclcpp/rclcpp/client.hpp:40[m[K,
[39.320s]                  from [01m[K/opt/ros/humble/include/rclcpp/rclcpp/callback_group.hpp:24[m[K,
[39.320s]                  from [01m[K/opt/ros/humble/include/rclcpp/rclcpp/any_executable.hpp:20[m[K,
[39.321s]                  from [01m[K/opt/ros/humble/include/rclcpp/rclcpp/memory_strategy.hpp:25[m[K,
[39.321s]                  from [01m[K/opt/ros/humble/include/rclcpp/rclcpp/memory_strategies.hpp:18[m[K,
[39.321s]                  from [01m[K/opt/ros/humble/include/rclcpp/rclcpp/executor_options.hpp:20[m[K,
[39.321s]                  from [01m[K/opt/ros/humble/include/rclcpp/rclcpp/executor.hpp:37[m[K,
[39.321s]                  from [01m[K/opt/ros/humble/include/rclcpp/rclcpp/executors/multi_threaded_executor.hpp:25[m[K,
[39.321s]                  from [01m[K/opt/ros/humble/include/rclcpp/rclcpp/executors.hpp:21[m[K,
[39.321s]                  from [01m[K/opt/ros/humble/include/rclcpp/rclcpp/rclcpp.hpp:155[m[K,
[39.322s]                  from [01m[K/root/tracer_control_ws/src/tracer_ros/tracer_base/src/tracer_base_node.cpp:7[m[K:
[39.322s] [01m[K/root/tracer_control_ws/src/tracer_ros/tracer_base/src/tracer_base_node.cpp:[m[K In function â€˜[01m[Kint main(int, char**)[m[Kâ€™:
[39.322s] [01m[K/root/tracer_control_ws/src/tracer_ros/tracer_base/src/tracer_base_node.cpp:26:37:[m[K [01;35m[Kwarning: [m[Kformat â€˜[01m[K%p[m[Kâ€™ expects argument of type â€˜[01m[Kvoid*[m[Kâ€™, but argument 5 has type â€˜[01m[Kstd::__shared_ptr<westonrobot::TracerBaseV2, __gnu_cxx::_S_atomic>::element_type*[m[Kâ€™ {aka â€˜[01m[Kwestonrobot::TracerBaseV2*[m[Kâ€™} [[01;35m[K-Wformat=[m[K]
[39.322s]    26 |     RCLCPP_INFO(node->get_logger(), [01;35m[K"Robot object created at %p"[m[K, [32m[Krobot.get()[m[K);
[39.322s]       |                                     [01;35m[K^~~~~~~~~~~~~~~~~~~~~~~~~~~~[m[K  [32m[K~~~~~~~~~~~[m[K
[39.322s]       |                                                                            [32m[K|[m[K
[39.322s]       |                                                                            [32m[Kstd::__shared_ptr<westonrobot::TracerBaseV2, __gnu_cxx::_S_atomic>::element_type* {aka westonrobot::TracerBaseV2*}[m[K
[39.323s] [01m[K/root/tracer_control_ws/src/tracer_ros/tracer_base/src/tracer_base_node.cpp:26:63:[m[K [01;36m[Knote: [m[Kformat string is defined here
[39.323s]    26 |     RCLCPP_INFO(node->get_logger(), "Robot object created at [01;36m[K%p[m[K", robot.get());
[39.323s]       |                                                              [01;36m[K~^[m[K
[39.323s]       |                                                               [01;36m[K|[m[K
[39.323s]       |                                                               [01;36m[Kvoid*[m[K
[39.325s] In file included from [01m[K/opt/ros/humble/include/rclcpp/rclcpp/logging.hpp:24[m[K,
[39.326s]                  from [01m[K/opt/ros/humble/include/rclcpp/rclcpp/client.hpp:40[m[K,
[39.326s]                  from [01m[K/opt/ros/humble/include/rclcpp/rclcpp/callback_group.hpp:24[m[K,
[39.326s]                  from [01m[K/opt/ros/humble/include/rclcpp/rclcpp/any_executable.hpp:20[m[K,
[39.326s]                  from [01m[K/opt/ros/humble/include/rclcpp/rclcpp/memory_strategy.hpp:25[m[K,
[39.326s]                  from [01m[K/opt/ros/humble/include/rclcpp/rclcpp/memory_strategies.hpp:18[m[K,
[39.326s]                  from [01m[K/opt/ros/humble/include/rclcpp/rclcpp/executor_options.hpp:20[m[K,
[39.326s]                  from [01m[K/opt/ros/humble/include/rclcpp/rclcpp/executor.hpp:37[m[K,
[39.326s]                  from [01m[K/opt/ros/humble/include/rclcpp/rclcpp/executors/multi_threaded_executor.hpp:25[m[K,
[39.327s]                  from [01m[K/opt/ros/humble/include/rclcpp/rclcpp/executors.hpp:21[m[K,
[39.327s]                  from [01m[K/opt/ros/humble/include/rclcpp/rclcpp/rclcpp.hpp:155[m[K,
[39.327s]                  from [01m[K/root/tracer_control_ws/src/tracer_ros/tracer_base/src/tracer_base_node.cpp:7[m[K:
[39.327s] [01m[K/root/tracer_control_ws/src/tracer_ros/tracer_base/src/tracer_base_node.cpp:30:37:[m[K [01;35m[Kwarning: [m[Kformat â€˜[01m[K%p[m[Kâ€™ expects argument of type â€˜[01m[Kvoid*[m[Kâ€™, but argument 5 has type â€˜[01m[Kstd::__shared_ptr<westonrobot::TracerROSMessenger, __gnu_cxx::_S_atomic>::element_type*[m[Kâ€™ {aka â€˜[01m[Kwestonrobot::TracerROSMessenger*[m[Kâ€™} [[01;35m[K-Wformat=[m[K]
[39.327s]    30 |     RCLCPP_INFO(node->get_logger(), [01;35m[K"Messenger object created at %p"[m[K, [32m[Kmessenger.get()[m[K);
[39.327s]       |                                     [01;35m[K^~~~~~~~~~~~~~~~~~~~~~~~~~~~~~~~[m[K  [32m[K~~~~~~~~~~~~~~~[m[K
[39.327s]       |                                                                                    [32m[K|[m[K
[39.328s]       |                                                                                    [32m[Kstd::__shared_ptr<westonrobot::TracerROSMessenger, __gnu_cxx::_S_atomic>::element_type* {aka westonrobot::TracerROSMessenger*}[m[K
[39.328s] [01m[K/root/tracer_control_ws/src/tracer_ros/tracer_base/src/tracer_base_node.cpp:30:67:[m[K [01;36m[Knote: [m[Kformat string is defined here
[39.328s]    30 |     RCLCPP_INFO(node->get_logger(), "Messenger object created at [01;36m[K%p[m[K", messenger.get());
[39.328s]       |                                                                  [01;36m[K~^[m[K
[39.328s]       |                                                                   [01;36m[K|[m[K
[39.328s]       |                                                                   [01;36m[Kvoid*[m[K
[39.358s] [01m[K/root/tracer_control_ws/src/tracer_ros/tracer_base/src/tracer_base_node.cpp:182:20:[m[K [01;31m[Kerror: [m[Kâ€˜[01m[Kusing element_type = class westonrobot::TracerBaseV2[m[Kâ€™ {aka â€˜[01m[Kclass westonrobot::TracerBaseV2[m[Kâ€™} has no member named â€˜[01m[KDisconnect[m[Kâ€™; did you mean â€˜[01m[KConnect[m[Kâ€™?
[39.358s]   182 |             robot->[01;31m[KDisconnect[m[K();
[39.358s]       |                    [01;31m[K^~~~~~~~~~[m[K
[39.359s]       |                    [32m[KConnect[m[K
[40.886s] gmake[2]: *** [CMakeFiles/tracer_base_node.dir/build.make:76: CMakeFiles/tracer_base_node.dir/src/tracer_base_node.cpp.o] Error 1
[40.887s] gmake[1]: *** [CMakeFiles/Makefile2:165: CMakeFiles/tracer_base_node.dir/all] Error 2
[40.887s] gmake: *** [Makefile:146: all] Error 2
[40.893s] Invoked command in '/root/tracer_control_ws/build/tracer_base' returned '2': CMAKE_PREFIX_PATH=/opt/ros/humble:/root/tracer_control_ws/install/ugv_sdk:/root/tracer_control_ws/install/tracer_msgs:/root/tracer_control_ws/install/tracer_base LD_LIBRARY_PATH=/root/tracer_control_ws/install/tracer_msgs/lib:/root/tracer_control_ws/install/tracer_base/lib:/opt/ros/humble/opt/rviz_ogre_vendor/lib:/opt/ros/humble/lib/aarch64-linux-gnu:/opt/ros/humble/lib:/usr/local/cuda/lib64 /usr/bin/cmake --build /root/tracer_control_ws/build/tracer_base -- -j12 -l12
