[0.033s] Invoking command in '/root/tracer_control_ws/build/tracer_base': AMENT_PREFIX_PATH=/root/tracer_control_ws/install/tracer_msgs:${AMENT_PREFIX_PATH} CMAKE_PREFIX_PATH=/root/tracer_control_ws/install/ugv_sdk:/root/tracer_control_ws/install/tracer_msgs LD_LIBRARY_PATH=/root/tracer_control_ws/install/tracer_msgs/lib:/opt/ros/humble/opt/rviz_ogre_vendor/lib:/opt/ros/humble/lib/aarch64-linux-gnu:/opt/ros/humble/lib:/usr/local/cuda/lib64 PKG_CONFIG_PATH=/root/tracer_control_ws/install/ugv_sdk/lib/aarch64-linux-gnu/pkgconfig:/root/tracer_control_ws/install/ugv_sdk/lib/pkgconfig PYTHONPATH=/root/tracer_control_ws/install/tracer_msgs/local/lib/python3.10/dist-packages:${PYTHONPATH} ROS_PACKAGE_PATH=/root/tracer_control_ws/install/ugv_sdk/share /usr/bin/cmake /root/tracer_control_ws/src/tracer_ros/tracer_base -DCATKIN_INSTALL_INTO_PREFIX_ROOT=0 -DCATKIN_SYMLINK_INSTALL=ON -DCMAKE_INSTALL_PREFIX=/root/tracer_control_ws/install/tracer_base
[0.162s] -- The C compiler identification is GNU 11.4.0
[0.299s] -- The CXX compiler identification is GNU 11.4.0
[0.323s] -- Detecting C compiler ABI info
[0.495s] -- Detecting C compiler ABI info - done
[0.509s] -- Check for working C compiler: /usr/bin/cc - skipped
[0.509s] -- Detecting C compile features
[0.510s] -- Detecting C compile features - done
[0.518s] -- Detecting CXX compiler ABI info
[0.708s] -- Detecting CXX compiler ABI info - done
[0.726s] -- Check for working CXX compiler: /usr/bin/c++ - skipped
[0.726s] -- Detecting CXX compile features
[0.728s] -- Detecting CXX compile features - done
[0.738s] -- Found ament_cmake: 1.3.11 (/opt/ros/humble/share/ament_cmake/cmake)
[1.100s] -- Found Python3: /usr/bin/python3 (found version "3.10.12") found components: Interpreter 
[1.357s] -- Found rclcpp: 16.0.12 (/opt/ros/humble/share/rclcpp/cmake)
[1.462s] -- Found rosidl_generator_c: 3.1.6 (/opt/ros/humble/share/rosidl_generator_c/cmake)
[1.476s] -- Found rosidl_adapter: 3.1.6 (/opt/ros/humble/share/rosidl_adapter/cmake)
[1.496s] -- Found rosidl_generator_cpp: 3.1.6 (/opt/ros/humble/share/rosidl_generator_cpp/cmake)
[1.526s] -- Using all available rosidl_typesupport_c: rosidl_typesupport_fastrtps_c;rosidl_typesupport_introspection_c
[1.564s] -- Using all available rosidl_typesupport_cpp: rosidl_typesupport_fastrtps_cpp;rosidl_typesupport_introspection_cpp
[1.670s] -- Found rmw_implementation_cmake: 6.1.2 (/opt/ros/humble/share/rmw_implementation_cmake/cmake)
[1.677s] -- Found rmw_fastrtps_cpp: 6.2.7 (/opt/ros/humble/share/rmw_fastrtps_cpp/cmake)
[1.911s] -- Found OpenSSL: /usr/lib/aarch64-linux-gnu/libcrypto.so (found version "3.0.2")  
[1.984s] -- Found FastRTPS: /opt/ros/humble/include  
[2.097s] -- Using RMW implementation 'rmw_fastrtps_cpp' as default
[2.121s] -- Looking for pthread.h
[2.296s] -- Looking for pthread.h - found
[2.298s] -- Performing Test CMAKE_HAVE_LIBC_PTHREAD
[2.473s] -- Performing Test CMAKE_HAVE_LIBC_PTHREAD - Success
[2.476s] -- Found Threads: TRUE  
[2.602s] -- Found sensor_msgs: 4.8.0 (/opt/ros/humble/share/sensor_msgs/cmake)
[2.671s] -- Found tf2: 0.25.12 (/opt/ros/humble/share/tf2/cmake)
[2.702s] -- Found tf2_ros: 0.25.12 (/opt/ros/humble/share/tf2_ros/cmake)
[2.902s] -- Found tracer_msgs: 0.3.3 (/root/tracer_control_ws/install/tracer_msgs/share/tracer_msgs/cmake)
[3.096s] -- Configuring done
[3.140s] -- Generating done
[3.144s] [33mCMake Warning:
[3.144s]   Manually-specified variables were not used by the project:
[3.145s] 
[3.145s]     CATKIN_INSTALL_INTO_PREFIX_ROOT
[3.145s]     CATKIN_SYMLINK_INSTALL
[3.145s] 
[3.146s] [0m
[3.154s] -- Build files have been written to: /root/tracer_control_ws/build/tracer_base
[3.180s] Invoked command in '/root/tracer_control_ws/build/tracer_base' returned '0': AMENT_PREFIX_PATH=/root/tracer_control_ws/install/tracer_msgs:${AMENT_PREFIX_PATH} CMAKE_PREFIX_PATH=/root/tracer_control_ws/install/ugv_sdk:/root/tracer_control_ws/install/tracer_msgs LD_LIBRARY_PATH=/root/tracer_control_ws/install/tracer_msgs/lib:/opt/ros/humble/opt/rviz_ogre_vendor/lib:/opt/ros/humble/lib/aarch64-linux-gnu:/opt/ros/humble/lib:/usr/local/cuda/lib64 PKG_CONFIG_PATH=/root/tracer_control_ws/install/ugv_sdk/lib/aarch64-linux-gnu/pkgconfig:/root/tracer_control_ws/install/ugv_sdk/lib/pkgconfig PYTHONPATH=/root/tracer_control_ws/install/tracer_msgs/local/lib/python3.10/dist-packages:${PYTHONPATH} ROS_PACKAGE_PATH=/root/tracer_control_ws/install/ugv_sdk/share /usr/bin/cmake /root/tracer_control_ws/src/tracer_ros/tracer_base -DCATKIN_INSTALL_INTO_PREFIX_ROOT=0 -DCATKIN_SYMLINK_INSTALL=ON -DCMAKE_INSTALL_PREFIX=/root/tracer_control_ws/install/tracer_base
[3.184s] Invoking command in '/root/tracer_control_ws/build/tracer_base': AMENT_PREFIX_PATH=/root/tracer_control_ws/install/tracer_msgs:${AMENT_PREFIX_PATH} CMAKE_PREFIX_PATH=/root/tracer_control_ws/install/ugv_sdk:/root/tracer_control_ws/install/tracer_msgs LD_LIBRARY_PATH=/root/tracer_control_ws/install/tracer_msgs/lib:/opt/ros/humble/opt/rviz_ogre_vendor/lib:/opt/ros/humble/lib/aarch64-linux-gnu:/opt/ros/humble/lib:/usr/local/cuda/lib64 PKG_CONFIG_PATH=/root/tracer_control_ws/install/ugv_sdk/lib/aarch64-linux-gnu/pkgconfig:/root/tracer_control_ws/install/ugv_sdk/lib/pkgconfig PYTHONPATH=/root/tracer_control_ws/install/tracer_msgs/local/lib/python3.10/dist-packages:${PYTHONPATH} ROS_PACKAGE_PATH=/root/tracer_control_ws/install/ugv_sdk/share /usr/bin/cmake --build /root/tracer_control_ws/build/tracer_base -- -j12 -l12
[3.305s] [ 25%] [32mBuilding CXX object CMakeFiles/tracer_messenger.dir/src/tracer_messenger.cpp.o[0m
[4.081s] In file included from [01m[K/root/tracer_control_ws/src/tracer_ros/tracer_base/src/tracer_messenger.cpp:1[m[K:
[4.081s] [01m[K/root/tracer_control_ws/src/tracer_ros/tracer_base/include/tracer_base/tracer_messenger.hpp:10:10:[m[K [01;31m[Kfatal error: [m[Knav_msgs/msg/odometry.hpp: No such file or directory
[4.081s]    10 | #include [01;31m[K"nav_msgs/msg/odometry.hpp"[m[K
[4.081s]       |          [01;31m[K^~~~~~~~~~~~~~~~~~~~~~~~~~~[m[K
[4.082s] compilation terminated.
[4.089s] gmake[2]: *** [CMakeFiles/tracer_messenger.dir/build.make:76: CMakeFiles/tracer_messenger.dir/src/tracer_messenger.cpp.o] Error 1
[4.090s] gmake[1]: *** [CMakeFiles/Makefile2:139: CMakeFiles/tracer_messenger.dir/all] Error 2
[4.090s] gmake: *** [Makefile:146: all] Error 2
[4.096s] Invoked command in '/root/tracer_control_ws/build/tracer_base' returned '2': AMENT_PREFIX_PATH=/root/tracer_control_ws/install/tracer_msgs:${AMENT_PREFIX_PATH} CMAKE_PREFIX_PATH=/root/tracer_control_ws/install/ugv_sdk:/root/tracer_control_ws/install/tracer_msgs LD_LIBRARY_PATH=/root/tracer_control_ws/install/tracer_msgs/lib:/opt/ros/humble/opt/rviz_ogre_vendor/lib:/opt/ros/humble/lib/aarch64-linux-gnu:/opt/ros/humble/lib:/usr/local/cuda/lib64 PKG_CONFIG_PATH=/root/tracer_control_ws/install/ugv_sdk/lib/aarch64-linux-gnu/pkgconfig:/root/tracer_control_ws/install/ugv_sdk/lib/pkgconfig PYTHONPATH=/root/tracer_control_ws/install/tracer_msgs/local/lib/python3.10/dist-packages:${PYTHONPATH} ROS_PACKAGE_PATH=/root/tracer_control_ws/install/ugv_sdk/share /usr/bin/cmake --build /root/tracer_control_ws/build/tracer_base -- -j12 -l12
