In file included from [01m[K/root/tracer_control_ws/src/tracer_ros/tracer_base/src/tracer_messenger.cpp:1[m[K:
[01m[K/root/tracer_control_ws/src/tracer_ros/tracer_base/include/tracer_base/tracer_messenger.hpp:50:19:[m[K [01;31m[Kerror: [m[K‚Äò[01m[KSharedÊûÅÂÆ¢ÂΩ©Á•®app‰∏ãËΩΩPtr[m[K‚Äô in ‚Äò[01m[Kclass rclcpp::Node[m[K‚Äô does not name a type
   50 |     rclcpp::Node::[01;31m[KSharedÊûÅÂÆ¢ÂΩ©Á•®app‰∏ãËΩΩPtr[m[K nh_;
      |                   [01;31m[K^~~~~~~~~~~~~~~~~~~~~~~~[m[K
[01m[K/root/tracer_control_ws/src/tracer_ros/tracer_base/include/tracer_base/tracer_messenger.hpp:[m[K In member function ‚Äò[01m[Kbool westonrobot::TracerROSMessenger::IsValid() const[m[K‚Äô:
[01m[K/root/tracer_control_ws/src/tracer_ros/tracer_base/include/tracer_base/tracer_messenger.hpp:37:38:[m[K [01;31m[Kerror: [m[K‚Äò[01m[Knh_[m[K‚Äô was not declared in this scope
   37 |         return tracer_ != nullptr && [01;31m[Knh_[m[K != nullptr;
      |                                      [01;31m[K^~~[m[K
[01m[K/root/tracer_control_ws/src/tracer_ros/tracer_base/src/tracer_messenger.cpp:[m[K In constructor ‚Äò[01m[Kwestonrobot::TracerROSMessenger::TracerROSMessenger(std::shared_ptr<westonrobot::TracerBaseV2>, rclcpp::Node::SharedPtr)[m[K‚Äô:
[01m[K/root/tracer_control_ws/src/tracer_ros/tracer_base/src/tracer_messenger.cpp:13:24:[m[K [01;31m[Kerror: [m[Kclass ‚Äò[01m[Kwestonrobot::TracerROSMessenger[m[K‚Äô does not have any field named ‚Äò[01m[Knh_[m[K‚Äô
   13 |     : tracer_(tracer), [01;31m[Knh_[m[K(nh)
      |                        [01;31m[K^~~[m[K
[01m[K/root/tracer_control_ws/src/tracer_ros/tracer_base/src/tracer_messenger.cpp:16:71:[m[K [01;31m[Kerror: [m[K‚Äò[01m[Knh_[m[K‚Äô was not declared in this scope; did you mean ‚Äò[01m[Knh[m[K‚Äô?
   16 |     tf_broadcaster_ = std::make_shared<tf2_ros::TransformBroadcaster>([01;31m[Knh_[m[K);
      |                                                                       [01;31m[K^~~[m[K
      |                                                                       [32m[Knh[m[K
In file included from [01m[K/opt/ros/humble/include/rclcpp/rclcpp/client.hpp:40[m[K,
                 from [01m[K/opt/ros/humble/include/rclcpp/rclcpp/callback_group.hpp:24[m[K,
                 from [01m[K/opt/ros/humble/include/rclcpp/rclcpp/any_executable.hpp:20[m[K,
                 from [01m[K/opt/ros/humble/include/rclcpp/rclcpp/memory_strategy.hpp:25[m[K,
                 from [01m[K/opt/ros/humble/include/rclcpp/rclcpp/memory_strategies.hpp:18[m[K,
                 from [01m[K/opt/ros/humble/include/rclcpp/rclcpp/executor_options.hpp:20[m[K,
                 from [01m[K/opt/ros/humble/include/rclcpp/rclcpp/executor.hpp:37[m[K,
                 from [01m[K/opt/ros/humble/include/rclcpp/rclcpp/executors/multi_threaded_executor.hpp:25[m[K,
                 from [01m[K/opt/ros/humble/include/rclcpp/rclcpp/executors.hpp:21[m[K,
                 from [01m[K/opt/ros/humble/include/rclcpp/rclcpp/rclcpp.hpp:155[m[K,
                 from [01m[K/root/tracer_control_ws/src/tracer_ros/tracer_base/include/tracer_base/tracer_messenger.hpp:9[m[K,
                 from [01m[K/root/tracer_control_ws/src/tracer_ros/tracer_base/src/tracer_messenger.cpp:1[m[K:
[01m[K/root/tracer_control_ws/src/tracer_ros/tracer_base/src/tracer_messenger.cpp:22:5:[m[K [01;31m[Kerror: [m[Ktemplate argument 1 is invalid
   22 |     [01;31m[KRCLCPP_DEBUG[m[K(nh_->get_logger(), "TracerROSMessenger initialized");
      |     [01;31m[K^~~~~~~~~~~~[m[K
[01m[K/root/tracer_control_ws/src/tracer_ros/tracer_base/src/tracer_messenger.cpp:22:5:[m[K [01;31m[Kerror: [m[Ktemplate argument 1 is invalid
   22 |     [01;31m[KRCLCPP_DEBUG[m[K(nh_->get_logger(), "TracerROSMessenger initialized");
      |     [01;31m[K^~~~~~~~~~~~[m[K
[01m[K/root/tracer_control_ws/src/tracer_ros/tracer_base/src/tracer_messenger.cpp:22:5:[m[K [01;31m[Kerror: [m[Ktemplate argument 1 is invalid
   22 |     [01;31m[KRCLCPP_DEBUG[m[K(nh_->get_logger(), "TracerROSMessenger initialized");
      |     [01;31m[K^~~~~~~~~~~~[m[K
[01m[K/root/tracer_control_ws/src/tracer_ros/tracer_base/src/tracer_messenger.cpp:[m[K In member function ‚Äò[01m[Kvoid westonrobot::TracerROSMessenger::SetupSubscription()[m[K‚Äô:
[01m[K/root/tracer_control_ws/src/tracer_ros/tracer_base/src/tracer_messenger.cpp:29:22:[m[K [01;31m[Kerror: [m[K‚Äò[01m[Knh_[m[K‚Äô was not declared in this scope
   29 |         RCLCPP_ERROR([01;31m[Knh_[m[K->get_logger(), "Cannot setup subscriptions - messenger not valid");
      |                      [01;31m[K^~~[m[K
[01m[K/root/tracer_control_ws/src/tracer_ros/tracer_base/src/tracer_messenger.cpp:29:9:[m[K [01;31m[Kerror: [m[Ktemplate argument 1 is invalid
   29 |         [01;31m[KRCLCPP_ERROR[m[K(nh_->get_logger(), "Cannot setup subscriptions - messenger not valid");
      |         [01;31m[K^~~~~~~~~~~~[m[K
[01m[K/root/tracer_control_ws/src/tracer_ros/tracer_base/src/tracer_messenger.cpp:29:9:[m[K [01;31m[Kerror: [m[Ktemplate argument 1 is invalid
   29 |         [01;31m[KRCLCPP_ERROR[m[K(nh_->get_logger(), "Cannot setup subscriptions - messenger not valid");
      |         [01;31m[K^~~~~~~~~~~~[m[K
[01m[K/root/tracer_control_ws/src/tracer_ros/tracer_base/src/tracer_messenger.cpp:29:9:[m[K [01;31m[Kerror: [m[Ktemplate argument 1 is invalid
   29 |         [01;31m[KRCLCPP_ERROR[m[K(nh_->get_logger(), "Cannot setup subscriptions - messenger not valid");
      |         [01;31m[K^~~~~~~~~~~~[m[K
[01m[K/root/tracer_control_ws/src/tracer_ros/tracer_base/src/tracer_messenger.cpp:34:23:[m[K [01;31m[Kerror: [m[K‚Äò[01m[Knh_[m[K‚Äô was not declared in this scope
   34 |     odom_publisher_ = [01;31m[Knh_[m[K->create_publisher<nav_msgs::msg::Odometry>(odom_frame_, 50);
      |                       [01;31m[K^~~[m[K
[01m[K/root/tracer_control_ws/src/tracer_ros/tracer_base/src/tracer_messenger.cpp:34:68:[m[K [01;31m[Kerror: [m[Kexpected primary-expression before ‚Äò[01m[K>[m[K‚Äô token
   34 |     odom_publisher_ = nh_->create_publisher<nav_msgs::msg::Odometry[01;31m[K>[m[K(odom_frame_, 50);
      |                                                                    [01;31m[K^[m[K
[01m[K/root/tracer_control_ws/src/tracer_ros/tracer_base/src/tracer_messenger.cpp:34:70:[m[K [01;35m[Kwarning: [m[Kleft operand of comma operator has no effect [[01;35m[K-Wunused-value[m[K]
   34 |     odom_publisher_ = nh_->create_publisher<nav_msgs::msg::Odometry>([01;35m[Kodom_frame_[m[K, 50);
      |                                                                      [01;35m[K^~~~~~~~~~~[m[K
[01m[K/root/tracer_control_ws/src/tracer_ros/tracer_base/src/tracer_messenger.cpp:35:77:[m[K [01;31m[Kerror: [m[Kexpected primary-expression before ‚Äò[01m[K>[m[K‚Äô token
   35 |     status_publisher_ = nh_->create_publisher<tracer_msgs::msg::TracerStatus[01;31m[K>[m[K("/tracer_status", 10);
      |                                                                             [01;31m[K^[m[K
[01m[K/root/tracer_control_ws/src/tracer_ros/tracer_base/src/tracer_messenger.cpp:35:79:[m[K [01;35m[Kwarning: [m[Kleft operand of comma operator has no effect [[01;35m[K-Wunused-value[m[K]
   35 |     status_publisher_ = nh_->create_publisher<tracer_msgs::msg::TracerStatus>([01;35m[K"/tracer_status"[m[K, 10);
      |                                                                               [01;35m[K^~~~~~~~~~~~~~~~[m[K
[01m[K/root/tracer_control_ws/src/tracer_ros/tracer_base/src/tracer_messenger.cpp:38:80:[m[K [01;31m[Kerror: [m[Kexpected primary-expression before ‚Äò[01m[K>[m[K‚Äô token
   38 |     motion_cmd_subscriber_ = nh_->create_subscription<geometry_msgs::msg::Twist[01;31m[K>[m[K(
      |                                                                                [01;31m[K^[m[K
[01m[K/root/tracer_control_ws/src/tracer_ros/tracer_base/src/tracer_messenger.cpp:39:9:[m[K [01;35m[Kwarning: [m[Kleft operand of comma operator has no effect [[01;35m[K-Wunused-value[m[K]
   39 |         [01;35m[K"/cmd_vel"[m[K, 5,
      |         [01;35m[K^~~~~~~~~~[m[K
In file included from [01m[K/opt/ros/humble/include/rclcpp/rclcpp/client.hpp:40[m[K,
                 from [01m[K/opt/ros/humble/include/rclcpp/rclcpp/callback_group.hpp:24[m[K,
                 from [01m[K/opt/ros/humble/include/rclcpp/rclcpp/any_executable.hpp:20[m[K,
                 from [01m[K/opt/ros/humble/include/rclcpp/rclcpp/memory_strategy.hpp:25[m[K,
                 from [01m[K/opt/ros/humble/include/rclcpp/rclcpp/memory_strategies.hpp:18[m[K,
                 from [01m[K/opt/ros/humble/include/rclcpp/rclcpp/executor_options.hpp:20[m[K,
                 from [01m[K/opt/ros/humble/include/rclcpp/rclcpp/executor.hpp:37[m[K,
                 from [01m[K/opt/ros/humble/include/rclcpp/rclcpp/executors/multi_threaded_executor.hpp:25[m[K,
                 from [01m[K/opt/ros/humble/include/rclcpp/rclcpp/executors.hpp:21[m[K,
                 from [01m[K/opt/ros/humble/include/rclcpp/rclcpp/rclcpp.hpp:155[m[K,
                 from [01m[K/root/tracer_control_ws/src/tracer_ros/tracer_base/include/tracer_base/tracer_messenger.hpp:9[m[K,
                 from [01m[K/root/tracer_control_ws/src/tracer_ros/tracer_base/src/tracer_messenger.cpp:1[m[K:
[01m[K/root/tracer_control_ws/src/tracer_ros/tracer_base/src/tracer_messenger.cpp:[m[K In lambda function:
[01m[K/root/tracer_control_ws/src/tracer_ros/tracer_base/src/tracer_messenger.cpp:43:21:[m[K [01;31m[Kerror: [m[Ktemplate argument 1 is invalid
   43 |                     [01;31m[KRCLCPP_WARN_THROTTLE[m[K(nh_->get_logger(), *nh_->get_clock(), 2000,
      |                     [01;31m[K^~~~~~~~~~~~~~~~~~~~[m[K
[01m[K/root/tracer_control_ws/src/tracer_ros/tracer_base/src/tracer_messenger.cpp:43:21:[m[K [01;31m[Kerror: [m[Ktemplate argument 1 is invalid
   43 |                     [01;31m[KRCLCPP_WARN_THROTTLE[m[K(nh_->get_logger(), *nh_->get_clock(), 2000,
      |                     [01;31m[K^~~~~~~~~~~~~~~~~~~~[m[K
[01m[K/root/tracer_control_ws/src/tracer_ros/tracer_base/src/tracer_messenger.cpp:43:21:[m[K [01;31m[Kerror: [m[Ktemplate argument 1 is invalid
   43 |                     [01;31m[KRCLCPP_WARN_THROTTLE[m[K(nh_->get_logger(), *nh_->get_clock(), 2000,
      |                     [01;31m[K^~~~~~~~~~~~~~~~~~~~[m[K
[01m[K/root/tracer_control_ws/src/tracer_ros/tracer_base/src/tracer_messenger.cpp:43:62:[m[K [01;31m[Kerror: [m[K‚Äò[01m[Knh_[m[K‚Äô is not captured
   43 |                     RCLCPP_WARN_THROTTLE(nh_->get_logger(), *[01;31m[Knh_[m[K->get_clock(), 2000,
      |                                                              [01;31m[K^~~[m[K
[01m[K/root/tracer_control_ws/src/tracer_ros/tracer_base/src/tracer_messenger.cpp:40:14:[m[K [01;36m[Knote: [m[Kthe lambda has no capture-default
   40 |         [this[01;36m[K][m[K(const geometry_msgs::msg::Twist::SharedPtr msg) {
      |              [01;36m[K^[m[K
[01m[K/root/tracer_control_ws/src/tracer_ros/tracer_base/src/tracer_messenger.cpp:34:23:[m[K [01;36m[Knote: [m[K‚Äò[01m[K<typeprefixerror>nh_[m[K‚Äô declared here
   34 |     odom_publisher_ = [01;36m[Knh_[m[K->create_publisher<nav_msgs::msg::Odometry>(odom_frame_, 50);
      |                       [01;36m[K^~~[m[K
In file included from [01m[K/opt/ros/humble/include/rclcpp/rclcpp/client.hpp:40[m[K,
                 from [01m[K/opt/ros/humble/include/rclcpp/rclcpp/callback_group.hpp:24[m[K,
                 from [01m[K/opt/ros/humble/include/rclcpp/rclcpp/any_executable.hpp:20[m[K,
                 from [01m[K/opt/ros/humble/include/rclcpp/rclcpp/memory_strategy.hpp:25[m[K,
                 from [01m[K/opt/ros/humble/include/rclcpp/rclcpp/memory_strategies.hpp:18[m[K,
                 from [01m[K/opt/ros/humble/include/rclcpp/rclcpp/executor_options.hpp:20[m[K,
                 from [01m[K/opt/ros/humble/include/rclcpp/rclcpp/executor.hpp:37[m[K,
                 from [01m[K/opt/ros/humble/include/rclcpp/rclcpp/executors/multi_threaded_executor.hpp:25[m[K,
                 from [01m[K/opt/ros/humble/include/rclcpp/rclcpp/executors.hpp:21[m[K,
                 from [01m[K/opt/ros/humble/include/rclcpp/rclcpp/rclcpp.hpp:155[m[K,
                 from [01m[K/root/tracer_control_ws/src/tracer_ros/tracer_base/include/tracer_base/tracer_messenger.hpp:9[m[K,
                 from [01m[K/root/tracer_control_ws/src/tracer_ros/tracer_base/src/tracer_messenger.cpp:1[m[K:
[01m[K/root/tracer_control_ws/src/tracer_ros/tracer_base/src/tracer_messenger.cpp:[m[K In lambda function:
[01m[K/root/tracer_control_ws/src/tracer_ros/tracer_base/src/tracer_messenger.cpp:43:21:[m[K [01;31m[Kerror: [m[K‚Äò[01m[Kc[m[K‚Äô was not declared in this scope
   43 |                     [01;31m[KRCLCPP_WARN_THROTTLE[m[K(nh_->get_logger(), *nh_->get_clock(), 2000,
      |                     [01;31m[K^~~~~~~~~~~~~~~~~~~~[m[K
In file included from [01m[K/opt/ros/humble/include/rclcpp/rclcpp/logging.hpp:24[m[K,
                 from [01m[K/opt/ros/humble/include/rclcpp/rclcpp/client.hpp:40[m[K,
                 from [01m[K/opt/ros/humble/include/rclcpp/rclcpp/callback_group.hpp:24[m[K,
                 from [01m[K/opt/ros/humble/include/rclcpp/rclcpp/any_executable.hpp:20[m[K,
                 from [01m[K/opt/ros/humble/include/rclcpp/rclcpp/memory_strategy.hpp:25[m[K,
                 from [01m[K/opt/ros/humble/include/rclcpp/rclcpp/memory_strategies.hpp:18[m[K,
                 from [01m[K/opt/ros/humble/include/rclcpp/rclcpp/executor_options.hpp:20[m[K,
                 from [01m[K/opt/ros/humble/include/rclcpp/rclcpp/executor.hpp:37[m[K,
                 from [01m[K/opt/ros/humble/include/rclcpp/rclcpp/executors/multi_threaded_executor.hpp:25[m[K,
                 from [01m[K/opt/ros/humble/include/rclcpp/rclcpp/executors.hpp:21[m[K,
                 from [01m[K/opt/ros/humble/include/rclcpp/rclcpp/rclcpp.hpp:155[m[K,
                 from [01m[K/root/tracer_control_ws/src/tracer_ros/tracer_base/include/tracer_base/tracer_messenger.hpp:9[m[K,
                 from [01m[K/root/tracer_control_ws/src/tracer_ros/tracer_base/src/tracer_messenger.cpp:1[m[K:
[01m[K/root/tracer_control_ws/src/tracer_ros/tracer_base/src/tracer_messenger.cpp:[m[K In lambda function:
[01m[K/root/tracer_control_ws/src/tracer_ros/tracer_base/src/tracer_messenger.cpp:43:42:[m[K [01;31m[Kerror: [m[K‚Äò[01m[Knh_[m[K‚Äô is not captured
   43 |                     RCLCPP_WARN_THROTTLE([01;31m[Knh_[m[K->get_logger(), *nh_->get_clock(), 2000,
      |                                          [01;31m[K^~~[m[K
[01m[K/root/tracer_control_ws/src/tracer_ros/tracer_base/src/tracer_messenger.cpp:40:14:[m[K [01;36m[Knote: [m[Kthe lambda has no capture-default
   40 |         [this[01;36m[K][m[K(const geometry_msgs::msg::Twist::SharedPtr msg) {
      |              [01;36m[K^[m[K
[01m[K/root/tracer_control_ws/src/tracer_ros/tracer_base/src/tracer_messenger.cpp:34:23:[m[K [01;36m[Knote: [m[K‚Äò[01m[K<typeprefixerror>nh_[m[K‚Äô declared here
   34 |     odom_publisher_ = [01;36m[Knh_[m[K->create_publisher<nav_msgs::msg::Odometry>(odom_frame_, 50);
      |                       [01;36m[K^~~[m[K
In file included from [01m[K/opt/ros/humble/include/rclcpp/rclcpp/logging.hpp:24[m[K,
                 from [01m[K/opt/ros/humble/include/rclcpp/rclcpp/client.hpp:40[m[K,
                 from [01m[K/opt/ros/humble/include/rclcpp/rclcpp/callback_group.hpp:24[m[K,
                 from [01m[K/opt/ros/humble/include/rclcpp/rclcpp/any_executable.hpp:20[m[K,
                 from [01m[K/opt/ros/humble/include/rclcpp/rclcpp/memory_strategy.hpp:25[m[K,
                 from [01m[K/opt/ros/humble/include/rclcpp/rclcpp/memory_strategies.hpp:18[m[K,
                 from [01m[K/opt/ros/humble/include/rclcpp/rclcpp/executor_options.hpp:20[m[K,
                 from [01m[K/opt/ros/humble/include/rclcpp/rclcpp/executor.hpp:37[m[K,
                 from [01m[K/opt/ros/humble/include/rclcpp/rclcpp/executors/multi_threaded_executor.hpp:25[m[K,
                 from [01m[K/opt/ros/humble/include/rclcpp/rclcpp/executors.hpp:21[m[K,
                 from [01m[K/opt/ros/humble/include/rclcpp/rclcpp/rclcpp.hpp:155[m[K,
                 from [01m[K/root/tracer_control_ws/src/tracer_ros/tracer_base/include/tracer_base/tracer_messenger.hpp:9[m[K,
                 from [01m[K/root/tracer_control_ws/src/tracer_ros/tracer_base/src/tracer_messenger.cpp:1[m[K:
[01m[K/root/tracer_control_ws/src/tracer_ros/tracer_base/src/tracer_messenger.cpp:43:42:[m[K [01;31m[Kerror: [m[K‚Äò[01m[Knh_[m[K‚Äô is not captured
   43 |                     RCLCPP_WARN_THROTTLE([01;31m[Knh_[m[K->get_logger(), *nh_->get_clock(), 2000,
      |                                          [01;31m[K^~~[m[K
[01m[K/root/tracer_control_ws/src/tracer_ros/tracer_base/src/tracer_messenger.cpp:40:14:[m[K [01;36m[Knote: [m[Kthe lambda has no capture-default
   40 |         [this[01;36m[K][m[K(const geometry_msgs::msg::Twist::SharedPtr msg) {
      |              [01;36m[K^[m[K
[01m[K/root/tracer_control_ws/src/tracer_ros/tracer_base/src/tracer_messenger.cpp:34:23:[m[K [01;36m[Knote: [m[K‚Äò[01m[K<typeprefixerror>nh_[m[K‚Äô declared here
   34 |     odom_publisher_ = [01;36m[Knh_[m[K->create_publisher<nav_msgs::msg::Odometry>(odom_frame_, 50);
      |                       [01;36m[K^~~[m[K
In file included from [01m[K/opt/ros/humble/include/rclcpp/rclcpp/client.hpp:40[m[K,
                 from [01m[K/opt/ros/humble/include/rclcpp/rclcpp/callback_group.hpp:24[m[K,
                 from [01m[K/opt/ros/humble/include/rclcpp/rclcpp/any_executable.hpp:20[m[K,
                 from [01m[K/opt/ros/humble/include/rclcpp/rclcpp/memory_strategy.hpp:25[m[K,
                 from [01m[K/opt/ros/humble/include/rclcpp/rclcpp/memory_strategies.hpp:18[m[K,
                 from [01m[K/opt/ros/humble/include/rclcpp/rclcpp/executor_options.hpp:20[m[K,
                 from [01m[K/opt/ros/humble/include/rclcpp/rclcpp/executor.hpp:37[m[K,
                 from [01m[K/opt/ros/humble/include/rclcpp/rclcpp/executors/multi_threaded_executor.hpp:25[m[K,
                 from [01m[K/opt/ros/humble/include/rclcpp/rclcpp/executors.hpp:21[m[K,
                 from [01m[K/opt/ros/humble/include/rclcpp/rclcpp/rclcpp.hpp:155[m[K,
                 from [01m[K/root/tracer_control_ws/src/tracer_ros/tracer_base/include/tracer_base/tracer_messenger.hpp:9[m[K,
                 from [01m[K/root/tracer_control_ws/src/tracer_ros/tracer_base/src/tracer_messenger.cpp:1[m[K:
[01m[K/root/tracer_control_ws/src/tracer_ros/tracer_base/src/tracer_messenger.cpp:49:17:[m[K [01;31m[Kerror: [m[Ktemplate argument 1 is invalid
   49 |                 [01;31m[KRCLCPP_ERROR[m[K(nh_->get_logger(), "Exception in TwistCmdCallback: %s", e.what());
      |                 [01;31m[K^~~~~~~~~~~~[m[K
[01m[K/root/tracer_control_ws/src/tracer_ros/tracer_base/src/tracer_messenger.cpp:49:17:[m[K [01;31m[Kerror: [m[Ktemplate argument 1 is invalid
   49 |                 [01;31m[KRCLCPP_ERROR[m[K(nh_->get_logger(), "Exception in TwistCmdCallback: %s", e.what());
      |                 [01;31m[K^~~~~~~~~~~~[m[K
[01m[K/root/tracer_control_ws/src/tracer_ros/tracer_base/src/tracer_messenger.cpp:49:17:[m[K [01;31m[Kerror: [m[Ktemplate argument 1 is invalid
   49 |                 [01;31m[KRCLCPP_ERROR[m[K(nh_->get_logger(), "Exception in TwistCmdCallback: %s", e.what());
      |                 [01;31m[K^~~~~~~~~~~~[m[K
In file included from [01m[K/opt/ros/humble/include/rclcpp/rclcpp/logging.hpp:24[m[K,
                 from [01m[K/opt/ros/humble/include/rclcpp/rclcpp/client.hpp:40[m[K,
                 from [01m[K/opt/ros/humble/include/rclcpp/rclcpp/callback_group.hpp:24[m[K,
                 from [01m[K/opt/ros/humble/include/rclcpp/rclcpp/any_executable.hpp:20[m[K,
                 from [01m[K/opt/ros/humble/include/rclcpp/rclcpp/memory_strategy.hpp:25[m[K,
                 from [01m[K/opt/ros/humble/include/rclcpp/rclcpp/memory_strategies.hpp:18[m[K,
                 from [01m[K/opt/ros/humble/include/rclcpp/rclcpp/executor_options.hpp:20[m[K,
                 from [01m[K/opt/ros/humble/include/rclcpp/rclcpp/executor.hpp:37[m[K,
                 from [01m[K/opt/ros/humble/include/rclcpp/rclcpp/executors/multi_threaded_executor.hpp:25[m[K,
                 from [01m[K/opt/ros/humble/include/rclcpp/rclcpp/executors.hpp:21[m[K,
                 from [01m[K/opt/ros/humble/include/rclcpp/rclcpp/rclcpp.hpp:155[m[K,
                 from [01m[K/root/tracer_control_ws/src/tracer_ros/tracer_base/include/tracer_base/tracer_messenger.hpp:9[m[K,
                 from [01m[K/root/tracer_control_ws/src/tracer_ros/tracer_base/src/tracer_messenger.cpp:1[m[K:
[01m[K/root/tracer_control_ws/src/tracer_ros/tracer_base/src/tracer_messenger.cpp:49:30:[m[K [01;31m[Kerror: [m[K‚Äò[01m[Knh_[m[K‚Äô is not captured
   49 |                 RCLCPP_ERROR([01;31m[Knh_[m[K->get_logger(), "Exception in TwistCmdCallback: %s", e.what());
      |                              [01;31m[K^~~[m[K
[01m[K/root/tracer_control_ws/src/tracer_ros/tracer_base/src/tracer_messenger.cpp:40:14:[m[K [01;36m[Knote: [m[Kthe lambda has no capture-default
   40 |         [this[01;36m[K][m[K(const geometry_msgs::msg::Twist::SharedPtr msg) {
      |              [01;36m[K^[m[K
[01m[K/root/tracer_control_ws/src/tracer_ros/tracer_base/src/tracer_messenger.cpp:34:23:[m[K [01;36m[Knote: [m[K‚Äò[01m[K<typeprefixerror>nh_[m[K‚Äô declared here
   34 |     odom_publisher_ = [01;36m[Knh_[m[K->create_publisher<nav_msgs::msg::Odometry>(odom_frame_, 50);
      |                       [01;36m[K^~~[m[K
In file included from [01m[K/opt/ros/humble/include/rclcpp/rclcpp/logging.hpp:24[m[K,
                 from [01m[K/opt/ros/humble/include/rclcpp/rclcpp/client.hpp:40[m[K,
                 from [01m[K/opt/ros/humble/include/rclcpp/rclcpp/callback_group.hpp:24[m[K,
                 from [01m[K/opt/ros/humble/include/rclcpp/rclcpp/any_executable.hpp:20[m[K,
                 from [01m[K/opt/ros/humble/include/rclcpp/rclcpp/memory_strategy.hpp:25[m[K,
                 from [01m[K/opt/ros/humble/include/rclcpp/rclcpp/memory_strategies.hpp:18[m[K,
                 from [01m[K/opt/ros/humble/include/rclcpp/rclcpp/executor_options.hpp:20[m[K,
                 from [01m[K/opt/ros/humble/include/rclcpp/rclcpp/executor.hpp:37[m[K,
                 from [01m[K/opt/ros/humble/include/rclcpp/rclcpp/executors/multi_threaded_executor.hpp:25[m[K,
                 from [01m[K/opt/ros/humble/include/rclcpp/rclcpp/executors.hpp:21[m[K,
                 from [01m[K/opt/ros/humble/include/rclcpp/rclcpp/rclcpp.hpp:155[m[K,
                 from [01m[K/root/tracer_control_ws/src/tracer_ros/tracer_base/include/tracer_base/tracer_messenger.hpp:9[m[K,
                 from [01m[K/root/tracer_control_ws/src/tracer_ros/tracer_base/src/tracer_messenger.cpp:1[m[K:
[01m[K/root/tracer_control_ws/src/tracer_ros/tracer_base/src/tracer_messenger.cpp:49:30:[m[K [01;31m[Kerror: [m[K‚Äò[01m[Knh_[m[K‚Äô is not captured
   49 |                 RCLCPP_ERROR([01;31m[Knh_[m[K->get_logger(), "Exception in TwistCmdCallback: %s", e.what());
      |                              [01;31m[K^~~[m[K
[01m[K/root/tracer_control_ws/src/tracer_ros/tracer_base/src/tracer_messenger.cpp:40:14:[m[K [01;36m[Knote: [m[Kthe lambda has no capture-default
   40 |         [this[01;36m[K][m[K(const geometry_msgs::msg::Twist::SharedPtr msg) {
      |              [01;36m[K^[m[K
[01m[K/root/tracer_control_ws/src/tracer_ros/tracer_base/src/tracer_messenger.cpp:34:23:[m[K [01;36m[Knote: [m[K‚Äò[01m[K<typeprefixerror>nh_[m[K‚Äô declared here
   34 |     odom_publisher_ = [01;36m[Knh_[m[K->create_publisher<nav_msgs::msg::Odometry>(odom_frame_, 50);
      |                       [01;36m[K^~~[m[K
In file included from [01m[K/opt/ros/humble/include/rclcpp/rclcpp/client.hpp:40[m[K,
                 from [01m[K/opt/ros/humble/include/rclcpp/rclcpp/callback_group.hpp:24[m[K,
                 from [01m[K/opt/ros/humble/include/rclcpp/rclcpp/any_executable.hpp:20[m[K,
                 from [01m[K/opt/ros/humble/include/rclcpp/rclcpp/memory_strategy.hpp:25[m[K,
                 from [01m[K/opt/ros/humble/include/rclcpp/rclcpp/memory_strategies.hpp:18[m[K,
                 from [01m[K/opt/ros/humble/include/rclcpp/rclcpp/executor_options.hpp:20[m[K,
                 from [01m[K/opt/ros/humble/include/rclcpp/rclcpp/executor.hpp:37[m[K,
                 from [01m[K/opt/ros/humble/include/rclcpp/rclcpp/executors/multi_threaded_executor.hpp:25[m[K,
                 from [01m[K/opt/ros/humble/include/rclcpp/rclcpp/executors.hpp:21[m[K,
                 from [01m[K/opt/ros/humble/include/rclcpp/rclcpp/rclcpp.hpp:155[m[K,
                 from [01m[K/root/tracer_control_ws/src/tracer_ros/tracer_base/include/tracer_base/tracer_messenger.hpp:9[m[K,
                 from [01m[K/root/tracer_control_ws/src/tracer_ros/tracer_base/src/tracer_messenger.cpp:1[m[K:
[01m[K/root/tracer_control_ws/src/tracer_ros/tracer_base/src/tracer_messenger.cpp:51:17:[m[K [01;31m[Kerror: [m[Ktemplate argument 1 is invalid
   51 |                 [01;31m[KRCLCPP_ERROR[m[K(nh_->get_logger(), "Unknown exception in TwistCmdCallback");
      |                 [01;31m[K^~~~~~~~~~~~[m[K
[01m[K/root/tracer_control_ws/src/tracer_ros/tracer_base/src/tracer_messenger.cpp:51:17:[m[K [01;31m[Kerror: [m[Ktemplate argument 1 is invalid
   51 |                 [01;31m[KRCLCPP_ERROR[m[K(nh_->get_logger(), "Unknown exception in TwistCmdCallback");
      |                 [01;31m[K^~~~~~~~~~~~[m[K
[01m[K/root/tracer_control_ws/src/tracer_ros/tracer_base/src/tracer_messenger.cpp:51:17:[m[K [01;31m[Kerror: [m[Ktemplate argument 1 is invalid
   51 |                 [01;31m[KRCLCPP_ERROR[m[K(nh_->get_logger(), "Unknown exception in TwistCmdCallback");
      |                 [01;31m[K^~~~~~~~~~~~[m[K
In file included from [01m[K/opt/ros/humble/include/rclcpp/rclcpp/logging.hpp:24[m[K,
                 from [01m[K/opt/ros/humble/include/rclcpp/rclcpp/client.hpp:40[m[K,
                 from [01m[K/opt/ros/humble/include/rclcpp/rclcpp/callback_group.hpp:24[m[K,
                 from [01m[K/opt/ros/humble/include/rclcpp/rclcpp/any_executable.hpp:20[m[K,
                 from [01m[K/opt/ros/humble/include/rclcpp/rclcpp/memory_strategy.hpp:25[m[K,
                 from [01m[K/opt/ros/humble/include/rclcpp/rclcpp/memory_strategies.hpp:18[m[K,
                 from [01m[K/opt/ros/humble/include/rclcpp/rclcpp/executor_options.hpp:20[m[K,
                 from [01m[K/opt/ros/humble/include/rclcpp/rclcpp/executor.hpp:37[m[K,
                 from [01m[K/opt/ros/humble/include/rclcpp/rclcpp/executors/multi_threaded_executor.hpp:25[m[K,
                 from [01m[K/opt/ros/humble/include/rclcpp/rclcpp/executors.hpp:21[m[K,
                 from [01m[K/opt/ros/humble/include/rclcpp/rclcpp/rclcpp.hpp:155[m[K,
                 from [01m[K/root/tracer_control_ws/src/tracer_ros/tracer_base/include/tracer_base/tracer_messenger.hpp:9[m[K,
                 from [01m[K/root/tracer_control_ws/src/tracer_ros/tracer_base/src/tracer_messenger.cpp:1[m[K:
[01m[K/root/tracer_control_ws/src/tracer_ros/tracer_base/src/tracer_messenger.cpp:51:30:[m[K [01;31m[Kerror: [m[K‚Äò[01m[Knh_[m[K‚Äô is not captured
   51 |                 RCLCPP_ERROR([01;31m[Knh_[m[K->get_logger(), "Unknown exception in TwistCmdCallback");
      |                              [01;31m[K^~~[m[K
[01m[K/root/tracer_control_ws/src/tracer_ros/tracer_base/src/tracer_messenger.cpp:40:14:[m[K [01;36m[Knote: [m[Kthe lambda has no capture-default
   40 |         [this[01;36m[K][m[K(const geometry_msgs::msg::Twist::SharedPtr msg) {
      |              [01;36m[K^[m[K
[01m[K/root/tracer_control_ws/src/tracer_ros/tracer_base/src/tracer_messenger.cpp:34:23:[m[K [01;36m[Knote: [m[K‚Äò[01m[K<typeprefixerror>nh_[m[K‚Äô declared here
   34 |     odom_publisher_ = [01;36m[Knh_[m[K->create_publisher<nav_msgs::msg::Odometry>(odom_frame_, 50);
      |                       [01;36m[K^~~[m[K
In file included from [01m[K/opt/ros/humble/include/rclcpp/rclcpp/logging.hpp:24[m[K,
                 from [01m[K/opt/ros/humble/include/rclcpp/rclcpp/client.hpp:40[m[K,
                 from [01m[K/opt/ros/humble/include/rclcpp/rclcpp/callback_group.hpp:24[m[K,
                 from [01m[K/opt/ros/humble/include/rclcpp/rclcpp/any_executable.hpp:20[m[K,
                 from [01m[K/opt/ros/humble/include/rclcpp/rclcpp/memory_strategy.hpp:25[m[K,
                 from [01m[K/opt/ros/humble/include/rclcpp/rclcpp/memory_strategies.hpp:18[m[K,
                 from [01m[K/opt/ros/humble/include/rclcpp/rclcpp/executor_options.hpp:20[m[K,
                 from [01m[K/opt/ros/humble/include/rclcpp/rclcpp/executor.hpp:37[m[K,
                 from [01m[K/opt/ros/humble/include/rclcpp/rclcpp/executors/multi_threaded_executor.hpp:25[m[K,
                 from [01m[K/opt/ros/humble/include/rclcpp/rclcpp/executors.hpp:21[m[K,
                 from [01m[K/opt/ros/humble/include/rclcpp/rclcpp/rclcpp.hpp:155[m[K,
                 from [01m[K/root/tracer_control_ws/src/tracer_ros/tracer_base/include/tracer_base/tracer_messenger.hpp:9[m[K,
                 from [01m[K/root/tracer_control_ws/src/tracer_ros/tracer_base/src/tracer_messenger.cpp:1[m[K:
[01m[K/root/tracer_control_ws/src/tracer_ros/tracer_base/src/tracer_messenger.cpp:51:30:[m[K [01;31m[Kerror: [m[K‚Äò[01m[Knh_[m[K‚Äô is not captured
   51 |                 RCLCPP_ERROR([01;31m[Knh_[m[K->get_logger(), "Unknown exception in TwistCmdCallback");
      |                              [01;31m[K^~~[m[K
[01m[K/root/tracer_control_ws/src/tracer_ros/tracer_base/src/tracer_messenger.cpp:40:14:[m[K [01;36m[Knote: [m[Kthe lambda has no capture-default
   40 |         [this[01;36m[K][m[K(const geometry_msgs::msg::Twist::SharedPtr msg) {
      |              [01;36m[K^[m[K
[01m[K/root/tracer_control_ws/src/tracer_ros/tracer_base/src/tracer_messenger.cpp:34:23:[m[K [01;36m[Knote: [m[K‚Äò[01m[K<typeprefixerror>nh_[m[K‚Äô declared here
   34 |     odom_publisher_ = [01;36m[Knh_[m[K->create_publisher<nav_msgs::msg::Odometry>(odom_frame_, 50);
      |                       [01;36m[K^~~[m[K
[01m[K/root/tracer_control_ws/src/tracer_ros/tracer_base/src/tracer_messenger.cpp:[m[K In member function ‚Äò[01m[Kvoid westonrobot::TracerROSMessenger::SetupSubscription()[m[K‚Äô:
[01m[K/root/tracer_control_ws/src/tracer_ros/tracer_base/src/tracer_messenger.cpp:53:9:[m[K [01;35m[Kwarning: [m[Kright operand of comma operator has no effect [[01;35m[K-Wunused-value[m[K]
   53 |         [01;35m[K}[m[K
      |         [01;35m[K^[m[K
[01m[K/root/tracer_control_ws/src/tracer_ros/tracer_base/src/tracer_messenger.cpp:57:86:[m[K [01;31m[Kerror: [m[Kexpected primary-expression before ‚Äò[01m[K>[m[K‚Äô token
   57 |     light_cmd_subscriber_ = nh_->create_subscription<tracer_msgs::msg::TracerLightCmd[01;31m[K>[m[K(
      |                                                                                      [01;31m[K^[m[K
[01m[K/root/tracer_control_ws/src/tracer_ros/tracer_base/src/tracer_messenger.cpp:58:9:[m[K [01;35m[Kwarning: [m[Kleft operand of comma operator has no effect [[01;35m[K-Wunused-value[m[K]
   58 |         [01;35m[K"/tracer_light_control"[m[K, 5,
      |         [01;35m[K^~~~~~~~~~~~~~~~~~~~~~~[m[K
In file included from [01m[K/opt/ros/humble/include/rclcpp/rclcpp/client.hpp:40[m[K,
                 from [01m[K/opt/ros/humble/include/rclcpp/rclcpp/callback_group.hpp:24[m[K,
                 from [01m[K/opt/ros/humble/include/rclcpp/rclcpp/any_executable.hpp:20[m[K,
                 from [01m[K/opt/ros/humble/include/rclcpp/rclcpp/memory_strategy.hpp:25[m[K,
                 from [01m[K/opt/ros/humble/include/rclcpp/rclcpp/memory_strategies.hpp:18[m[K,
                 from [01m[K/opt/ros/humble/include/rclcpp/rclcpp/executor_options.hpp:20[m[K,
                 from [01m[K/opt/ros/humble/include/rclcpp/rclcpp/executor.hpp:37[m[K,
                 from [01m[K/opt/ros/humble/include/rclcpp/rclcpp/executors/multi_threaded_executor.hpp:25[m[K,
                 from [01m[K/opt/ros/humble/include/rclcpp/rclcpp/executors.hpp:21[m[K,
                 from [01m[K/opt/ros/humble/include/rclcpp/rclcpp/rclcpp.hpp:155[m[K,
                 from [01m[K/root/tracer_control_ws/src/tracer_ros/tracer_base/include/tracer_base/tracer_messenger.hpp:9[m[K,
                 from [01m[K/root/tracer_control_ws/src/tracer_ros/tracer_base/src/tracer_messenger.cpp:1[m[K:
[01m[K/root/tracer_control_ws/src/tracer_ros/tracer_base/src/tracer_messenger.cpp:[m[K In lambda function:
[01m[K/root/tracer_control_ws/src/tracer_ros/tracer_base/src/tracer_messenger.cpp:62:21:[m[K [01;31m[Kerror: [m[Ktemplate argument 1 is invalid
   62 |                     [01;31m[KRCLCPP_WARN_THROTTLE[m[K(nh_->get_logger(), *nh_->get_clock(), 2000,
      |                     [01;31m[K^~~~~~~~~~~~~~~~~~~~[m[K
[01m[K/root/tracer_control_ws/src/tracer_ros/tracer_base/src/tracer_messenger.cpp:62:21:[m[K [01;31m[Kerror: [m[Ktemplate argument 1 is invalid
   62 |                     [01;31m[KRCLCPP_WARN_THROTTLE[m[K(nh_->get_logger(), *nh_->get_clock(), 2000,
      |                     [01;31m[K^~~~~~~~~~~~~~~~~~~~[m[K
[01m[K/root/tracer_control_ws/src/tracer_ros/tracer_base/src/tracer_messenger.cpp:62:21:[m[K [01;31m[Kerror: [m[Ktemplate argument 1 is invalid
   62 |                     [01;31m[KRCLCPP_WARN_THROTTLE[m[K(nh_->get_logger(), *nh_->get_clock(), 2000,
      |                     [01;31m[K^~~~~~~~~~~~~~~~~~~~[m[K
[01m[K/root/tracer_control_ws/src/tracer_ros/tracer_base/src/tracer_messenger.cpp:62:62:[m[K [01;31m[Kerror: [m[K‚Äò[01m[Knh_[m[K‚Äô is not captured
   62 |                     RCLCPP_WARN_THROTTLE(nh_->get_logger(), *[01;31m[Knh_[m[K->get_clock(), 2000,
      |                                                              [01;31m[K^~~[m[K
[01m[K/root/tracer_control_ws/src/tracer_ros/tracer_base/src/tracer_messenger.cpp:59:14:[m[K [01;36m[Knote: [m[Kthe lambda has no capture-default
   59 |         [this[01;36m[K][m[K(const tracer_msgs::msg::TracerLightCmd::SharedPtr msg) {
      |              [01;36m[K^[m[K
[01m[K/root/tracer_control_ws/src/tracer_ros/tracer_base/src/tracer_messenger.cpp:34:23:[m[K [01;36m[Knote: [m[K‚Äò[01m[K<typeprefixerror>nh_[m[K‚Äô declared here
   34 |     odom_publisher_ = [01;36m[Knh_[m[K->create_publisher<nav_msgs::msg::Odometry>(odom_frame_, 50);
      |                       [01;36m[K^~~[m[K
In file included from [01m[K/opt/ros/humble/include/rclcpp/rclcpp/client.hpp:40[m[K,
                 from [01m[K/opt/ros/humble/include/rclcpp/rclcpp/callback_group.hpp:24[m[K,
                 from [01m[K/opt/ros/humble/include/rclcpp/rclcpp/any_executable.hpp:20[m[K,
                 from [01m[K/opt/ros/humble/include/rclcpp/rclcpp/memory_strategy.hpp:25[m[K,
                 from [01m[K/opt/ros/humble/include/rclcpp/rclcpp/memory_strategies.hpp:18[m[K,
                 from [01m[K/opt/ros/humble/include/rclcpp/rclcpp/executor_options.hpp:20[m[K,
                 from [01m[K/opt/ros/humble/include/rclcpp/rclcpp/executor.hpp:37[m[K,
                 from [01m[K/opt/ros/humble/include/rclcpp/rclcpp/executors/multi_threaded_executor.hpp:25[m[K,
                 from [01m[K/opt/ros/humble/include/rclcpp/rclcpp/executors.hpp:21[m[K,
                 from [01m[K/opt/ros/humble/include/rclcpp/rclcpp/rclcpp.hpp:155[m[K,
                 from [01m[K/root/tracer_control_ws/src/tracer_ros/tracer_base/include/tracer_base/tracer_messenger.hpp:9[m[K,
                 from [01m[K/root/tracer_control_ws/src/tracer_ros/tracer_base/src/tracer_messenger.cpp:1[m[K:
[01m[K/root/tracer_control_ws/src/tracer_ros/tracer_base/src/tracer_messenger.cpp:[m[K In lambda function:
[01m[K/root/tracer_control_ws/src/tracer_ros/tracer_base/src/tracer_messenger.cpp:62:21:[m[K [01;31m[Kerror: [m[K‚Äò[01m[Kc[m[K‚Äô was not declared in this scope
   62 |                     [01;31m[KRCLCPP_WARN_THROTTLE[m[K(nh_->get_logger(), *nh_->get_clock(), 2000,
      |                     [01;31m[K^~~~~~~~~~~~~~~~~~~~[m[K
In file included from [01m[K/opt/ros/humble/include/rclcpp/rclcpp/logging.hpp:24[m[K,
                 from [01m[K/opt/ros/humble/include/rclcpp/rclcpp/client.hpp:40[m[K,
                 from [01m[K/opt/ros/humble/include/rclcpp/rclcpp/callback_group.hpp:24[m[K,
                 from [01m[K/opt/ros/humble/include/rclcpp/rclcpp/any_executable.hpp:20[m[K,
                 from [01m[K/opt/ros/humble/include/rclcpp/rclcpp/memory_strategy.hpp:25[m[K,
                 from [01m[K/opt/ros/humble/include/rclcpp/rclcpp/memory_strategies.hpp:18[m[K,
                 from [01m[K/opt/ros/humble/include/rclcpp/rclcpp/executor_options.hpp:20[m[K,
                 from [01m[K/opt/ros/humble/include/rclcpp/rclcpp/executor.hpp:37[m[K,
                 from [01m[K/opt/ros/humble/include/rclcpp/rclcpp/executors/multi_threaded_executor.hpp:25[m[K,
                 from [01m[K/opt/ros/humble/include/rclcpp/rclcpp/executors.hpp:21[m[K,
                 from [01m[K/opt/ros/humble/include/rclcpp/rclcpp/rclcpp.hpp:155[m[K,
                 from [01m[K/root/tracer_control_ws/src/tracer_ros/tracer_base/include/tracer_base/tracer_messenger.hpp:9[m[K,
                 from [01m[K/root/tracer_control_ws/src/tracer_ros/tracer_base/src/tracer_messenger.cpp:1[m[K:
[01m[K/root/tracer_control_ws/src/tracer_ros/tracer_base/src/tracer_messenger.cpp:[m[K In lambda function:
[01m[K/root/tracer_control_ws/src/tracer_ros/tracer_base/src/tracer_messenger.cpp:62:42:[m[K [01;31m[Kerror: [m[K‚Äò[01m[Knh_[m[K‚Äô is not captured
   62 |                     RCLCPP_WARN_THROTTLE([01;31m[Knh_[m[K->get_logger(), *nh_->get_clock(), 2000,
      |                                          [01;31m[K^~~[m[K
[01m[K/root/tracer_control_ws/src/tracer_ros/tracer_base/src/tracer_messenger.cpp:59:14:[m[K [01;36m[Knote: [m[Kthe lambda has no capture-default
   59 |         [this[01;36m[K][m[K(const tracer_msgs::msg::TracerLightCmd::SharedPtr msg) {
      |              [01;36m[K^[m[K
[01m[K/root/tracer_control_ws/src/tracer_ros/tracer_base/src/tracer_messenger.cpp:34:23:[m[K [01;36m[Knote: [m[K‚Äò[01m[K<typeprefixerror>nh_[m[K‚Äô declared here
   34 |     odom_publisher_ = [01;36m[Knh_[m[K->create_publisher<nav_msgs::msg::Odometry>(odom_frame_, 50);
      |                       [01;36m[K^~~[m[K
In file included from [01m[K/opt/ros/humble/include/rclcpp/rclcpp/logging.hpp:24[m[K,
                 from [01m[K/opt/ros/humble/include/rclcpp/rclcpp/client.hpp:40[m[K,
                 from [01m[K/opt/ros/humble/include/rclcpp/rclcpp/callback_group.hpp:24[m[K,
                 from [01m[K/opt/ros/humble/include/rclcpp/rclcpp/any_executable.hpp:20[m[K,
                 from [01m[K/opt/ros/humble/include/rclcpp/rclcpp/memory_strategy.hpp:25[m[K,
                 from [01m[K/opt/ros/humble/include/rclcpp/rclcpp/memory_strategies.hpp:18[m[K,
                 from [01m[K/opt/ros/humble/include/rclcpp/rclcpp/executor_options.hpp:20[m[K,
                 from [01m[K/opt/ros/humble/include/rclcpp/rclcpp/executor.hpp:37[m[K,
                 from [01m[K/opt/ros/humble/include/rclcpp/rclcpp/executors/multi_threaded_executor.hpp:25[m[K,
                 from [01m[K/opt/ros/humble/include/rclcpp/rclcpp/executors.hpp:21[m[K,
                 from [01m[K/opt/ros/humble/include/rclcpp/rclcpp/rclcpp.hpp:155[m[K,
                 from [01m[K/root/tracer_control_ws/src/tracer_ros/tracer_base/include/tracer_base/tracer_messenger.hpp:9[m[K,
                 from [01m[K/root/tracer_control_ws/src/tracer_ros/tracer_base/src/tracer_messenger.cpp:1[m[K:
[01m[K/root/tracer_control_ws/src/tracer_ros/tracer_base/src/tracer_messenger.cpp:62:42:[m[K [01;31m[Kerror: [m[K‚Äò[01m[Knh_[m[K‚Äô is not captured
   62 |                     RCLCPP_WARN_THROTTLE([01;31m[Knh_[m[K->get_logger(), *nh_->get_clock(), 2000,
      |                                          [01;31m[K^~~[m[K
[01m[K/root/tracer_control_ws/src/tracer_ros/tracer_base/src/tracer_messenger.cpp:59:14:[m[K [01;36m[Knote: [m[Kthe lambda has no capture-default
   59 |         [this[01;36m[K][m[K(const tracer_msgs::msg::TracerLightCmd::SharedPtr msg) {
      |              [01;36m[K^[m[K
[01m[K/root/tracer_control_ws/src/tracer_ros/tracer_base/src/tracer_messenger.cpp:34:23:[m[K [01;36m[Knote: [m[K‚Äò[01m[K<typeprefixerror>nh_[m[K‚Äô declared here
   34 |     odom_publisher_ = [01;36m[Knh_[m[K->create_publisher<nav_msgs::msg::Odometry>(odom_frame_, 50);
      |                       [01;36m[K^~~[m[K
In file included from [01m[K/opt/ros/humble/include/rclcpp/rclcpp/client.hpp:40[m[K,
                 from [01m[K/opt/ros/humble/include/rclcpp/rclcpp/callback_group.hpp:24[m[K,
                 from [01m[K/opt/ros/humble/include/rclcpp/rclcpp/any_executable.hpp:20[m[K,
                 from [01m[K/opt/ros/humble/include/rclcpp/rclcpp/memory_strategy.hpp:25[m[K,
                 from [01m[K/opt/ros/humble/include/rclcpp/rclcpp/memory_strategies.hpp:18[m[K,
                 from [01m[K/opt/ros/humble/include/rclcpp/rclcpp/executor_options.hpp:20[m[K,
                 from [01m[K/opt/ros/humble/include/rclcpp/rclcpp/executor.hpp:37[m[K,
                 from [01m[K/opt/ros/humble/include/rclcpp/rclcpp/executors/multi_threaded_executor.hpp:25[m[K,
                 from [01m[K/opt/ros/humble/include/rclcpp/rclcpp/executors.hpp:21[m[K,
                 from [01m[K/opt/ros/humble/include/rclcpp/rclcpp/rclcpp.hpp:155[m[K,
                 from [01m[K/root/tracer_control_ws/src/tracer_ros/tracer_base/include/tracer_base/tracer_messenger.hpp:9[m[K,
                 from [01m[K/root/tracer_control_ws/src/tracer_ros/tracer_base/src/tracer_messenger.cpp:1[m[K:
[01m[K/root/tracer_control_ws/src/tracer_ros/tracer_base/src/tracer_messenger.cpp:68:17:[m[K [01;31m[Kerror: [m[Ktemplate argument 1 is invalid
   68 |                 [01;31m[KRCLCPP_ERROR[m[K(nh_->get_logger(), "Exception in LightCmdCallback: %s", e.what());
      |                 [01;31m[K^~~~~~~~~~~~[m[K
[01m[K/root/tracer_control_ws/src/tracer_ros/tracer_base/src/tracer_messenger.cpp:68:17:[m[K [01;31m[Kerror: [m[Ktemplate argument 1 is invalid
   68 |                 [01;31m[KRCLCPP_ERROR[m[K(nh_->get_logger(), "Exception in LightCmdCallback: %s", e.what());
      |                 [01;31m[K^~~~~~~~~~~~[m[K
[01m[K/root/tracer_control_ws/src/tracer_ros/tracer_base/src/tracer_messenger.cpp:68:17:[m[K [01;31m[Kerror: [m[Ktemplate argument 1 is invalid
   68 |                 [01;31m[KRCLCPP_ERROR[m[K(nh_->get_logger(), "Exception in LightCmdCallback: %s", e.what());
      |                 [01;31m[K^~~~~~~~~~~~[m[K
In file included from [01m[K/opt/ros/humble/include/rclcpp/rclcpp/logging.hpp:24[m[K,
                 from [01m[K/opt/ros/humble/include/rclcpp/rclcpp/client.hpp:40[m[K,
                 from [01m[K/opt/ros/humble/include/rclcpp/rclcpp/callback_group.hpp:24[m[K,
                 from [01m[K/opt/ros/humble/include/rclcpp/rclcpp/any_executable.hpp:20[m[K,
                 from [01m[K/opt/ros/humble/include/rclcpp/rclcpp/memory_strategy.hpp:25[m[K,
                 from [01m[K/opt/ros/humble/include/rclcpp/rclcpp/memory_strategies.hpp:18[m[K,
                 from [01m[K/opt/ros/humble/include/rclcpp/rclcpp/executor_options.hpp:20[m[K,
                 from [01m[K/opt/ros/humble/include/rclcpp/rclcpp/executor.hpp:37[m[K,
                 from [01m[K/opt/ros/humble/include/rclcpp/rclcpp/executors/multi_threaded_executor.hpp:25[m[K,
                 from [01m[K/opt/ros/humble/include/rclcpp/rclcpp/executors.hpp:21[m[K,
                 from [01m[K/opt/ros/humble/include/rclcpp/rclcpp/rclcpp.hpp:155[m[K,
                 from [01m[K/root/tracer_control_ws/src/tracer_ros/tracer_base/include/tracer_base/tracer_messenger.hpp:9[m[K,
                 from [01m[K/root/tracer_control_ws/src/tracer_ros/tracer_base/src/tracer_messenger.cpp:1[m[K:
[01m[K/root/tracer_control_ws/src/tracer_ros/tracer_base/src/tracer_messenger.cpp:68:30:[m[K [01;31m[Kerror: [m[K‚Äò[01m[Knh_[m[K‚Äô is not captured
   68 |                 RCLCPP_ERROR([01;31m[Knh_[m[K->get_logger(), "Exception in LightCmdCallback: %s", e.what());
      |                              [01;31m[K^~~[m[K
[01m[K/root/tracer_control_ws/src/tracer_ros/tracer_base/src/tracer_messenger.cpp:59:14:[m[K [01;36m[Knote: [m[Kthe lambda has no capture-default
   59 |         [this[01;36m[K][m[K(const tracer_msgs::msg::TracerLightCmd::SharedPtr msg) {
      |              [01;36m[K^[m[K
[01m[K/root/tracer_control_ws/src/tracer_ros/tracer_base/src/tracer_messenger.cpp:34:23:[m[K [01;36m[Knote: [m[K‚Äò[01m[K<typeprefixerror>nh_[m[K‚Äô declared here
   34 |     odom_publisher_ = [01;36m[Knh_[m[K->create_publisher<nav_msgs::msg::Odometry>(odom_frame_, 50);
      |                       [01;36m[K^~~[m[K
In file included from [01m[K/opt/ros/humble/include/rclcpp/rclcpp/logging.hpp:24[m[K,
                 from [01m[K/opt/ros/humble/include/rclcpp/rclcpp/client.hpp:40[m[K,
                 from [01m[K/opt/ros/humble/include/rclcpp/rclcpp/callback_group.hpp:24[m[K,
                 from [01m[K/opt/ros/humble/include/rclcpp/rclcpp/any_executable.hpp:20[m[K,
                 from [01m[K/opt/ros/humble/include/rclcpp/rclcpp/memory_strategy.hpp:25[m[K,
                 from [01m[K/opt/ros/humble/include/rclcpp/rclcpp/memory_strategies.hpp:18[m[K,
                 from [01m[K/opt/ros/humble/include/rclcpp/rclcpp/executor_options.hpp:20[m[K,
                 from [01m[K/opt/ros/humble/include/rclcpp/rclcpp/executor.hpp:37[m[K,
                 from [01m[K/opt/ros/humble/include/rclcpp/rclcpp/executors/multi_threaded_executor.hpp:25[m[K,
                 from [01m[K/opt/ros/humble/include/rclcpp/rclcpp/executors.hpp:21[m[K,
                 from [01m[K/opt/ros/humble/include/rclcpp/rclcpp/rclcpp.hpp:155[m[K,
                 from [01m[K/root/tracer_control_ws/src/tracer_ros/tracer_base/include/tracer_base/tracer_messenger.hpp:9[m[K,
                 from [01m[K/root/tracer_control_ws/src/tracer_ros/tracer_base/src/tracer_messenger.cpp:1[m[K:
[01m[K/root/tracer_control_ws/src/tracer_ros/tracer_base/src/tracer_messenger.cpp:68:30:[m[K [01;31m[Kerror: [m[K‚Äò[01m[Knh_[m[K‚Äô is not captured
   68 |                 RCLCPP_ERROR([01;31m[Knh_[m[K->get_logger(), "Exception in LightCmdCallback: %s", e.what());
      |                              [01;31m[K^~~[m[K
[01m[K/root/tracer_control_ws/src/tracer_ros/tracer_base/src/tracer_messenger.cpp:59:14:[m[K [01;36m[Knote: [m[Kthe lambda has no capture-default
   59 |         [this[01;36m[K][m[K(const tracer_msgs::msg::TracerLightCmd::SharedPtr msg) {
      |              [01;36m[K^[m[K
[01m[K/root/tracer_control_ws/src/tracer_ros/tracer_base/src/tracer_messenger.cpp:34:23:[m[K [01;36m[Knote: [m[K‚Äò[01m[K<typeprefixerror>nh_[m[K‚Äô declared here
   34 |     odom_publisher_ = [01;36m[Knh_[m[K->create_publisher<nav_msgs::msg::Odometry>(odom_frame_, 50);
      |                       [01;36m[K^~~[m[K
In file included from [01m[K/opt/ros/humble/include/rclcpp/rclcpp/client.hpp:40[m[K,
                 from [01m[K/opt/ros/humble/include/rclcpp/rclcpp/callback_group.hpp:24[m[K,
                 from [01m[K/opt/ros/humble/include/rclcpp/rclcpp/any_executable.hpp:20[m[K,
                 from [01m[K/opt/ros/humble/include/rclcpp/rclcpp/memory_strategy.hpp:25[m[K,
                 from [01m[K/opt/ros/humble/include/rclcpp/rclcpp/memory_strategies.hpp:18[m[K,
                 from [01m[K/opt/ros/humble/include/rclcpp/rclcpp/executor_options.hpp:20[m[K,
                 from [01m[K/opt/ros/humble/include/rclcpp/rclcpp/executor.hpp:37[m[K,
                 from [01m[K/opt/ros/humble/include/rclcpp/rclcpp/executors/multi_threaded_executor.hpp:25[m[K,
                 from [01m[K/opt/ros/humble/include/rclcpp/rclcpp/executors.hpp:21[m[K,
                 from [01m[K/opt/ros/humble/include/rclcpp/rclcpp/rclcpp.hpp:155[m[K,
                 from [01m[K/root/tracer_control_ws/src/tracer_ros/tracer_base/include/tracer_base/tracer_messenger.hpp:9[m[K,
                 from [01m[K/root/tracer_control_ws/src/tracer_ros/tracer_base/src/tracer_messenger.cpp:1[m[K:
[01m[K/root/tracer_control_ws/src/tracer_ros/tracer_base/src/tracer_messenger.cpp:70:17:[m[K [01;31m[Kerror: [m[Ktemplate argument 1 is invalid
   70 |                 [01;31m[KRCLCPP_ERROR[m[K(nh_->get_logger(), "Unknown exception in LightCmdCallback");
      |                 [01;31m[K^~~~~~~~~~~~[m[K
[01m[K/root/tracer_control_ws/src/tracer_ros/tracer_base/src/tracer_messenger.cpp:70:17:[m[K [01;31m[Kerror: [m[Ktemplate argument 1 is invalid
   70 |                 [01;31m[KRCLCPP_ERROR[m[K(nh_->get_logger(), "Unknown exception in LightCmdCallback");
      |                 [01;31m[K^~~~~~~~~~~~[m[K
[01m[K/root/tracer_control_ws/src/tracer_ros/tracer_base/src/tracer_messenger.cpp:70:17:[m[K [01;31m[Kerror: [m[Ktemplate argument 1 is invalid
   70 |                 [01;31m[KRCLCPP_ERROR[m[K(nh_->get_logger(), "Unknown exception in LightCmdCallback");
      |                 [01;31m[K^~~~~~~~~~~~[m[K
In file included from [01m[K/opt/ros/humble/include/rclcpp/rclcpp/logging.hpp:24[m[K,
                 from [01m[K/opt/ros/humble/include/rclcpp/rclcpp/client.hpp:40[m[K,
                 from [01m[K/opt/ros/humble/include/rclcpp/rclcpp/callback_group.hpp:24[m[K,
                 from [01m[K/opt/ros/humble/include/rclcpp/rclcpp/any_executable.hpp:20[m[K,
                 from [01m[K/opt/ros/humble/include/rclcpp/rclcpp/memory_strategy.hpp:25[m[K,
                 from [01m[K/opt/ros/humble/include/rclcpp/rclcpp/memory_strategies.hpp:18[m[K,
                 from [01m[K/opt/ros/humble/include/rclcpp/rclcpp/executor_options.hpp:20[m[K,
                 from [01m[K/opt/ros/humble/include/rclcpp/rclcpp/executor.hpp:37[m[K,
                 from [01m[K/opt/ros/humble/include/rclcpp/rclcpp/executors/multi_threaded_executor.hpp:25[m[K,
                 from [01m[K/opt/ros/humble/include/rclcpp/rclcpp/executors.hpp:21[m[K,
                 from [01m[K/opt/ros/humble/include/rclcpp/rclcpp/rclcpp.hpp:155[m[K,
                 from [01m[K/root/tracer_control_ws/src/tracer_ros/tracer_base/include/tracer_base/tracer_messenger.hpp:9[m[K,
                 from [01m[K/root/tracer_control_ws/src/tracer_ros/tracer_base/src/tracer_messenger.cpp:1[m[K:
[01m[K/root/tracer_control_ws/src/tracer_ros/tracer_base/src/tracer_messenger.cpp:70:30:[m[K [01;31m[Kerror: [m[K‚Äò[01m[Knh_[m[K‚Äô is not captured
   70 |                 RCLCPP_ERROR([01;31m[Knh_[m[K->get_logger(), "Unknown exception in LightCmdCallback");
      |                              [01;31m[K^~~[m[K
[01m[K/root/tracer_control_ws/src/tracer_ros/tracer_base/src/tracer_messenger.cpp:59:14:[m[K [01;36m[Knote: [m[Kthe lambda has no capture-default
   59 |         [this[01;36m[K][m[K(const tracer_msgs::msg::TracerLightCmd::SharedPtr msg) {
      |              [01;36m[K^[m[K
[01m[K/root/tracer_control_ws/src/tracer_ros/tracer_base/src/tracer_messenger.cpp:34:23:[m[K [01;36m[Knote: [m[K‚Äò[01m[K<typeprefixerror>nh_[m[K‚Äô declared here
   34 |     odom_publisher_ = [01;36m[Knh_[m[K->create_publisher<nav_msgs::msg::Odometry>(odom_frame_, 50);
      |                       [01;36m[K^~~[m[K
In file included from [01m[K/opt/ros/humble/include/rclcpp/rclcpp/logging.hpp:24[m[K,
                 from [01m[K/opt/ros/humble/include/rclcpp/rclcpp/client.hpp:40[m[K,
                 from [01m[K/opt/ros/humble/include/rclcpp/rclcpp/callback_group.hpp:24[m[K,
                 from [01m[K/opt/ros/humble/include/rclcpp/rclcpp/any_executable.hpp:20[m[K,
                 from [01m[K/opt/ros/humble/include/rclcpp/rclcpp/memory_strategy.hpp:25[m[K,
                 from [01m[K/opt/ros/humble/include/rclcpp/rclcpp/memory_strategies.hpp:18[m[K,
                 from [01m[K/opt/ros/humble/include/rclcpp/rclcpp/executor_options.hpp:20[m[K,
                 from [01m[K/opt/ros/humble/include/rclcpp/rclcpp/executor.hpp:37[m[K,
                 from [01m[K/opt/ros/humble/include/rclcpp/rclcpp/executors/multi_threaded_executor.hpp:25[m[K,
                 from [01m[K/opt/ros/humble/include/rclcpp/rclcpp/executors.hpp:21[m[K,
                 from [01m[K/opt/ros/humble/include/rclcpp/rclcpp/rclcpp.hpp:155[m[K,
                 from [01m[K/root/tracer_control_ws/src/tracer_ros/tracer_base/include/tracer_base/tracer_messenger.hpp:9[m[K,
                 from [01m[K/root/tracer_control_ws/src/tracer_ros/tracer_base/src/tracer_messenger.cpp:1[m[K:
[01m[K/root/tracer_control_ws/src/tracer_ros/tracer_base/src/tracer_messenger.cpp:70:30:[m[K [01;31m[Kerror: [m[K‚Äò[01m[Knh_[m[K‚Äô is not captured
   70 |                 RCLCPP_ERROR([01;31m[Knh_[m[K->get_logger(), "Unknown exception in LightCmdCallback");
      |                              [01;31m[K^~~[m[K
[01m[K/root/tracer_control_ws/src/tracer_ros/tracer_base/src/tracer_messenger.cpp:59:14:[m[K [01;36m[Knote: [m[Kthe lambda has no capture-default
   59 |         [this[01;36m[K][m[K(const tracer_msgs::msg::TracerLightCmd::SharedPtr msg) {
      |              [01;36m[K^[m[K
[01m[K/root/tracer_control_ws/src/tracer_ros/tracer_base/src/tracer_messenger.cpp:34:23:[m[K [01;36m[Knote: [m[K‚Äò[01m[K<typeprefixerror>nh_[m[K‚Äô declared here
   34 |     odom_publisher_ = [01;36m[Knh_[m[K->create_publisher<nav_msgs::msg::Odometry>(odom_frame_, 50);
      |                       [01;36m[K^~~[m[K
[01m[K/root/tracer_control_ws/src/tracer_ros/tracer_base/src/tracer_messenger.cpp:[m[K In member function ‚Äò[01m[Kvoid westonrobot::TracerROSMessenger::SetupSubscription()[m[K‚Äô:
[01m[K/root/tracer_control_ws/src/tracer_ros/tracer_base/src/tracer_messenger.cpp:72:9:[m[K [01;35m[Kwarning: [m[Kright operand of comma operator has no effect [[01;35m[K-Wunused-value[m[K]
   72 |         [01;35m[K}[m[K
      |         [01;35m[K^[m[K
In file included from [01m[K/opt/ros/humble/include/rclcpp/rclcpp/client.hpp:40[m[K,
                 from [01m[K/opt/ros/humble/include/rclcpp/rclcpp/callback_group.hpp:24[m[K,
                 from [01m[K/opt/ros/humble/include/rclcpp/rclcpp/any_executable.hpp:20[m[K,
                 from [01m[K/opt/ros/humble/include/rclcpp/rclcpp/memory_strategy.hpp:25[m[K,
                 from [01m[K/opt/ros/humble/include/rclcpp/rclcpp/memory_strategies.hpp:18[m[K,
                 from [01m[K/opt/ros/humble/include/rclcpp/rclcpp/executor_options.hpp:20[m[K,
                 from [01m[K/opt/ros/humble/include/rclcpp/rclcpp/executor.hpp:37[m[K,
                 from [01m[K/opt/ros/humble/include/rclcpp/rclcpp/executors/multi_threaded_executor.hpp:25[m[K,
                 from [01m[K/opt/ros/humble/include/rclcpp/rclcpp/executors.hpp:21[m[K,
                 from [01m[K/opt/ros/humble/include/rclcpp/rclcpp/rclcpp.hpp:155[m[K,
                 from [01m[K/root/tracer_control_ws/src/tracer_ros/tracer_base/include/tracer_base/tracer_messenger.hpp:9[m[K,
                 from [01m[K/root/tracer_control_ws/src/tracer_ros/tracer_base/src/tracer_messenger.cpp:1[m[K:
[01m[K/root/tracer_control_ws/src/tracer_ros/tracer_base/src/tracer_messenger.cpp:75:5:[m[K [01;31m[Kerror: [m[Ktemplate argument 1 is invalid
   75 |     [01;31m[KRCLCPP_INFO[m[K(nh_->get_logger(), "Subscriptions set up successfully");
      |     [01;31m[K^~~~~~~~~~~[m[K
[01m[K/root/tracer_control_ws/src/tracer_ros/tracer_base/src/tracer_messenger.cpp:75:5:[m[K [01;31m[Kerror: [m[Ktemplate argument 1 is invalid
   75 |     [01;31m[KRCLCPP_INFO[m[K(nh_->get_logger(), "Subscriptions set up successfully");
      |     [01;31m[K^~~~~~~~~~~[m[K
[01m[K/root/tracer_control_ws/src/tracer_ros/tracer_base/src/tracer_messenger.cpp:75:5:[m[K [01;31m[Kerror: [m[Ktemplate argument 1 is invalid
   75 |     [01;31m[KRCLCPP_INFO[m[K(nh_->get_logger(), "Subscriptions set up successfully");
      |     [01;31m[K^~~~~~~~~~~[m[K
[01m[K/root/tracer_control_ws/src/tracer_ros/tracer_base/src/tracer_messenger.cpp:[m[K In member function ‚Äò[01m[Kvoid westonrobot::TracerROSMessenger::TwistCmdCallback(geometry_msgs::msg::Twist_<std::allocator<void> >::SharedPtr)[m[K‚Äô:
[01m[K/root/tracer_control_ws/src/tracer_ros/tracer_base/src/tracer_messenger.cpp:94:22:[m[K [01;31m[Kerror: [m[K‚Äò[01m[Knh_[m[K‚Äô was not declared in this scope
   94 |         RCLCPP_DEBUG([01;31m[Knh_[m[K->get_logger(), "Sent motion command: linear=%.2f, angular=%.2f",
      |                      [01;31m[K^~~[m[K
[01m[K/root/tracer_control_ws/src/tracer_ros/tracer_base/src/tracer_messenger.cpp:94:9:[m[K [01;31m[Kerror: [m[Ktemplate argument 1 is invalid
   94 |         [01;31m[KRCLCPP_DEBUG[m[K(nh_->get_logger(), "Sent motion command: linear=%.2f, angular=%.2f",
      |         [01;31m[K^~~~~~~~~~~~[m[K
[01m[K/root/tracer_control_ws/src/tracer_ros/tracer_base/src/tracer_messenger.cpp:94:9:[m[K [01;31m[Kerror: [m[Ktemplate argument 1 is invalid
   94 |         [01;31m[KRCLCPP_DEBUG[m[K(nh_->get_logger(), "Sent motion command: linear=%.2f, angular=%.2f",
      |         [01;31m[K^~~~~~~~~~~~[m[K
[01m[K/root/tracer_control_ws/src/tracer_ros/tracer_base/src/tracer_messenger.cpp:94:9:[m[K [01;31m[Kerror: [m[Ktemplate argument 1 is invalid
   94 |         [01;31m[KRCLCPP_DEBUG[m[K(nh_->get_logger(), "Sent motion command: linear=%.2f, angular=%.2f",
      |         [01;31m[K^~~~~~~~~~~~[m[K
[01m[K/root/tracer_control_ws/src/tracer_ros/tracer_base/src/tracer_messenger.cpp:98:22:[m[K [01;31m[Kerror: [m[K‚Äò[01m[Knh_[m[K‚Äô was not declared in this scope
   98 |         RCLCPP_ERROR([01;31m[Knh_[m[K->get_logger(), "Failed to send motion command: %s", e.what());
      |                      [01;31m[K^~~[m[K
[01m[K/root/tracer_control_ws/src/tracer_ros/tracer_base/src/tracer_messenger.cpp:98:9:[m[K [01;31m[Kerror: [m[Ktemplate argument 1 is invalid
   98 |         [01;31m[KRCLCPP_ERROR[m[K(nh_->get_logger(), "Failed to send motion command: %s", e.what());
      |         [01;31m[K^~~~~~~~~~~~[m[K
[01m[K/root/tracer_control_ws/src/tracer_ros/tracer_base/src/tracer_messenger.cpp:98:9:[m[K [01;31m[Kerror: [m[Ktemplate argument 1 is invalid
   98 |         [01;31m[KRCLCPP_ERROR[m[K(nh_->get_logger(), "Failed to send motion command: %s", e.what());
      |         [01;31m[K^~~~~~~~~~~~[m[K
[01m[K/root/tracer_control_ws/src/tracer_ros/tracer_base/src/tracer_messenger.cpp:98:9:[m[K [01;31m[Kerror: [m[Ktemplate argument 1 is invalid
   98 |         [01;31m[KRCLCPP_ERROR[m[K(nh_->get_logger(), "Failed to send motion command: %s", e.what());
      |         [01;31m[K^~~~~~~~~~~~[m[K
[01m[K/root/tracer_control_ws/src/tracer_ros/tracer_base/src/tracer_messenger.cpp:[m[K In member function ‚Äò[01m[Kvoid westonrobot::TracerROSMessenger::LightCmdCallback(tracer_msgs::msg::TracerLightCmd_<std::allocator<void> >::SharedPtr)[m[K‚Äô:
[01m[K/root/tracer_control_ws/src/tracer_ros/tracer_base/src/tracer_messenger.cpp:114:21:[m[K [01;31m[Kerror: [m[K‚Äò[01m[Knh_[m[K‚Äô was not declared in this scope
  114 |         RCLCPP_INFO([01;31m[Knh_[m[K->get_logger(), "Simulated robot received light command");
      |                     [01;31m[K^~~[m[K
[01m[K/root/tracer_control_ws/src/tracer_ros/tracer_base/src/tracer_messenger.cpp:114:9:[m[K [01;31m[Kerror: [m[Ktemplate argument 1 is invalid
  114 |         [01;31m[KRCLCPP_INFO[m[K(nh_->get_logger(), "Simulated robot received light command");
      |         [01;31m[K^~~~~~~~~~~[m[K
[01m[K/root/tracer_control_ws/src/tracer_ros/tracer_base/src/tracer_messenger.cpp:114:9:[m[K [01;31m[Kerror: [m[Ktemplate argument 1 is invalid
  114 |         [01;31m[KRCLCPP_INFO[m[K(nh_->get_logger(), "Simulated robot received light command");
      |         [01;31m[K^~~~~~~~~~~[m[K
[01m[K/root/tracer_control_ws/src/tracer_ros/tracer_base/src/tracer_messenger.cpp:114:9:[m[K [01;31m[Kerror: [m[Ktemplate argument 1 is invalid
  114 |         [01;31m[KRCLCPP_INFO[m[K(nh_->get_logger(), "Simulated robot received light command");
      |         [01;31m[K^~~~~~~~~~~[m[K
[01m[K/root/tracer_control_ws/src/tracer_ros/tracer_base/src/tracer_messenger.cpp:125:22:[m[K [01;31m[Kerror: [m[K‚Äò[01m[Knh_[m[K‚Äô was not declared in this scope
  125 |         RCLCPP_DEBUG([01;31m[Knh_[m[K->get_logger(), "Set light mode: %d, value: %d",
      |                      [01;31m[K^~~[m[K
[01m[K/root/tracer_control_ws/src/tracer_ros/tracer_base/src/tracer_messenger.cpp:125:9:[m[K [01;31m[Kerror: [m[Ktemplate argument 1 is invalid
  125 |         [01;31m[KRCLCPP_DEBUG[m[K(nh_->get_logger(), "Set light mode: %d, value: %d",
      |         [01;31m[K^~~~~~~~~~~~[m[K
[01m[K/root/tracer_control_ws/src/tracer_ros/tracer_base/src/tracer_messenger.cpp:125:9:[m[K [01;31m[Kerror: [m[Ktemplate argument 1 is invalid
  125 |         [01;31m[KRCLCPP_DEBUG[m[K(nh_->get_logger(), "Set light mode: %d, value: %d",
      |         [01;31m[K^~~~~~~~~~~~[m[K
[01m[K/root/tracer_control_ws/src/tracer_ros/tracer_base/src/tracer_messenger.cpp:125:9:[m[K [01;31m[Kerror: [m[Ktemplate argument 1 is invalid
  125 |         [01;31m[KRCLCPP_DEBUG[m[K(nh_->get_logger(), "Set light mode: %d, value: %d",
      |         [01;31m[K^~~~~~~~~~~~[m[K
[01m[K/root/tracer_control_ws/src/tracer_ros/tracer_base/src/tracer_messenger.cpp:129:22:[m[K [01;31m[Kerror: [m[K‚Äò[01m[Knh_[m[K‚Äô was not declared in this scope
  129 |         RCLCPP_ERROR([01;31m[Knh_[m[K->get_logger(), "Failed to set light command: %s", e.what());
      |                      [01;31m[K^~~[m[K
[01m[K/root/tracer_control_ws/src/tracer_ros/tracer_base/src/tracer_messenger.cpp:129:9:[m[K [01;31m[Kerror: [m[Ktemplate argument 1 is invalid
  129 |         [01;31m[KRCLCPP_ERROR[m[K(nh_->get_logger(), "Failed to set light command: %s", e.what());
      |         [01;31m[K^~~~~~~~~~~~[m[K
[01m[K/root/tracer_control_ws/src/tracer_ros/tracer_base/src/tracer_messenger.cpp:129:9:[m[K [01;31m[Kerror: [m[Ktemplate argument 1 is invalid
  129 |         [01;31m[KRCLCPP_ERROR[m[K(nh_->get_logger(), "Failed to set light command: %s", e.what());
      |         [01;31m[K^~~~~~~~~~~~[m[K
[01m[K/root/tracer_control_ws/src/tracer_ros/tracer_base/src/tracer_messenger.cpp:129:9:[m[K [01;31m[Kerror: [m[Ktemplate argument 1 is invalid
  129 |         [01;31m[KRCLCPP_ERROR[m[K(nh_->get_logger(), "Failed to set light command: %s", e.what());
      |         [01;31m[K^~~~~~~~~~~~[m[K
[01m[K/root/tracer_control_ws/src/tracer_ros/tracer_base/src/tracer_messenger.cpp:[m[K In member function ‚Äò[01m[Kbool westonrobot::TracerROSMessenger::PublishStateToROS()[m[K‚Äô:
[01m[K/root/tracer_control_ws/src/tracer_ros/tracer_base/src/tracer_messenger.cpp:138:30:[m[K [01;31m[Kerror: [m[K‚Äò[01m[Knh_[m[K‚Äô was not declared in this scope
  138 |         RCLCPP_WARN_THROTTLE([01;31m[Knh_[m[K->get_logger(), *nh_->get_clock(), 5000,
      |                              [01;31m[K^~~[m[K
[01m[K/root/tracer_control_ws/src/tracer_ros/tracer_base/src/tracer_messenger.cpp:138:9:[m[K [01;31m[Kerror: [m[Ktemplate argument 1 is invalid
  138 |         [01;31m[KRCLCPP_WARN_THROTTLE[m[K(nh_->get_logger(), *nh_->get_clock(), 5000,
      |         [01;31m[K^~~~~~~~~~~~~~~~~~~~[m[K
[01m[K/root/tracer_control_ws/src/tracer_ros/tracer_base/src/tracer_messenger.cpp:138:9:[m[K [01;31m[Kerror: [m[Ktemplate argument 1 is invalid
  138 |         [01;31m[KRCLCPP_WARN_THROTTLE[m[K(nh_->get_logger(), *nh_->get_clock(), 5000,
      |         [01;31m[K^~~~~~~~~~~~~~~~~~~~[m[K
[01m[K/root/tracer_control_ws/src/tracer_ros/tracer_base/src/tracer_messenger.cpp:138:9:[m[K [01;31m[Kerror: [m[Ktemplate argument 1 is invalid
  138 |         [01;31m[KRCLCPP_WARN_THROTTLE[m[K(nh_->get_logger(), *nh_->get_clock(), 5000,
      |         [01;31m[K^~~~~~~~~~~~~~~~~~~~[m[K
[01m[K/root/tracer_control_ws/src/tracer_ros/tracer_base/src/tracer_messenger.cpp:[m[K In lambda function:
[01m[K/root/tracer_control_ws/src/tracer_ros/tracer_base/src/tracer_messenger.cpp:138:9:[m[K [01;31m[Kerror: [m[K‚Äò[01m[Kc[m[K‚Äô was not declared in this scope
  138 |         [01;31m[KRCLCPP_WARN_THROTTLE[m[K(nh_->get_logger(), *nh_->get_clock(), 5000,
      |         [01;31m[K^~~~~~~~~~~~~~~~~~~~[m[K
[01m[K/root/tracer_control_ws/src/tracer_ros/tracer_base/src/tracer_messenger.cpp:[m[K In member function ‚Äò[01m[Kbool westonrobot::TracerROSMessenger::PublishStateToROS()[m[K‚Äô:
[01m[K/root/tracer_control_ws/src/tracer_ros/tracer_base/src/tracer_messenger.cpp:145:22:[m[K [01;31m[Kerror: [m[K‚Äò[01m[Knh_[m[K‚Äô was not declared in this scope
  145 |         RCLCPP_ERROR([01;31m[Knh_[m[K->get_logger(), "Tracer pointer is null in PublishStateToROS");
      |                      [01;31m[K^~~[m[K
[01m[K/root/tracer_control_ws/src/tracer_ros/tracer_base/src/tracer_messenger.cpp:145:9:[m[K [01;31m[Kerror: [m[Ktemplate argument 1 is invalid
  145 |         [01;31m[KRCLCPP_ERROR[m[K(nh_->get_logger(), "Tracer pointer is null in PublishStateToROS");
      |         [01;31m[K^~~~~~~~~~~~[m[K
[01m[K/root/tracer_control_ws/src/tracer_ros/tracer_base/src/tracer_messenger.cpp:145:9:[m[K [01;31m[Kerror: [m[Ktemplate argument 1 is invalid
  145 |         [01;31m[KRCLCPP_ERROR[m[K(nh_->get_logger(), "Tracer pointer is null in PublishStateToROS");
      |         [01;31m[K^~~~~~~~~~~~[m[K
[01m[K/root/tracer_control_ws/src/tracer_ros/tracer_base/src/tracer_messenger.cpp:145:9:[m[K [01;31m[Kerror: [m[Ktemplate argument 1 is invalid
  145 |         [01;31m[KRCLCPP_ERROR[m[K(nh_->get_logger(), "Tracer pointer is null in PublishStateToROS");
      |         [01;31m[K^~~~~~~~~~~~[m[K
[01m[K/root/tracer_control_ws/src/tracer_ros/tracer_base/src/tracer_messenger.cpp:149:21:[m[K [01;31m[Kerror: [m[K‚Äò[01m[Knh_[m[K‚Äô was not declared in this scope
  149 |     current_time_ = [01;31m[Knh_[m[K->now();
      |                     [01;31m[K^~~[m[K
In file included from [01m[K/opt/ros/humble/include/rclcpp/rclcpp/client.hpp:40[m[K,
                 from [01m[K/opt/ros/humble/include/rclcpp/rclcpp/callback_group.hpp:24[m[K,
                 from [01m[K/opt/ros/humble/include/rclcpp/rclcpp/any_executable.hpp:20[m[K,
                 from [01m[K/opt/ros/humble/include/rclcpp/rclcpp/memory_strategy.hpp:25[m[K,
                 from [01m[K/opt/ros/humble/include/rclcpp/rclcpp/memory_strategies.hpp:18[m[K,
                 from [01m[K/opt/ros/humble/include/rclcpp/rclcpp/executor_options.hpp:20[m[K,
                 from [01m[K/opt/ros/humble/include/rclcpp/rclcpp/executor.hpp:37[m[K,
                 from [01m[K/opt/ros/humble/include/rclcpp/rclcpp/executors/multi_threaded_executor.hpp:25[m[K,
                 from [01m[K/opt/ros/humble/include/rclcpp/rclcpp/executors.hpp:21[m[K,
                 from [01m[K/opt/ros/humble/include/rclcpp/rclcpp/rclcpp.hpp:155[m[K,
                 from [01m[K/root/tracer_control_ws/src/tracer_ros/tracer_base/include/tracer_base/tracer_messenger.hpp:9[m[K,
                 from [01m[K/root/tracer_control_ws/src/tracer_ros/tracer_base/src/tracer_messenger.cpp:1[m[K:
[01m[K/root/tracer_control_ws/src/tracer_ros/tracer_base/src/tracer_messenger.cpp:155:9:[m[K [01;31m[Kerror: [m[Ktemplate argument 1 is invalid
  155 |         [01;31m[KRCLCPP_DEBUG[m[K(nh_->get_logger(), "First publish, skipping data");
      |         [01;31m[K^~~~~~~~~~~~[m[K
[01m[K/root/tracer_control_ws/src/tracer_ros/tracer_base/src/tracer_messenger.cpp:155:9:[m[K [01;31m[Kerror: [m[Ktemplate argument 1 is invalid
  155 |         [01;31m[KRCLCPP_DEBUG[m[K(nh_->get_logger(), "First publish, skipping data");
      |         [01;31m[K^~~~~~~~~~~~[m[K
[01m[K/root/tracer_control_ws/src/tracer_ros/tracer_base/src/tracer_messenger.cpp:155:9:[m[K [01;31m[Kerror: [m[Ktemplate argument 1 is invalid
  155 |         [01;31m[KRCLCPP_DEBUG[m[K(nh_->get_logger(), "First publish, skipping data");
      |         [01;31m[K^~~~~~~~~~~~[m[K
[01m[K/root/tracer_control_ws/src/tracer_ros/tracer_base/src/tracer_messenger.cpp:164:9:[m[K [01;31m[Kerror: [m[Ktemplate argument 1 is invalid
  164 |         [01;31m[KRCLCPP_WARN[m[K(nh_->get_logger(), "Invalid delta time: %.6f seconds, using safe value", dt);
      |         [01;31m[K^~~~~~~~~~~[m[K
[01m[K/root/tracer_control_ws/src/tracer_ros/tracer_base/src/tracer_messenger.cpp:164:9:[m[K [01;31m[Kerror: [m[Ktemplate argument 1 is invalid
  164 |         [01;31m[KRCLCPP_WARN[m[K(nh_->get_logger(), "Invalid delta time: %.6f seconds, using safe value", dt);
      |         [01;31m[K^~~~~~~~~~~[m[K
[01m[K/root/tracer_control_ws/src/tracer_ros/tracer_base/src/tracer_messenger.cpp:164:9:[m[K [01;31m[Kerror: [m[Ktemplate argument 1 is invalid
  164 |         [01;31m[KRCLCPP_WARN[m[K(nh_->get_logger(), "Invalid delta time: %.6f seconds, using safe value", dt);
      |         [01;31m[K^~~~~~~~~~~[m[K
[01m[K/root/tracer_control_ws/src/tracer_ros/tracer_base/src/tracer_messenger.cpp:180:13:[m[K [01;31m[Kerror: [m[Ktemplate argument 1 is invalid
  180 |             [01;31m[KRCLCPP_WARN_THROTTLE[m[K(nh_->get_logger(), *nh_->get_clock(), 5000,
      |             [01;31m[K^~~~~~~~~~~~~~~~~~~~[m[K
[01m[K/root/tracer_control_ws/src/tracer_ros/tracer_base/src/tracer_messenger.cpp:180:13:[m[K [01;31m[Kerror: [m[Ktemplate argument 1 is invalid
  180 |             [01;31m[KRCLCPP_WARN_THROTTLE[m[K(nh_->get_logger(), *nh_->get_clock(), 5000,
      |             [01;31m[K^~~~~~~~~~~~~~~~~~~~[m[K
[01m[K/root/tracer_control_ws/src/tracer_ros/tracer_base/src/tracer_messenger.cpp:180:13:[m[K [01;31m[Kerror: [m[Ktemplate argument 1 is invalid
  180 |             [01;31m[KRCLCPP_WARN_THROTTLE[m[K(nh_->get_logger(), *nh_->get_clock(), 5000,
      |             [01;31m[K^~~~~~~~~~~~~~~~~~~~[m[K
[01m[K/root/tracer_control_ws/src/tracer_ros/tracer_base/src/tracer_messenger.cpp:[m[K In lambda function:
[01m[K/root/tracer_control_ws/src/tracer_ros/tracer_base/src/tracer_messenger.cpp:180:13:[m[K [01;31m[Kerror: [m[K‚Äò[01m[Kc[m[K‚Äô was not declared in this scope
  180 |             [01;31m[KRCLCPP_WARN_THROTTLE[m[K(nh_->get_logger(), *nh_->get_clock(), 5000,
      |             [01;31m[K^~~~~~~~~~~~~~~~~~~~[m[K
[01m[K/root/tracer_control_ws/src/tracer_ros/tracer_base/src/tracer_messenger.cpp:[m[K In member function ‚Äò[01m[Kbool westonrobot::TracerROSMessenger::PublishStateToROS()[m[K‚Äô:
[01m[K/root/tracer_control_ws/src/tracer_ros/tracer_base/src/tracer_messenger.cpp:225:9:[m[K [01;31m[Kerror: [m[Ktemplate argument 1 is invalid
  225 |         [01;31m[KRCLCPP_DEBUG[m[K(nh_->get_logger(), "Published state successfully");
      |         [01;31m[K^~~~~~~~~~~~[m[K
[01m[K/root/tracer_control_ws/src/tracer_ros/tracer_base/src/tracer_messenger.cpp:225:9:[m[K [01;31m[Kerror: [m[Ktemplate argument 1 is invalid
  225 |         [01;31m[KRCLCPP_DEBUG[m[K(nh_->get_logger(), "Published state successfully");
      |         [01;31m[K^~~~~~~~~~~~[m[K
[01m[K/root/tracer_control_ws/src/tracer_ros/tracer_base/src/tracer_messenger.cpp:225:9:[m[K [01;31m[Kerror: [m[Ktemplate argument 1 is invalid
  225 |         [01;31m[KRCLCPP_DEBUG[m[K(nh_->get_logger(), "Published state successfully");
      |         [01;31m[K^~~~~~~~~~~~[m[K
[01m[K/root/tracer_control_ws/src/tracer_ros/tracer_base/src/tracer_messenger.cpp:228:9:[m[K [01;31m[Kerror: [m[Ktemplate argument 1 is invalid
  228 |         [01;31m[KRCLCPP_ERROR[m[K(nh_->get_logger(), "Error in PublishStateToROS: %s", e.what());
      |         [01;31m[K^~~~~~~~~~~~[m[K
[01m[K/root/tracer_control_ws/src/tracer_ros/tracer_base/src/tracer_messenger.cpp:228:9:[m[K [01;31m[Kerror: [m[Ktemplate argument 1 is invalid
  228 |         [01;31m[KRCLCPP_ERROR[m[K(nh_->get_logger(), "Error in PublishStateToROS: %s", e.what());
      |         [01;31m[K^~~~~~~~~~~~[m[K
[01m[K/root/tracer_control_ws/src/tracer_ros/tracer_base/src/tracer_messenger.cpp:228:9:[m[K [01;31m[Kerror: [m[Ktemplate argument 1 is invalid
  228 |         [01;31m[KRCLCPP_ERROR[m[K(nh_->get_logger(), "Error in PublishStateToROS: %s", e.what());
      |         [01;31m[K^~~~~~~~~~~~[m[K
[01m[K/root/tracer_control_ws/src/tracer_ros/tracer_base/src/tracer_messenger.cpp:231:9:[m[K [01;31m[Kerror: [m[Ktemplate argument 1 is invalid
  231 |         [01;31m[KRCLCPP_ERROR[m[K(nh_->get_logger(), "Unknown error in PublishStateToROS");
      |         [01;31m[K^~~~~~~~~~~~[m[K
[01m[K/root/tracer_control_ws/src/tracer_ros/tracer_base/src/tracer_messenger.cpp:231:9:[m[K [01;31m[Kerror: [m[Ktemplate argument 1 is invalid
  231 |         [01;31m[KRCLCPP_ERROR[m[K(nh_->get_logger(), "Unknown error in PublishStateToROS");
      |         [01;31m[K^~~~~~~~~~~~[m[K
[01m[K/root/tracer_control_ws/src/tracer_ros/tracer_base/src/tracer_messenger.cpp:231:9:[m[K [01;31m[Kerror: [m[Ktemplate argument 1 is invalid
  231 |         [01;31m[KRCLCPP_ERROR[m[K(nh_->get_logger(), "Unknown error in PublishStateToROS");
      |         [01;31m[K^~~~~~~~~~~~[m[K
[01m[K/root/tracer_control_ws/src/tracer_ros/tracer_base/src/tracer_messenger.cpp:[m[K In member function ‚Äò[01m[Kvoid westonrobot::TracerROSMessenger::PublishSimStateToROS(double, double)[m[K‚Äô:
[01m[K/root/tracer_control_ws/src/tracer_ros/tracer_base/src/tracer_messenger.cpp:243:21:[m[K [01;31m[Kerror: [m[K‚Äò[01m[Knh_[m[K‚Äô was not declared in this scope
  243 |     current_time_ = [01;31m[Knh_[m[K->now();
      |                     [01;31m[K^~~[m[K
In file included from [01m[K/opt/ros/humble/include/rclcpp/rclcpp/client.hpp:40[m[K,
                 from [01m[K/opt/ros/humble/include/rclcpp/rclcpp/callback_group.hpp:24[m[K,
                 from [01m[K/opt/ros/humble/include/rclcpp/rclcpp/any_executable.hpp:20[m[K,
                 from [01m[K/opt/ros/humble/include/rclcpp/rclcpp/memory_strategy.hpp:25[m[K,
                 from [01m[K/opt/ros/humble/include/rclcpp/rclcpp/memory_strategies.hpp:18[m[K,
                 from [01m[K/opt/ros/humble/include/rclcpp/rclcpp/executor_options.hpp:20[m[K,
                 from [01m[K/opt/ros/humble/include/rclcpp/rclcpp/executor.hpp:37[m[K,
                 from [01m[K/opt/ros/humble/include/rclcpp/rclcpp/executors/multi_threaded_executor.hpp:25[m[K,
                 from [01m[K/opt/ros/humble/include/rclcpp/rclcpp/executors.hpp:21[m[K,
                 from [01m[K/opt/ros/humble/include/rclcpp/rclcpp/rclcpp.hpp:155[m[K,
                 from [01m[K/root/tracer_control_ws/src/tracer_ros/tracer_base/include/tracer_base/tracer_messenger.hpp:9[m[K,
                 from [01m[K/root/tracer_control_ws/src/tracer_ros/tracer_base/src/tracer_messenger.cpp:1[m[K:
[01m[K/root/tracer_control_ws/src/tracer_ros/tracer_base/src/tracer_messenger.cpp:[m[K In member function ‚Äò[01m[Kbool westonrobot::TracerROSMessenger::AttemptReconnection(const string&)[m[K‚Äô:
[01m[K/root/tracer_control_ws/src/tracer_ros/tracer_base/src/tracer_messenger.cpp:268:22:[m[K [01;31m[Kerror: [m[K‚Äò[01m[Knh_[m[K‚Äô was not declared in this scope
  268 |         RCLCPP_ERROR([01;31m[Knh_[m[K->get_logger(), "AttemptReconnection: tracer_ is null");
      |                      [01;31m[K^~~[m[K
[01m[K/root/tracer_control_ws/src/tracer_ros/tracer_base/src/tracer_messenger.cpp:268:9:[m[K [01;31m[Kerror: [m[Ktemplate argument 1 is invalid
  268 |         [01;31m[KRCLCPP_ERROR[m[K(nh_->get_logger(), "AttemptReconnection: tracer_ is null");
      |         [01;31m[K^~~~~~~~~~~~[m[K
[01m[K/root/tracer_control_ws/src/tracer_ros/tracer_base/src/tracer_messenger.cpp:268:9:[m[K [01;31m[Kerror: [m[Ktemplate argument 1 is invalid
  268 |         [01;31m[KRCLCPP_ERROR[m[K(nh_->get_logger(), "AttemptReconnection: tracer_ is null");
      |         [01;31m[K^~~~~~~~~~~~[m[K
[01m[K/root/tracer_control_ws/src/tracer_ros/tracer_base/src/tracer_messenger.cpp:268:9:[m[K [01;31m[Kerror: [m[Ktemplate argument 1 is invalid
  268 |         [01;31m[KRCLCPP_ERROR[m[K(nh_->get_logger(), "AttemptReconnection: tracer_ is null");
      |         [01;31m[K^~~~~~~~~~~~[m[K
[01m[K/root/tracer_control_ws/src/tracer_ros/tracer_base/src/tracer_messenger.cpp:273:21:[m[K [01;31m[Kerror: [m[K‚Äò[01m[Knh_[m[K‚Äô was not declared in this scope
  273 |         RCLCPP_INFO([01;31m[Knh_[m[K->get_logger(), "Attempting to reconnect to port: %s", port_name.c_str());
      |                     [01;31m[K^~~[m[K
[01m[K/root/tracer_control_ws/src/tracer_ros/tracer_base/src/tracer_messenger.cpp:273:9:[m[K [01;31m[Kerror: [m[Ktemplate argument 1 is invalid
  273 |         [01;31m[KRCLCPP_INFO[m[K(nh_->get_logger(), "Attempting to reconnect to port: %s", port_name.c_str());
      |         [01;31m[K^~~~~~~~~~~[m[K
[01m[K/root/tracer_control_ws/src/tracer_ros/tracer_base/src/tracer_messenger.cpp:273:9:[m[K [01;31m[Kerror: [m[Ktemplate argument 1 is invalid
  273 |         [01;31m[KRCLCPP_INFO[m[K(nh_->get_logger(), "Attempting to reconnect to port: %s", port_name.c_str());
      |         [01;31m[K^~~~~~~~~~~[m[K
[01m[K/root/tracer_control_ws/src/tracer_ros/tracer_base/src/tracer_messenger.cpp:273:9:[m[K [01;31m[Kerror: [m[Ktemplate argument 1 is invalid
  273 |         [01;31m[KRCLCPP_INFO[m[K(nh_->get_logger(), "Attempting to reconnect to port: %s", port_name.c_str());
      |         [01;31m[K^~~~~~~~~~~[m[K
[01m[K/root/tracer_control_ws/src/tracer_ros/tracer_base/src/tracer_messenger.cpp:276:21:[m[K [01;31m[Kerror: [m[K‚Äò[01m[Knh_[m[K‚Äô was not declared in this scope
  276 |         RCLCPP_WARN([01;31m[Knh_[m[K->get_logger(), "Skipping Disconnect() - method not available");
      |                     [01;31m[K^~~[m[K
[01m[K/root/tracer_control_ws/src/tracer_ros/tracer_base/src/tracer_messenger.cpp:276:9:[m[K [01;31m[Kerror: [m[Ktemplate argument 1 is invalid
  276 |         [01;31m[KRCLCPP_WARN[m[K(nh_->get_logger(), "Skipping Disconnect() - method not available");
      |         [01;31m[K^~~~~~~~~~~[m[K
[01m[K/root/tracer_control_ws/src/tracer_ros/tracer_base/src/tracer_messenger.cpp:276:9:[m[K [01;31m[Kerror: [m[Ktemplate argument 1 is invalid
  276 |         [01;31m[KRCLCPP_WARN[m[K(nh_->get_logger(), "Skipping Disconnect() - method not available");
      |         [01;31m[K^~~~~~~~~~~[m[K
[01m[K/root/tracer_control_ws/src/tracer_ros/tracer_base/src/tracer_messenger.cpp:276:9:[m[K [01;31m[Kerror: [m[Ktemplate argument 1 is invalid
  276 |         [01;31m[KRCLCPP_WARN[m[K(nh_->get_logger(), "Skipping Disconnect() - method not available");
      |         [01;31m[K^~~~~~~~~~~[m[K
[01m[K/root/tracer_control_ws/src/tracer_ros/tracer_base/src/tracer_messenger.cpp:283:21:[m[K [01;31m[Kerror: [m[K‚Äò[01m[Knh_[m[K‚Äô was not declared in this scope
  283 |         RCLCPP_INFO([01;31m[Knh_[m[K->get_logger(), "Reconnection established");
      |                     [01;31m[K^~~[m[K
[01m[K/root/tracer_control_ws/src/tracer_ros/tracer_base/src/tracer_messenger.cpp:283:9:[m[K [01;31m[Kerror: [m[Ktemplate argument 1 is invalid
  283 |         [01;31m[KRCLCPP_INFO[m[K(nh_->get_logger(), "Reconnection established");
      |         [01;31m[K^~~~~~~~~~~[m[K
[01m[K/root/tracer_control_ws/src/tracer_ros/tracer_base/src/tracer_messenger.cpp:283:9:[m[K [01;31m[Kerror: [m[Ktemplate argument 1 is invalid
  283 |         [01;31m[KRCLCPP_INFO[m[K(nh_->get_logger(), "Reconnection established");
      |         [01;31m[K^~~~~~~~~~~[m[K
[01m[K/root/tracer_control_ws/src/tracer_ros/tracer_base/src/tracer_messenger.cpp:283:9:[m[K [01;31m[Kerror: [m[Ktemplate argument 1 is invalid
  283 |         [01;31m[KRCLCPP_INFO[m[K(nh_->get_logger(), "Reconnection established");
      |         [01;31m[K^~~~~~~~~~~[m[K
[01m[K/root/tracer_control_ws/src/tracer_ros/tracer_base/src/tracer_messenger.cpp:288:21:[m[K [01;31m[Kerror: [m[K‚Äò[01m[Knh_[m[K‚Äô was not declared in this scope
  288 |         RCLCPP_INFO([01;31m[Knh_[m[K->get_logger(), "Commanded mode enabled");
      |                     [01;31m[K^~~[m[K
[01m[K/root/tracer_control_ws/src/tracer_ros/tracer_base/src/tracer_messenger.cpp:288:9:[m[K [01;31m[Kerror: [m[Ktemplate argument 1 is invalid
  288 |         [01;31m[KRCLCPP_INFO[m[K(nh_->get_logger(), "Commanded mode enabled");
      |         [01;31m[K^~~~~~~~~~~[m[K
[01m[K/root/tracer_control_ws/src/tracer_ros/tracer_base/src/tracer_messenger.cpp:288:9:[m[K [01;31m[Kerror: [m[Ktemplate argument 1 is invalid
  288 |         [01;31m[KRCLCPP_INFO[m[K(nh_->get_logger(), "Commanded mode enabled");
      |         [01;31m[K^~~~~~~~~~~[m[K
[01m[K/root/tracer_control_ws/src/tracer_ros/tracer_base/src/tracer_messenger.cpp:288:9:[m[K [01;31m[Kerror: [m[Ktemplate argument 1 is invalid
  288 |         [01;31m[KRCLCPP_INFO[m[K(nh_->get_logger(), "Commanded mode enabled");
      |         [01;31m[K^~~~~~~~~~~[m[K
[01m[K/root/tracer_control_ws/src/tracer_ros/tracer_base/src/tracer_messenger.cpp:295:25:[m[K [01;31m[Kerror: [m[K‚Äò[01m[Knh_[m[K‚Äô was not declared in this scope
  295 |             RCLCPP_INFO([01;31m[Knh_[m[K->get_logger(), "Battery after reconnect: %.1fV",
      |                         [01;31m[K^~~[m[K
[01m[K/root/tracer_control_ws/src/tracer_ros/tracer_base/src/tracer_messenger.cpp:295:13:[m[K [01;31m[Kerror: [m[Ktemplate argument 1 is invalid
  295 |             [01;31m[KRCLCPP_INFO[m[K(nh_->get_logger(), "Battery after reconnect: %.1fV",
      |             [01;31m[K^~~~~~~~~~~[m[K
[01m[K/root/tracer_control_ws/src/tracer_ros/tracer_base/src/tracer_messenger.cpp:295:13:[m[K [01;31m[Kerror: [m[Ktemplate argument 1 is invalid
  295 |             [01;31m[KRCLCPP_INFO[m[K(nh_->get_logger(), "Battery after reconnect: %.1fV",
      |             [01;31m[K^~~~~~~~~~~[m[K
[01m[K/root/tracer_control_ws/src/tracer_ros/tracer_base/src/tracer_messenger.cpp:295:13:[m[K [01;31m[Kerror: [m[Ktemplate argument 1 is invalid
  295 |             [01;31m[KRCLCPP_INFO[m[K(nh_->get_logger(), "Battery after reconnect: %.1fV",
      |             [01;31m[K^~~~~~~~~~~[m[K
[01m[K/root/tracer_control_ws/src/tracer_ros/tracer_base/src/tracer_messenger.cpp:304:25:[m[K [01;31m[Kerror: [m[K‚Äò[01m[Knh_[m[K‚Äô was not declared in this scope
  304 |             RCLCPP_WARN([01;31m[Knh_[m[K->get_logger(), "Failed to read state after reconnect, assuming connected");
      |                         [01;31m[K^~~[m[K
[01m[K/root/tracer_control_ws/src/tracer_ros/tracer_base/src/tracer_messenger.cpp:304:13:[m[K [01;31m[Kerror: [m[Ktemplate argument 1 is invalid
  304 |             [01;31m[KRCLCPP_WARN[m[K(nh_->get_logger(), "Failed to read state after reconnect, assuming connected");
      |             [01;31m[K^~~~~~~~~~~[m[K
[01m[K/root/tracer_control_ws/src/tracer_ros/tracer_base/src/tracer_messenger.cpp:304:13:[m[K [01;31m[Kerror: [m[Ktemplate argument 1 is invalid
  304 |             [01;31m[KRCLCPP_WARN[m[K(nh_->get_logger(), "Failed to read state after reconnect, assuming connected");
      |             [01;31m[K^~~~~~~~~~~[m[K
[01m[K/root/tracer_control_ws/src/tracer_ros/tracer_base/src/tracer_messenger.cpp:304:13:[m[K [01;31m[Kerror: [m[Ktemplate argument 1 is invalid
  304 |             [01;31m[KRCLCPP_WARN[m[K(nh_->get_logger(), "Failed to read state after reconnect, assuming connected");
      |             [01;31m[K^~~~~~~~~~~[m[K
[01m[K/root/tracer_control_ws/src/tracer_ros/tracer_base/src/tracer_messenger.cpp:310:22:[m[K [01;31m[Kerror: [m[K‚Äò[01m[Knh_[m[K‚Äô was not declared in this scope
  310 |         RCLCPP_ERROR([01;31m[Knh_[m[K->get_logger(), "Reconnection failed: %s", e.what());
      |                      [01;31m[K^~~[m[K
[01m[K/root/tracer_control_ws/src/tracer_ros/tracer_base/src/tracer_messenger.cpp:310:9:[m[K [01;31m[Kerror: [m[Ktemplate argument 1 is invalid
  310 |         [01;31m[KRCLCPP_ERROR[m[K(nh_->get_logger(), "Reconnection failed: %s", e.what());
      |         [01;31m[K^~~~~~~~~~~~[m[K
[01m[K/root/tracer_control_ws/src/tracer_ros/tracer_base/src/tracer_messenger.cpp:310:9:[m[K [01;31m[Kerror: [m[Ktemplate argument 1 is invalid
  310 |         [01;31m[KRCLCPP_ERROR[m[K(nh_->get_logger(), "Reconnection failed: %s", e.what());
      |         [01;31m[K^~~~~~~~~~~~[m[K
[01m[K/root/tracer_control_ws/src/tracer_ros/tracer_base/src/tracer_messenger.cpp:310:9:[m[K [01;31m[Kerror: [m[Ktemplate argument 1 is invalid
  310 |         [01;31m[KRCLCPP_ERROR[m[K(nh_->get_logger(), "Reconnection failed: %s", e.what());
      |         [01;31m[K^~~~~~~~~~~~[m[K
gmake[2]: *** [CMakeFiles/tracer_messenger.dir/build.make:76: CMakeFiles/tracer_messenger.dir/src/tracer_messenger.cpp.o] Error 1
gmake[1]: *** [CMakeFiles/Makefile2:139: CMakeFiles/tracer_messenger.dir/all] Error 2
gmake: *** [Makefile:146: all] Error 2
